Log file open, 06/08/15 16:36:57
LogInit:Display: Running engine for game: MyProject
LogInit: Version: 4.7.3-2479750+++depot+UE4-Releases+4.7
LogInit: API Version: 2455222
LogInit: Compiled (64-bit): Mar 15 2015 23:20:45
LogInit: Compiled with Visual C++: 18.00.21005.01
LogInit: Build Configuration: Development
LogInit: Branch Name: ++depot+UE4-Releases+4.7
LogInit: Command line:  
LogInit: Base directory: D:/Program Files/Epic Games/4.7/Engine/Binaries/Win64/
LogInit: Rocket: 1
[2015.06.08-14.36.57:951][  0]LogTaskGraph: Started task graph with 3 named threads and 6 total threads.
[2015.06.08-14.36.58:008][  0]LogOnline:Warning: No default platform service specified for OnlineSubsystem
[2015.06.08-14.36.58:082][  0]LogInit: Presizing for 0 objects not considered by GC, pre-allocating 0 bytes.
[2015.06.08-14.36.58:181][  0]LogInit: Object subsystem initialized
[2015.06.08-14.36.58:285][  0]LogConsoleResponse:Warning: Skipping Unknown console variable: 'TranslucentSortAxis = (X=0.000000,Y=-1.000000,Z=0.000000)'
[2015.06.08-14.36.58:285][  0]LogConsoleResponse:Warning:   Found in ini file 'D:/GitHub/Test/MAP/MyProject/Saved/Config/Windows/Engine.ini', in section '[/Script/Engine.RendererSettings]'
[2015.06.08-14.36.58:285][  0]LogConsoleResponse:Warning: Skipping Unknown console variable: 'UIScaleRule = ShortestSide'
[2015.06.08-14.36.58:285][  0]LogConsoleResponse:Warning:   Found in ini file 'D:/GitHub/Test/MAP/MyProject/Saved/Config/Windows/Engine.ini', in section '[/Script/Engine.RendererSettings]'
[2015.06.08-14.36.58:285][  0]LogConsoleResponse:Warning: Skipping Unknown console variable: 'UIScaleCurve = (EditorCurveData=(Keys=),ExternalCurve=None)'
[2015.06.08-14.36.58:285][  0]LogConsoleResponse:Warning:   Found in ini file 'D:/GitHub/Test/MAP/MyProject/Saved/Config/Windows/Engine.ini', in section '[/Script/Engine.RendererSettings]'
[2015.06.08-14.36.58:314][  0]LogInit: Selected Device Profile: [Windows]
[2015.06.08-14.36.58:314][  0]LogInit: Applying CVar settings loaded from the selected device profile: [Windows]
[2015.06.08-14.36.58:380][  0]LogInit: Computer: USUARIO
[2015.06.08-14.36.58:380][  0]LogInit: User: Usuario
[2015.06.08-14.36.58:380][  0]LogInit: CPU Page size=4096, Cores=4
[2015.06.08-14.36.58:380][  0]LogInit: High frequency timer resolution =3.515644 MHz
[2015.06.08-14.36.58:380][  0]LogMemory: Memory total: Physical=15.9GB (16GB approx) Virtual=8192.0GB
[2015.06.08-14.36.58:380][  0]LogMemory: Platform Memory Stats for Windows
[2015.06.08-14.36.58:380][  0]LogMemory: Process Physical Memory: 48.59 MB used, 48.59 MB peak
[2015.06.08-14.36.58:380][  0]LogMemory: Process Virtual Memory: 28.85 MB used, 28.85 MB peak
[2015.06.08-14.36.58:380][  0]LogMemory: Physical Memory: 9654.18 MB used, 16327.09 MB total
[2015.06.08-14.36.58:380][  0]LogMemory: Virtual Memory: 278.73 MB used, 8388608.00 MB total
[2015.06.08-14.36.58:455][  0]LogD3D11RHI: Found D3D11 adapter 0: NVIDIA GeForce GTX 960 (Feature Level 11_0)
[2015.06.08-14.36.58:455][  0]LogD3D11RHI: Adapter has 1969MB of dedicated video memory, 0MB of dedicated system memory, and 2048MB of shared system memory, 2 output[s]
[2015.06.08-14.36.58:455][  0]LogD3D11RHI: Chosen D3D11 Adapter Id = 0
[2015.06.08-14.36.58:460][  0]LogRHI: Texture pool is 1361 MB (70% of 1945 MB)
[2015.06.08-14.36.58:467][  0]LogD3D11RHI: Async texture creation enabled
[2015.06.08-14.36.59:858][  0]LogTextLocalizationManager: The requested culture ('en_US') has no localization data; parent culture's ('es') localization data will be used.
[2015.06.08-14.37.00:056][  0]LogTextLocalizationManager:Warning: Loading localization resources contain conflicting entries for (Namespace:UICommands, Key:Save_ToolTip):
Resource: (D:/Program Files/Epic Games/4.7/Engine/Content/Localization/Editor/en/Editor.locres) Hash: (-29098895) String: (Saves the current level to disk)
Resource: (D:/Program Files/Epic Games/4.7/Engine/Content/Localization/Engine/en/Engine.locres) Hash: (-1280300587) String: (Save selected data to vlog file)
[2015.06.08-14.37.00:057][  0]LogTextLocalizationManager:Warning: Loading localization resources contain conflicting entries for (Namespace:ContentBrowser, Key:ImportAssetToolTip):
Resource: (D:/Program Files/Epic Games/4.7/Engine/Content/Localization/Editor/en/Editor.locres) Hash: (-630476809) String: (Import to {0}...)
Resource: (D:/Program Files/Epic Games/4.7/Engine/Content/Localization/Editor/en/Editor.locres) Hash: (1271782899) String: (Imports an asset from file to this folder.)
[2015.06.08-14.37.00:155][  0]LogContentStreaming: Texture pool size is 0.000000MB
[2015.06.08-14.37.04:569][  0]LogTargetPlatformManager:Display: Building Assets For Windows
[2015.06.08-14.37.05:548][  0]LogTargetPlatformManager:Display: Building Assets For Windows
[2015.06.08-14.37.05:649][  0]LogDerivedDataCache:Display: Max Cache Size: 512 MB
[2015.06.08-14.37.05:768][  0]LogDerivedDataCache: Loaded boot cache 0.12s 39MB C:/Users/Usuario/AppData/Local/UnrealEngine/4.7/DerivedDataCache/Boot.ddc.
[2015.06.08-14.37.05:768][  0]LogDerivedDataCache:Display: Loaded Boot cache: C:/Users/Usuario/AppData/Local/UnrealEngine/4.7/DerivedDataCache/Boot.ddc
[2015.06.08-14.37.05:768][  0]LogDerivedDataCache: FDerivedDataBackendGraph:  Pak pak cache file ../../../../../../GitHub/Test/MAP/MyProject/DerivedDataCache/DDC.ddp not found, will not use a pak cache.
[2015.06.08-14.37.05:768][  0]LogDerivedDataCache: Unable to find inner node Pak for hierarchical cache Hierarchy.
[2015.06.08-14.37.05:926][  0]LogDerivedDataCache:Display: Pak cache opened for reading ../../../Engine/DerivedDataCache/Compressed.ddp.
[2015.06.08-14.37.05:940][  0]LogDerivedDataCache: Using Local data cache path C:/Users/Usuario/AppData/Local/UnrealEngine/Common/DerivedDataCache: Writable
[2015.06.08-14.37.10:823][  0]LogMeshUtilities: No automatic mesh reduction module available
[2015.06.08-14.37.10:823][  0]LogMeshUtilities: No automatic mesh merging module available
[2015.06.08-14.37.13:210][  0]LogInit: WinSock: version 1.1 (2.2), MaxSocks=32767, MaxUdp=65467
[2015.06.08-14.37.13:428][  0]LogSlate:Warning: Failed to load font data from '../../../Engine/Content/Slate/Fonts/Roboto-Italic.ttf'
[2015.06.08-14.37.20:144][  0]UdpMessaging: Initializing bridge on interface 0.0.0.0:0 to multicast group 230.0.0.1:6666.
[2015.06.08-14.37.20:990][  0]SourceControl: Info Source control is disabled
[2015.06.08-14.37.21:026][  0]SourceControl: Info Source control is disabled
[2015.06.08-14.37.21:026][  0]SourceControl: Info Source control is disabled
[2015.06.08-14.37.21:035][  0]SourceControl: Info Source control is disabled
[2015.06.08-14.37.21:835][  0]LogObj: 24231 objects as part of root set at end of initial load.
[2015.06.08-14.37.21:835][  0]LogUObjectAllocator: 5136440 out of 0 bytes used by permanent object pool.
[2015.06.08-14.37.22:298][  0]LogEngine: Initializing Engine...
[2015.06.08-14.37.25:689][  0]LogInit: XAudio2 using 'Altavoces (2- Realtek High Definition Audio)' : 2 channels at 48 kHz using 32 bits per sample (channel mask 0x3)
[2015.06.08-14.37.25:717][  0]LogInit: FAudioDevice initialized.
[2015.06.08-14.37.26:232][  0]LogAIModule: Creating AISystem for world NewWorld
[2015.06.08-14.37.26:286][  0]LogDerivedDataCache: Saved boot cache 0.02s 39MB C:/Users/Usuario/AppData/Local/UnrealEngine/4.7/DerivedDataCache/Boot.ddc.
[2015.06.08-14.37.26:288][  0]LogInit: Texture streaming: Enabled
[2015.06.08-14.37.26:639][  0]LogAnalytics: Creating configured Analytics provider AnalyticsET
[2015.06.08-14.37.26:639][  0]LogAnalytics: ET APIKey = Rocket.Release. APIServer = http://et2.epicgames.com/ET2/. AppVersion = 4.7.3-2479750+++depot+UE4-Releases+4.7
[2015.06.08-14.37.26:639][  0]LogAnalytics: ET APIKey = Rocket.Release. DataRouterUploadURL = https://datarouter-public-service-gamedev.ol.epicgames.net/datarouter/api/v1/public/data. AppVersion = 4.7.3-2479750+++depot+UE4-Releases+4.7
[2015.06.08-14.37.26:639][  0]LogAnalytics: SetUserId ffccb74c4d5d6b80711c1ba3e8beea39|515bd2677bef470e89637780ff333106|5f73ccf3-b65c-43de-b49e-d0c9c20d3c76
[2015.06.08-14.37.26:655][  0]LogAnalytics: AnalyticsET::StartSession [Rocket.Release]
[2015.06.08-14.37.26:793][  0]LogInit: Transaction tracking system initialized
[2015.06.08-14.37.27:567][  0]BlueprintLog: New page: Editor Load
[2015.06.08-14.37.27:667][  0]LogAssetRegistry: FAssetRegistry took 0.0103 seconds to start up
[2015.06.08-14.37.27:673][  0]LogDirectoryWatcher:Warning: Failed to begin reading directory changes for ../../../Engine/Plugins/Experimental/CharacterAI/Content/. Error: 0
[2015.06.08-14.37.31:162][  0]LogTargetPlatformManager:Display: Building Assets For Windows
[2015.06.08-14.37.31:677][  0]LogTargetPlatformManager:Display: Building Assets For Windows
[2015.06.08-14.37.32:447][  0]LogSlate:Warning: Failed to load font data from '../../../Engine/Content/Editor/Slate/Fonts/Roboto-Regular.ttf'
[2015.06.08-14.37.32:447][  0]LogSlate:Warning: Failed to load font data from '../../../Engine/Content/Editor/Slate/Fonts/Roboto-Bold.ttf'
[2015.06.08-14.37.32:509][  0]LogConsoleResponse:Display: 
[2015.06.08-14.37.34:831][  0]LogCook:Display: Done creating registry. It took  0.00s.
[2015.06.08-14.37.38:827][  0]SourceControl: Info Source control is disabled
[2015.06.08-14.37.38:955][  0]Cmd: MAP LOAD FILE="../../../../../../GitHub/Test/MAP/MyProject/Content/FirstPersonBP/Maps/FirstPersonExampleMap.umap" TEMPLATE=0 SHOWPROGRESS=1 FEATURELEVEL=3
[2015.06.08-14.37.39:022][  0]LightingResults: New page: Lighting Build
[2015.06.08-14.37.39:170][  0]MapCheck: New page: Map Check
[2015.06.08-14.37.39:170][  0]LightingResults: New page: Lighting Build
[2015.06.08-14.37.39:293][  0]LogParticles: Destroying 0 GPU particle simulations for FXSystem 0x0000000003CC49A0
[2015.06.08-14.37.39:426][  0]LogLinker:Warning: Asset '../../../Engine/Content/EngineMeshes/Humanoid.uasset' has been saved with empty engine version. The asset will be loaded but may be incompatible.
[2015.06.08-14.37.42:266][  0]LogEditorServer: Finished looking for orphan Actors (0.000 secs)
[2015.06.08-14.37.43:726][  0]LogAIModule: Creating AISystem for world FirstPersonExampleMap
[2015.06.08-14.37.43:753][  0]Cmd: MAP CHECKDEP
[2015.06.08-14.37.43:759][  0]MapCheck: New page: FirstPersonExampleMap - Jun 8, 2015, 6:37:43 PM
[2015.06.08-14.37.43:855][  0]MapCheck: Info Map check complete: 0 Error(s), 0 Warning(s), took 101.846ms to complete.
[2015.06.08-14.37.43:855][  0]LogFileHelpers: Loading map 'FirstPersonExampleMap' took 4.949
[2015.06.08-14.37.44:919][  0]LogCollectionManager: Loaded 0 collections in 0.001446 seconds
[2015.06.08-14.37.44:927][  0]LogContentBrowser: Native class hierarchy populated in 0.0075 seconds. Added 1696 classes and 261 folders.
[2015.06.08-14.37.45:096][  0]LogContentBrowser: Native class hierarchy updated for 'SceneOutliner' in 0.0013 seconds. Added 1 classes and 2 folders.
[2015.06.08-14.37.45:596][  0]LogCrashTracker: Crashtracker disabled due to settings.
[2015.06.08-14.37.45:677][  0]LogSlate:Warning: Failed to load font data from 'Veranda'
[2015.06.08-14.37.45:719][  0]LogUObjectGlobals:Warning: Failed to find object 'Class None.'
[2015.06.08-14.37.45:813][  0]LogLoad: Full Startup: 55.42 seconds (BP compile: 0.83 seconds)
[2015.06.08-14.37.46:194][  0]LogContentBrowser:Verbose: The content browser source was changed by the sources view to '/Game/FirstPersonBP/Meshes'
[2015.06.08-14.37.46:727][  0]LogRenderer:Warning: Reallocating scene render targets to support 32x32 (Frame:2).
[2015.06.08-14.37.47:075][  0]LogRenderer:Warning: Reallocating scene render targets to support 1208x600 (Frame:3).
[2015.06.08-14.37.47:788][  3]LogAssetRegistry: Asset discovery search completed in 20.1315 seconds
[2015.06.08-14.39.14:731][481]LogContentBrowser:Verbose: The content browser source was changed by the sources view to '/Game/FirstPersonBP/Meshes'
[2015.06.08-14.41.06:650][816]BlueprintLog: New page: Compile NewBlueprint
[2015.06.08-14.41.06:655][816]LogBlueprint:Error: [compiler] Error This blueprint (self) is not a Actor, therefore ' Target ' must have a connection.
[2015.06.08-14.41.06:866][816]LogBlueprint:Warning: [compiler] Warning [0256.47] Compile of NewBlueprint failed. 1 Fatal Issue(s) 0 Warning(s) [in 215 ms]
[2015.06.08-14.41.06:866][816]BlueprintEditorCompileResults:Error: Error This blueprint (self) is not a Actor, therefore ' Target ' must have a connection.
[2015.06.08-14.41.06:866][816]BlueprintEditorCompileResults:Warning: Warning [0256.47] Compile of NewBlueprint failed. 1 Fatal Issue(s) 0 Warning(s) [in 215 ms]
[2015.06.08-14.41.07:396][868]Cmd: OBJ SAVEPACKAGE PACKAGE="/Game/FirstPersonBP/Meshes/NewBlueprint" FILE="../../../../../../GitHub/Test/MAP/MyProject/Content/FirstPersonBP/Meshes/NewBlueprint.uasset" SILENT=true
[2015.06.08-14.41.07:416][868]LogSavePackage: Save=18.537428ms
[2015.06.08-14.41.07:416][868]LogSavePackage: Moving '../../../../../../GitHub/Test/MAP/MyProject/Saved/NewBlueprint1ABB91104758ECA2F77C6E9BF3181743.tmp' to '../../../../../../GitHub/Test/MAP/MyProject/Content/FirstPersonBP/Meshes/NewBlueprint.uasset'
[2015.06.08-14.41.56:506][991]BlueprintLog: New page: Compile NewBlueprint
[2015.06.08-14.41.56:555][991]BlueprintEditorCompileResults: Info [0306.15] Compile of NewBlueprint successful! [in 49 ms]
[2015.06.08-14.42.10:462][192]BlueprintLog: New page: Compile NewBlueprint
[2015.06.08-14.42.10:509][192]BlueprintEditorCompileResults: Info [0320.11] Compile of NewBlueprint successful! [in 46 ms]
[2015.06.08-14.42.11:806][347]BlueprintLog: New page: Compile NewBlueprint
[2015.06.08-14.42.11:854][347]BlueprintEditorCompileResults: Info [0321.46] Compile of NewBlueprint successful! [in 48 ms]
[2015.06.08-14.42.26:477][473]LogEditorViewport: Clicking on Actor (LMB): StaticMeshActor (Cube03)
[2015.06.08-14.42.36:795][538]LogMetaData: Removing '/Game/FirstPersonBP/Meshes/rotaputo.SKEL_rotaputo_C' ref from Metadata '/Game/FirstPersonBP/Meshes/NewBlueprint.PackageMetaData'
[2015.06.08-14.42.36:795][538]LogMetaData: Removing '/Game/FirstPersonBP/Meshes/rotaputo.rotaputo_C' ref from Metadata '/Game/FirstPersonBP/Meshes/NewBlueprint.PackageMetaData'
[2015.06.08-14.42.36:795][538]LogMetaData: Removing '/Game/FirstPersonBP/Meshes/rotaputo.rotaputo:EventGraph.K2Node_Event_12' ref from Metadata '/Game/FirstPersonBP/Meshes/NewBlueprint.PackageMetaData'
[2015.06.08-14.42.36:795][538]LogMetaData: Removing '/Game/FirstPersonBP/Meshes/rotaputo.rotaputo:EventGraph.K2Node_Event_13' ref from Metadata '/Game/FirstPersonBP/Meshes/NewBlueprint.PackageMetaData'
[2015.06.08-14.42.36:870][538]Cmd: OBJ SAVEPACKAGE PACKAGE="/Game/FirstPersonBP/Meshes/rotaputo" FILE="../../../../../../GitHub/Test/MAP/MyProject/Content/FirstPersonBP/Meshes/rotaputo.uasset" SILENT=true
[2015.06.08-14.42.36:881][538]LogSavePackage: Save=9.728801ms
[2015.06.08-14.42.36:881][538]LogSavePackage: Moving '../../../../../../GitHub/Test/MAP/MyProject/Saved/rotaputo9D54D4BC460A25447BB20AAEC9230D06.tmp' to '../../../../../../GitHub/Test/MAP/MyProject/Content/FirstPersonBP/Meshes/rotaputo.uasset'
[2015.06.08-14.42.43:694][265]LogPlayLevel: PIE:  No blueprints needed recompiling
[2015.06.08-14.42.43:694][265]PIE: New page: SIE session: FirstPersonExampleMap (Jun 8, 2015, 6:42:43 PM)
[2015.06.08-14.42.43:713][265]LogPlayLevel: PIE: StaticDuplicateObject took: (0.018573s)
[2015.06.08-14.42.43:714][265]LogPlayLevel: PIE: World Init took: (0.000571s)
[2015.06.08-14.42.43:714][265]LogPlayLevel: PIE: Created PIE world by copying editor world from /Game/FirstPersonBP/Maps/FirstPersonExampleMap.FirstPersonExampleMap to /Game/FirstPersonBP/Maps/UEDPIE_0_FirstPersonExampleMap.FirstPersonExampleMap (0.019329s)
[2015.06.08-14.42.43:714][265]LogSelection:Warning: PIE object was selected: "StaticMeshActor /Game/FirstPersonBP/Maps/UEDPIE_0_FirstPersonExampleMap.FirstPersonExampleMap:PersistentLevel.Cube03"
[2015.06.08-14.42.43:903][265]LogWorld: Game class is 'FirstPersonGameMode_C'
[2015.06.08-14.42.44:000][265]LogAIModule: Creating AISystem for world FirstPersonExampleMap
[2015.06.08-14.42.44:006][265]LogWorld: Bringing World /Game/FirstPersonBP/Maps/UEDPIE_0_FirstPersonExampleMap.FirstPersonExampleMap up for play (max tick rate 0) at 2015.06.08-16.42.44
[2015.06.08-14.42.44:022][265]LogWorld: Bringing up level for play took: 0.022001
[2015.06.08-14.42.44:039][265]PIE: Info Play in editor start time for /Game/FirstPersonBP/Maps/UEDPIE_0_FirstPersonExampleMap 0.744
[2015.06.08-14.42.44:066][265]LogSelection:Warning: PIE object was selected: "StaticMeshActor /Game/FirstPersonBP/Maps/UEDPIE_0_FirstPersonExampleMap.FirstPersonExampleMap:PersistentLevel.Cube03"
[2015.06.08-14.42.47:834][640]Cmd: SELECT NONE
[2015.06.08-14.42.53:342][190]LogParticles: Destroying 0 GPU particle simulations for FXSystem 0x000000000D5E4860
[2015.06.08-14.42.58:155][667]Cmd: CAMERA ALIGN ACTIVEVIEWPORTONLY
[2015.06.08-14.43.00:568][948]Cmd: SELECT NONE
[2015.06.08-14.43.01:913][101]LogPlayLevel: PIE:  No blueprints needed recompiling
[2015.06.08-14.43.01:914][101]PIE: New page: SIE session: FirstPersonExampleMap (Jun 8, 2015, 6:43:01 PM)
[2015.06.08-14.43.01:935][101]LogPlayLevel: PIE: StaticDuplicateObject took: (0.021281s)
[2015.06.08-14.43.01:936][101]LogPlayLevel: PIE: World Init took: (0.000707s)
[2015.06.08-14.43.01:936][101]LogPlayLevel: PIE: Created PIE world by copying editor world from /Game/FirstPersonBP/Maps/FirstPersonExampleMap.FirstPersonExampleMap to /Game/FirstPersonBP/Maps/UEDPIE_0_FirstPersonExampleMap.FirstPersonExampleMap (0.022216s)
[2015.06.08-14.43.01:967][101]LogWorld: Game class is 'FirstPersonGameMode_C'
[2015.06.08-14.43.01:969][101]LogAIModule: Creating AISystem for world FirstPersonExampleMap
[2015.06.08-14.43.01:975][101]LogWorld: Bringing World /Game/FirstPersonBP/Maps/UEDPIE_0_FirstPersonExampleMap.FirstPersonExampleMap up for play (max tick rate 0) at 2015.06.08-16.43.01
[2015.06.08-14.43.01:975][101]LogWorld: Bringing up level for play took: 0.005987
[2015.06.08-14.43.01:976][101]PIE: Info Play in editor start time for /Game/FirstPersonBP/Maps/UEDPIE_0_FirstPersonExampleMap 0.681
[2015.06.08-14.43.06:315][496]LogParticles: Destroying 0 GPU particle simulations for FXSystem 0x000000000DF05440
[2015.06.08-14.43.07:544][639]LogEditorViewport: Clicking on Actor (LMB): StaticMeshActor (LargeCube2)
[2015.06.08-14.43.16:234][618]LogEditorViewport: Clicking on Actor (LMB): StaticMeshActor (Floor2)
[2015.06.08-14.43.17:061][706]LogPlayLevel: PIE:  No blueprints needed recompiling
[2015.06.08-14.43.17:061][706]PIE: New page: SIE session: FirstPersonExampleMap (Jun 8, 2015, 6:43:17 PM)
[2015.06.08-14.43.17:080][706]LogPlayLevel: PIE: StaticDuplicateObject took: (0.018135s)
[2015.06.08-14.43.17:080][706]LogPlayLevel: PIE: World Init took: (0.000649s)
[2015.06.08-14.43.17:081][706]LogPlayLevel: PIE: Created PIE world by copying editor world from /Game/FirstPersonBP/Maps/FirstPersonExampleMap.FirstPersonExampleMap to /Game/FirstPersonBP/Maps/UEDPIE_0_FirstPersonExampleMap.FirstPersonExampleMap (0.018974s)
[2015.06.08-14.43.17:081][706]LogSelection:Warning: PIE object was selected: "StaticMeshActor /Game/FirstPersonBP/Maps/UEDPIE_0_FirstPersonExampleMap.FirstPersonExampleMap:PersistentLevel.Floor2"
[2015.06.08-14.43.17:117][706]LogWorld: Game class is 'FirstPersonGameMode_C'
[2015.06.08-14.43.17:119][706]LogAIModule: Creating AISystem for world FirstPersonExampleMap
[2015.06.08-14.43.17:125][706]LogWorld: Bringing World /Game/FirstPersonBP/Maps/UEDPIE_0_FirstPersonExampleMap.FirstPersonExampleMap up for play (max tick rate 0) at 2015.06.08-16.43.17
[2015.06.08-14.43.17:125][706]LogWorld: Bringing up level for play took: 0.005849
[2015.06.08-14.43.17:127][706]PIE: Info Play in editor start time for /Game/FirstPersonBP/Maps/UEDPIE_0_FirstPersonExampleMap -0.169
[2015.06.08-14.43.17:143][706]LogSelection:Warning: PIE object was selected: "StaticMeshActor /Game/FirstPersonBP/Maps/UEDPIE_0_FirstPersonExampleMap.FirstPersonExampleMap:PersistentLevel.Floor2"
[2015.06.08-14.43.19:476][909]LogEditorViewport: Clicking on Actor (LMB): StaticMeshActor (BigWall)
[2015.06.08-14.43.19:476][909]LogSelection:Warning: PIE object was selected: "StaticMeshActor /Game/FirstPersonBP/Maps/UEDPIE_0_FirstPersonExampleMap.FirstPersonExampleMap:PersistentLevel.BigWall"
[2015.06.08-14.43.22:540][181]LogEditorViewport: Clicking on Actor (LMB): StaticMeshActor (Cube04)
[2015.06.08-14.43.22:540][181]LogSelection:Warning: PIE object was selected: "StaticMeshActor /Game/FirstPersonBP/Maps/UEDPIE_0_FirstPersonExampleMap.FirstPersonExampleMap:PersistentLevel.Cube04"
[2015.06.08-14.43.23:558][259]Cmd: SELECT NONE
[2015.06.08-14.43.24:445][345]LogParticles: Destroying 0 GPU particle simulations for FXSystem 0x00000000215C7E20
[2015.06.08-14.43.25:081][421]LogEditorViewport: Clicking on Actor (LMB): StaticMeshActor (Cube04)
[2015.06.08-14.43.56:403][984]LogPlayLevel: PIE:  No blueprints needed recompiling
[2015.06.08-14.43.56:403][984]PIE: New page: SIE session: FirstPersonExampleMap (Jun 8, 2015, 6:43:56 PM)
[2015.06.08-14.43.56:423][984]LogPlayLevel: PIE: StaticDuplicateObject took: (0.019413s)
[2015.06.08-14.43.56:424][984]LogPlayLevel: PIE: World Init took: (0.000759s)
[2015.06.08-14.43.56:424][984]LogPlayLevel: PIE: Created PIE world by copying editor world from /Game/FirstPersonBP/Maps/FirstPersonExampleMap.FirstPersonExampleMap to /Game/FirstPersonBP/Maps/UEDPIE_0_FirstPersonExampleMap.FirstPersonExampleMap (0.020382s)
[2015.06.08-14.43.56:425][984]LogSelection:Warning: PIE object was selected: "StaticMeshActor /Game/FirstPersonBP/Maps/UEDPIE_0_FirstPersonExampleMap.FirstPersonExampleMap:PersistentLevel.Cube04"
[2015.06.08-14.43.56:454][984]LogWorld: Game class is 'FirstPersonGameMode_C'
[2015.06.08-14.43.56:456][984]LogAIModule: Creating AISystem for world FirstPersonExampleMap
[2015.06.08-14.43.56:461][984]LogWorld: Bringing World /Game/FirstPersonBP/Maps/UEDPIE_0_FirstPersonExampleMap.FirstPersonExampleMap up for play (max tick rate 0) at 2015.06.08-16.43.56
[2015.06.08-14.43.56:462][984]LogWorld: Bringing up level for play took: 0.005890
[2015.06.08-14.43.56:463][984]PIE: Info Play in editor start time for /Game/FirstPersonBP/Maps/UEDPIE_0_FirstPersonExampleMap -0.832
[2015.06.08-14.43.56:482][984]LogSelection:Warning: PIE object was selected: "StaticMeshActor /Game/FirstPersonBP/Maps/UEDPIE_0_FirstPersonExampleMap.FirstPersonExampleMap:PersistentLevel.Cube04"
[2015.06.08-14.43.58:197][153]Cmd: SELECT NONE
[2015.06.08-14.43.59:290][260]LogParticles: Destroying 0 GPU particle simulations for FXSystem 0x000000006F95AA20
[2015.06.08-14.44.30:238][758]BlueprintLog: New page: Compile rotaputo
[2015.06.08-14.44.30:289][758]BlueprintEditorCompileResults: Info [0459.89] Compile of rotaputo successful! [in 50 ms]
[2015.06.08-14.44.30:940][835]BlueprintLog: New page: Compile rotaputo
[2015.06.08-14.44.30:989][835]BlueprintEditorCompileResults: Info [0460.59] Compile of rotaputo successful! [in 48 ms]
[2015.06.08-14.44.32:690][ 36]LogPlayLevel: PIE:  No blueprints needed recompiling
[2015.06.08-14.44.32:690][ 36]PIE: New page: SIE session: FirstPersonExampleMap (Jun 8, 2015, 6:44:32 PM)
[2015.06.08-14.44.32:709][ 36]LogPlayLevel: PIE: StaticDuplicateObject took: (0.018914s)
[2015.06.08-14.44.32:710][ 36]LogPlayLevel: PIE: World Init took: (0.000638s)
[2015.06.08-14.44.32:710][ 36]LogPlayLevel: PIE: Created PIE world by copying editor world from /Game/FirstPersonBP/Maps/FirstPersonExampleMap.FirstPersonExampleMap to /Game/FirstPersonBP/Maps/UEDPIE_0_FirstPersonExampleMap.FirstPersonExampleMap (0.019723s)
[2015.06.08-14.44.32:711][ 36]LogSelection:Warning: PIE object was selected: "StaticMeshActor /Game/FirstPersonBP/Maps/UEDPIE_0_FirstPersonExampleMap.FirstPersonExampleMap:PersistentLevel.Cube04"
[2015.06.08-14.44.32:747][ 36]LogWorld: Game class is 'FirstPersonGameMode_C'
[2015.06.08-14.44.32:748][ 36]LogAIModule: Creating AISystem for world FirstPersonExampleMap
[2015.06.08-14.44.32:754][ 36]LogWorld: Bringing World /Game/FirstPersonBP/Maps/UEDPIE_0_FirstPersonExampleMap.FirstPersonExampleMap up for play (max tick rate 0) at 2015.06.08-16.44.32
[2015.06.08-14.44.32:755][ 36]LogWorld: Bringing up level for play took: 0.006154
[2015.06.08-14.44.32:756][ 36]PIE: Info Play in editor start time for /Game/FirstPersonBP/Maps/UEDPIE_0_FirstPersonExampleMap -0.539
[2015.06.08-14.44.32:772][ 36]LogSelection:Warning: PIE object was selected: "StaticMeshActor /Game/FirstPersonBP/Maps/UEDPIE_0_FirstPersonExampleMap.FirstPersonExampleMap:PersistentLevel.Cube04"
[2015.06.08-14.44.35:842][311]Cmd: SELECT NONE
[2015.06.08-14.44.36:652][388]LogParticles: Destroying 0 GPU particle simulations for FXSystem 0x00000000215C7420
[2015.06.08-14.44.37:887][532]LogPlayLevel: PIE:  No blueprints needed recompiling
[2015.06.08-14.44.37:887][532]PIE: New page: SIE session: FirstPersonExampleMap (Jun 8, 2015, 6:44:37 PM)
[2015.06.08-14.44.37:905][532]LogPlayLevel: PIE: StaticDuplicateObject took: (0.018554s)
[2015.06.08-14.44.37:906][532]LogPlayLevel: PIE: World Init took: (0.000751s)
[2015.06.08-14.44.37:906][532]LogPlayLevel: PIE: Created PIE world by copying editor world from /Game/FirstPersonBP/Maps/FirstPersonExampleMap.FirstPersonExampleMap to /Game/FirstPersonBP/Maps/UEDPIE_0_FirstPersonExampleMap.FirstPersonExampleMap (0.019524s)
[2015.06.08-14.44.37:907][532]LogSelection:Warning: PIE object was selected: "StaticMeshActor /Game/FirstPersonBP/Maps/UEDPIE_0_FirstPersonExampleMap.FirstPersonExampleMap:PersistentLevel.Cube04"
[2015.06.08-14.44.37:940][532]LogWorld: Game class is 'FirstPersonGameMode_C'
[2015.06.08-14.44.37:942][532]LogAIModule: Creating AISystem for world FirstPersonExampleMap
[2015.06.08-14.44.37:949][532]LogWorld: Bringing World /Game/FirstPersonBP/Maps/UEDPIE_0_FirstPersonExampleMap.FirstPersonExampleMap up for play (max tick rate 0) at 2015.06.08-16.44.37
[2015.06.08-14.44.37:950][532]LogWorld: Bringing up level for play took: 0.007175
[2015.06.08-14.44.37:951][532]PIE: Info Play in editor start time for /Game/FirstPersonBP/Maps/UEDPIE_0_FirstPersonExampleMap 0.655
[2015.06.08-14.44.37:967][532]LogSelection:Warning: PIE object was selected: "StaticMeshActor /Game/FirstPersonBP/Maps/UEDPIE_0_FirstPersonExampleMap.FirstPersonExampleMap:PersistentLevel.Cube04"
[2015.06.08-14.44.38:759][605]Cmd: SELECT NONE
[2015.06.08-14.44.41:256][889]LogParticles: Destroying 0 GPU particle simulations for FXSystem 0x00000000215C65C0
[2015.06.08-14.44.42:746][ 61]LogPlayLevel: PIE:  No blueprints needed recompiling
[2015.06.08-14.44.42:746][ 61]PIE: New page: PIE session: FirstPersonExampleMap (Jun 8, 2015, 6:44:42 PM)
[2015.06.08-14.44.42:764][ 61]LogPlayLevel: PIE: StaticDuplicateObject took: (0.017776s)
[2015.06.08-14.44.42:764][ 61]LogPlayLevel: PIE: World Init took: (0.000620s)
[2015.06.08-14.44.42:765][ 61]LogPlayLevel: PIE: Created PIE world by copying editor world from /Game/FirstPersonBP/Maps/FirstPersonExampleMap.FirstPersonExampleMap to /Game/FirstPersonBP/Maps/UEDPIE_0_FirstPersonExampleMap.FirstPersonExampleMap (0.018558s)
[2015.06.08-14.44.42:800][ 61]LogWorld: Game class is 'FirstPersonGameMode_C'
[2015.06.08-14.44.42:801][ 61]LogAIModule: Creating AISystem for world FirstPersonExampleMap
[2015.06.08-14.44.42:807][ 61]LogWorld: Bringing World /Game/FirstPersonBP/Maps/UEDPIE_0_FirstPersonExampleMap.FirstPersonExampleMap up for play (max tick rate 0) at 2015.06.08-16.44.42
[2015.06.08-14.44.42:808][ 61]LogWorld: Bringing up level for play took: 0.006216
[2015.06.08-14.44.42:833][ 61]PIE: Info Play in editor start time for /Game/FirstPersonBP/Maps/UEDPIE_0_FirstPersonExampleMap -0.462
[2015.06.08-14.44.50:000][910]LogCharacterMovement: FirstPersonCharacter_18 is stuck and failed to move!
[2015.06.08-14.44.50:009][911]LogCharacterMovement: FirstPersonCharacter_18 is stuck and failed to move!
[2015.06.08-14.44.50:017][912]LogCharacterMovement: FirstPersonCharacter_18 is stuck and failed to move!
[2015.06.08-14.44.50:025][913]LogCharacterMovement: FirstPersonCharacter_18 is stuck and failed to move!
[2015.06.08-14.44.50:034][914]LogCharacterMovement: FirstPersonCharacter_18 is stuck and failed to move!
[2015.06.08-14.44.50:042][915]LogCharacterMovement: FirstPersonCharacter_18 is stuck and failed to move!
[2015.06.08-14.44.51:535][ 94]LogCharacterMovement: FirstPersonCharacter_18 is stuck and failed to move!
[2015.06.08-14.44.51:543][ 95]LogCharacterMovement: FirstPersonCharacter_18 is stuck and failed to move!
[2015.06.08-14.44.51:551][ 96]LogCharacterMovement: FirstPersonCharacter_18 is stuck and failed to move!
[2015.06.08-14.44.51:560][ 97]LogCharacterMovement: FirstPersonCharacter_18 is stuck and failed to move!
[2015.06.08-14.44.51:568][ 98]LogCharacterMovement: FirstPersonCharacter_18 is stuck and failed to move!
[2015.06.08-14.45.16:936][128]LogParticles: Destroying 0 GPU particle simulations for FXSystem 0x000000006F4E7F60
[2015.06.08-14.45.18:517][299]LogRenderer:Warning: Reallocating scene render targets to support 1328x688 (Frame:16951).
[2015.06.08-14.45.18:583][300]LogRenderer:Warning: Reallocating scene render targets to support 1920x1080 (Frame:16953).
[2015.06.08-14.45.24:015][866]LogD3D11RHI:Warning: Temp texture streaming buffer not large enough, needed 8388608 bytes
[2015.06.08-14.45.25:204][980]LogD3D11RHI:Warning: Temp texture streaming buffer not large enough, needed 8388608 bytes
[2015.06.08-14.45.30:324][300]LogSavePackage: Save=2050.448486ms
[2015.06.08-14.45.30:324][300]LogSavePackage: Moving '../../../../../../GitHub/Test/MAP/MyProject/Saved/FirstPersonExampleMap571C1DFE498B715BEF87FDA3F2318986.tmp' to '../../../../../../GitHub/Test/MAP/MyProject/Content/FirstPersonBP/Maps/FirstPersonExampleMap.umap'
[2015.06.08-14.45.30:413][300]LogFileHelpers: Saving map 'FirstPersonExampleMap' took 2.253
[2015.06.08-14.45.30:417][300]Cmd: OBJ SAVEPACKAGE PACKAGE="/Game/FirstPersonBP/Meshes/rotaputo" FILE="../../../../../../GitHub/Test/MAP/MyProject/Content/FirstPersonBP/Meshes/rotaputo.uasset" SILENT=true
[2015.06.08-14.45.30:432][300]LogSavePackage: Save=12.197765ms
[2015.06.08-14.45.30:432][300]LogSavePackage: Moving '../../../../../../GitHub/Test/MAP/MyProject/Saved/rotaputo06D5401B47606EE7F50D2F8AB20ED91B.tmp' to '../../../../../../GitHub/Test/MAP/MyProject/Content/FirstPersonBP/Meshes/rotaputo.uasset'
[2015.06.08-14.45.32:447][479]Cmd: QUIT_EDITOR
[2015.06.08-14.45.32:700][479]LogExit: Preparing to exit.
[2015.06.08-14.45.33:357][479]LogExit: Editor shut down
[2015.06.08-14.45.33:358][479]LogExit: Transaction tracking system shut down
[2015.06.08-14.45.33:359][479]LogParticles: Destroying 0 GPU particle simulations for FXSystem 0x0000000010E3DEE0
[2015.06.08-14.45.33:359][479]LogParticles: Destroying 0 GPU particle simulations for FXSystem 0x0000000022BAEFC0
[2015.06.08-14.45.33:359][479]LogParticles: Destroying 0 GPU particle simulations for FXSystem 0x000000004F056A20
[2015.06.08-14.45.33:359][479]LogParticles: Destroying 0 GPU particle simulations for FXSystem 0x00000000497D8E00
[2015.06.08-14.45.33:359][479]LogParticles: Destroying 0 GPU particle simulations for FXSystem 0x0000000049FB1080
[2015.06.08-14.45.33:359][479]LogParticles: Destroying 0 GPU particle simulations for FXSystem 0x0000000022D516C0
[2015.06.08-14.45.33:661][479]LogExit: Object subsystem successfully closed.
[2015.06.08-14.45.33:799][479]LogModuleManager: Shutting down and abandoning module CrashTracker (177)
[2015.06.08-14.45.33:799][479]LogModuleManager: Shutting down and abandoning module SuperSearch (176)
[2015.06.08-14.45.33:799][479]LogModuleManager: Shutting down and abandoning module SceneOutliner (175)
[2015.06.08-14.45.33:799][479]LogModuleManager: Shutting down and abandoning module EditorWidgets (174)
[2015.06.08-14.45.33:799][479]LogModuleManager: Shutting down and abandoning module CollectionManager (173)
[2015.06.08-14.45.33:807][479]LogModuleManager: Shutting down and abandoning module StatsViewer (172)
[2015.06.08-14.45.33:807][479]LogModuleManager: Shutting down and abandoning module FoliageEdit (171)
[2015.06.08-14.45.33:807][479]LogModuleManager: Shutting down and abandoning module LandscapeEditor (170)
[2015.06.08-14.45.33:810][479]LogModuleManager: Shutting down and abandoning module MeshPaint (169)
[2015.06.08-14.45.33:810][479]LogModuleManager: Shutting down and abandoning module ActorPickerMode (168)
[2015.06.08-14.45.33:810][479]LogModuleManager: Shutting down and abandoning module GeometryMode (167)
[2015.06.08-14.45.33:810][479]LogModuleManager: Shutting down and abandoning module TextureAlignMode (166)
[2015.06.08-14.45.33:810][479]LogModuleManager: Shutting down and abandoning module BspMode (165)
[2015.06.08-14.45.33:810][479]LogModuleManager: Shutting down and abandoning module PlacementMode (164)
[2015.06.08-14.45.33:810][479]LogModuleManager: Shutting down and abandoning module AutomationWorker (163)
[2015.06.08-14.45.33:810][479]LogModuleManager: Shutting down and abandoning module CharacterAI (162)
[2015.06.08-14.45.33:810][479]LogModuleManager: Shutting down and abandoning module SmartSnapping (161)
[2015.06.08-14.45.33:810][479]LogModuleManager: Shutting down and abandoning module ViewportSnapping (160)
[2015.06.08-14.45.33:811][479]LogModuleManager: Shutting down and abandoning module LogVisualizer (159)
[2015.06.08-14.45.33:811][479]LogModuleManager: Shutting down and abandoning module GameProjectGeneration (158)
[2015.06.08-14.45.33:826][479]LogModuleManager: Shutting down and abandoning module IntroTutorials (157)
[2015.06.08-14.45.33:837][479]LogModuleManager: Shutting down and abandoning module EditorLiveStreaming (156)
[2015.06.08-14.45.33:837][479]LogModuleManager: Shutting down and abandoning module HardwareTargeting (155)
[2015.06.08-14.45.33:837][479]LogModuleManager: Shutting down and abandoning module DeviceProfileEditor (154)
[2015.06.08-14.45.33:837][479]LogModuleManager: Shutting down and abandoning module UndoHistory (153)
[2015.06.08-14.45.33:837][479]LogModuleManager: Shutting down and abandoning module GameplayTagsEditor (152)
[2015.06.08-14.45.33:837][479]LogModuleManager: Shutting down and abandoning module UserFeedback (151)
[2015.06.08-14.45.33:837][479]LogModuleManager: Shutting down and abandoning module XmlParser (150)
[2015.06.08-14.45.33:837][479]LogModuleManager: Shutting down and abandoning module Blutility (149)
[2015.06.08-14.45.33:837][479]LogModuleManager: Shutting down and abandoning module IOSPlatformEditor (148)
[2015.06.08-14.45.33:837][479]LogModuleManager: Shutting down and abandoning module IOSRuntimeSettings (147)
[2015.06.08-14.45.33:837][479]LogModuleManager: Shutting down and abandoning module AndroidDeviceDetection (146)
[2015.06.08-14.45.34:809][479]LogModuleManager: Shutting down and abandoning module AndroidPlatformEditor (145)
[2015.06.08-14.45.34:809][479]LogModuleManager: Shutting down and abandoning module AndroidRuntimeSettings (144)
[2015.06.08-14.45.34:809][479]LogModuleManager: Shutting down and abandoning module ProjectTargetPlatformEditor (143)
[2015.06.08-14.45.34:809][479]LogModuleManager: Shutting down and abandoning module ProjectSettingsViewer (142)
[2015.06.08-14.45.34:809][479]LogModuleManager: Shutting down and abandoning module InputBindingEditor (141)
[2015.06.08-14.45.34:809][479]LogModuleManager: Shutting down and abandoning module EditorSettingsViewer (140)
[2015.06.08-14.45.34:809][479]LogModuleManager: Shutting down and abandoning module SettingsEditor (139)
[2015.06.08-14.45.34:817][479]LogModuleManager: Shutting down and abandoning module ProjectLauncher (138)
[2015.06.08-14.45.34:817][479]LogModuleManager: Shutting down and abandoning module SessionFrontend (137)
[2015.06.08-14.45.34:817][479]LogModuleManager: Shutting down and abandoning module ProfilerClient (136)
[2015.06.08-14.45.34:839][479]LogModuleManager: Shutting down and abandoning module TargetDeviceServices (135)
[2015.06.08-14.45.34:840][479]LogModuleManager: Shutting down and abandoning module DeviceManager (134)
[2015.06.08-14.45.34:840][479]LogModuleManager: Shutting down and abandoning module AutomationController (133)
[2015.06.08-14.45.34:840][479]LogModuleManager: Shutting down and abandoning module AutomationWindow (132)
[2015.06.08-14.45.34:860][479]LogModuleManager: Shutting down and abandoning module Layers (131)
[2015.06.08-14.45.34:942][479]LogModuleManager: Shutting down and abandoning module ComponentVisualizers (130)
[2015.06.08-14.45.34:942][479]LogModuleManager: Shutting down and abandoning module DetailCustomizations (129)
[2015.06.08-14.45.34:942][479]LogModuleManager: Shutting down and abandoning module PackagesDialog (128)
[2015.06.08-14.45.34:942][479]LogModuleManager: Shutting down and abandoning module AssetRegistry (127)
[2015.06.08-14.45.34:995][479]LogModuleManager: Shutting down and abandoning module Persona (126)
[2015.06.08-14.45.35:080][479]LogModuleManager: Shutting down and abandoning module SlateReflector (125)
[2015.06.08-14.45.35:114][479]LogModuleManager: Shutting down and abandoning module LevelEditor (124)
[2015.06.08-14.45.35:115][479]LogModuleManager: Shutting down and abandoning module Kismet (123)
[2015.06.08-14.45.35:115][479]LogModuleManager: Shutting down and abandoning module GraphEditor (122)
[2015.06.08-14.45.35:115][479]LogModuleManager: Shutting down and abandoning module ClassViewer (121)
[2015.06.08-14.45.35:115][479]LogModuleManager: Shutting down and abandoning module Toolbox (120)
[2015.06.08-14.45.35:115][479]LogModuleManager: Shutting down and abandoning module ModuleUI (119)
[2015.06.08-14.45.35:164][479]LogModuleManager: Shutting down and abandoning module MovieSceneTools (118)
[2015.06.08-14.45.35:179][479]LogModuleManager: Shutting down and abandoning module OutputLog (117)
[2015.06.08-14.45.35:179][479]LogModuleManager: Shutting down and abandoning module GammaUI (116)
[2015.06.08-14.45.35:230][479]LogModuleManager: Shutting down and abandoning module Documentation (115)
[2015.06.08-14.45.35:230][479]LogModuleManager: Shutting down and abandoning module GameLiveStreaming (114)
[2015.06.08-14.45.35:230][479]LogModuleManager: Shutting down and abandoning module StreamingPauseRendering (113)
[2015.06.08-14.45.35:230][479]LogModuleManager: Shutting down and abandoning module HTTP (112)
[2015.06.08-14.45.35:230][479]LogModuleManager: Shutting down and abandoning module AnalyticsET (111)
[2015.06.08-14.45.35:230][479]LogModuleManager: Shutting down and abandoning module Analytics (110)
[2015.06.08-14.45.35:230][479]LogModuleManager: Shutting down and abandoning module AITestSuite (109)
[2015.06.08-14.45.35:230][479]LogModuleManager: Shutting down and abandoning module GameplayDebugger (108)
[2015.06.08-14.45.35:230][479]LogModuleManager: Shutting down and abandoning module AIModule (107)
[2015.06.08-14.45.35:230][479]LogModuleManager: Shutting down and abandoning module ProfilerService (106)
[2015.06.08-14.45.35:471][479]LogModuleManager: Shutting down and abandoning module TaskGraph (105)
[2015.06.08-14.45.35:480][479]LogModuleManager: Shutting down and abandoning module SlateRemote (104)
[2015.06.08-14.45.35:480][479]LogModuleManager: Shutting down and abandoning module ScriptEditorPlugin (103)
[2015.06.08-14.45.35:480][479]LogModuleManager: Shutting down and abandoning module CustomMeshComponent (102)
[2015.06.08-14.45.35:480][479]LogModuleManager: Shutting down and abandoning module CableComponent (101)
[2015.06.08-14.45.35:480][479]LogModuleManager: Shutting down and abandoning module MessagingDebugger (100)
[2015.06.08-14.45.35:494][479]LogModuleManager: Shutting down and abandoning module MediaPlayerEditor (99)
[2015.06.08-14.45.35:501][479]LogModuleManager: Shutting down and abandoning module SpeedTreeImporter (98)
[2015.06.08-14.45.35:501][479]LogModuleManager: Shutting down and abandoning module PluginsEditor (97)
[2015.06.08-14.45.35:501][479]LogModuleManager: Shutting down and abandoning module MainFrame (96)
[2015.06.08-14.45.35:501][479]LogModuleManager: Shutting down and abandoning module EpicSurvey (95)
[2015.06.08-14.45.35:501][479]LogModuleManager: Shutting down and abandoning module DesktopPlatform (94)
[2015.06.08-14.45.35:501][479]LogModuleManager: Shutting down and abandoning module DirectoryWatcher (93)
[2015.06.08-14.45.35:501][479]LogModuleManager: Shutting down and abandoning module HotReload (92)
[2015.06.08-14.45.35:501][479]LogModuleManager: Shutting down and abandoning module VisualStudioSourceCodeAccess (91)
[2015.06.08-14.45.35:501][479]LogModuleManager: Shutting down and abandoning module UObjectPlugin (90)
[2015.06.08-14.45.35:501][479]LogModuleManager: Shutting down and abandoning module SubversionSourceControl (89)
[2015.06.08-14.45.35:501][479]LogModuleManager: Shutting down and abandoning module PerforceSourceControl (88)
[2015.06.08-14.45.35:513][479]LogModuleManager: Shutting down and abandoning module SourceControl (87)
[2015.06.08-14.45.35:513][479]LogModuleManager: Shutting down and abandoning module GitSourceControl (86)
[2015.06.08-14.45.35:513][479]LogModuleManager: Shutting down and abandoning module BlankPlugin (85)
[2015.06.08-14.45.35:513][479]LogModuleManager: Shutting down and abandoning module PaperTiledImporter (84)
[2015.06.08-14.45.35:513][479]LogModuleManager: Shutting down and abandoning module PaperJsonImporter (83)
[2015.06.08-14.45.35:513][479]LogModuleManager: Shutting down and abandoning module ContentBrowser (82)
[2015.06.08-14.45.35:514][479]LogModuleManager: Shutting down and abandoning module Paper2DEditor (81)
[2015.06.08-14.45.35:514][479]LogModuleManager: Shutting down and abandoning module ScriptPlugin (80)
[2015.06.08-14.45.35:524][479]LogModuleManager: Shutting down and abandoning module UdpMessaging (79)
[2015.06.08-14.45.35:624][479]LogModuleManager: Shutting down and abandoning module Paper2D (78)
[2015.06.08-14.45.35:624][479]LogModuleManager: Shutting down and abandoning module WindowsMoviePlayer (77)
[2015.06.08-14.45.35:626][479]LogModuleManager: Shutting down and abandoning module Media (76)
[2015.06.08-14.45.35:626][479]LogModuleManager: Shutting down and abandoning module WmfMedia (75)
[2015.06.08-14.45.35:626][479]LogModuleManager: Shutting down and abandoning module OnlineBlueprintSupport (74)
[2015.06.08-14.45.35:626][479]LogModuleManager: Shutting down and abandoning module PropertyEditor (73)
[2015.06.08-14.45.35:626][479]LogModuleManager: Shutting down and abandoning module BehaviorTreeEditor (72)
[2015.06.08-14.45.35:639][479]LogModuleManager: Shutting down and abandoning module FunctionalTesting (71)
[2015.06.08-14.45.35:639][479]LogModuleManager: Shutting down and abandoning module CollisionAnalyzer (70)
[2015.06.08-14.45.35:670][479]LogModuleManager: Shutting down and abandoning module WorkspaceMenuStructure (69)
[2015.06.08-14.45.35:670][479]LogModuleManager: Shutting down and abandoning module MessageLog (68)
[2015.06.08-14.45.35:670][479]LogModuleManager: Shutting down and abandoning module Sequencer (67)
[2015.06.08-14.45.35:690][479]LogModuleManager: Shutting down and abandoning module AssetTools (66)
[2015.06.08-14.45.35:725][479]LogModuleManager: Shutting down and abandoning module UMGEditor (65)
[2015.06.08-14.45.35:735][479]LogModuleManager: Shutting down and abandoning module UMG (64)
[2015.06.08-14.45.35:743][479]LogModuleManager: Shutting down and abandoning module Slate (63)
[2015.06.08-14.45.35:743][479]LogModuleManager: Shutting down and abandoning module EditorStyle (62)
[2015.06.08-14.45.35:746][479]LogModuleManager: Shutting down and abandoning module SessionServices (61)
[2015.06.08-14.45.35:746][479]LogModuleManager: Shutting down and abandoning module SourceCodeAccess (60)
[2015.06.08-14.45.35:746][479]LogModuleManager: Shutting down and abandoning module HeadMountedDisplay (59)
[2015.06.08-14.45.35:746][479]LogModuleManager: Shutting down and abandoning module XAudio2 (58)
[2015.06.08-14.45.35:746][479]LogModuleManager: Shutting down and abandoning module Networking (56)
[2015.06.08-14.45.35:746][479]LogModuleManager: Shutting down and abandoning module Core (55)
[2015.06.08-14.45.35:746][479]LogModuleManager: Shutting down and abandoning module KismetCompiler (54)
[2015.06.08-14.45.35:746][479]LogModuleManager: Shutting down and abandoning module PhysXFormats (53)
[2015.06.08-14.45.35:746][479]LogModuleManager: Shutting down and abandoning module MeshUtilities (52)
[2015.06.08-14.45.35:756][479]LogModuleManager: Shutting down and abandoning module DerivedDataCache (51)
[2015.06.08-14.45.35:839][479]LogDerivedDataCache: Shutdown
[2015.06.08-14.45.35:839][479]LogModuleManager: Shutting down and abandoning module ShaderFormatOpenGL (50)
[2015.06.08-14.45.35:852][479]LogModuleManager: Shutting down and abandoning module ShaderFormatD3D (49)
[2015.06.08-14.45.35:852][479]LogModuleManager: Shutting down and abandoning module MetalShaderFormat (48)
[2015.06.08-14.45.35:866][479]LogModuleManager: Shutting down and abandoning module TextureFormatUncompressed (47)
[2015.06.08-14.45.35:866][479]LogModuleManager: Shutting down and abandoning module TextureFormatPVR (46)
[2015.06.08-14.45.35:866][479]LogModuleManager: Shutting down and abandoning module TextureFormatIntelISPCTexComp (45)
[2015.06.08-14.45.35:866][479]LogModuleManager: Shutting down and abandoning module TextureFormatDXT (44)
[2015.06.08-14.45.35:866][479]LogModuleManager: Shutting down and abandoning module ImageWrapper (43)
[2015.06.08-14.45.35:866][479]LogModuleManager: Shutting down and abandoning module TextureFormatASTC (42)
[2015.06.08-14.45.35:866][479]LogModuleManager: Shutting down and abandoning module TextureFormatAndroid (41)
[2015.06.08-14.45.35:866][479]LogModuleManager: Shutting down and abandoning module AudioFormatOpus (40)
[2015.06.08-14.45.35:866][479]LogModuleManager: Shutting down and abandoning module AudioFormatOgg (39)
[2015.06.08-14.45.35:866][479]LogModuleManager: Shutting down and abandoning module AudioFormatADPCM (38)
[2015.06.08-14.45.35:866][479]LogModuleManager: Shutting down and abandoning module LinuxTargetPlatform (37)
[2015.06.08-14.45.35:866][479]LogModuleManager: Shutting down and abandoning module LinuxServerTargetPlatform (36)
[2015.06.08-14.45.35:866][479]LogModuleManager: Shutting down and abandoning module LinuxNoEditorTargetPlatform (35)
[2015.06.08-14.45.35:866][479]LogModuleManager: Shutting down and abandoning module Messaging (34)
[2015.06.08-14.45.35:866][479]LogModuleManager: Shutting down and abandoning module IOSTargetPlatform (33)
[2015.06.08-14.45.35:866][479]LogModuleManager: Shutting down and abandoning module HTML5TargetPlatform (32)
[2015.06.08-14.45.35:866][479]LogModuleManager: Shutting down and abandoning module Android_PVRTCTargetPlatform (31)
[2015.06.08-14.45.35:866][479]LogModuleManager: Shutting down and abandoning module Android_ETC2TargetPlatform (30)
[2015.06.08-14.45.35:866][479]LogModuleManager: Shutting down and abandoning module Android_ETC1TargetPlatform (29)
[2015.06.08-14.45.35:866][479]LogModuleManager: Shutting down and abandoning module Android_ES31TargetPlatform (28)
[2015.06.08-14.45.35:866][479]LogModuleManager: Shutting down and abandoning module Android_DXTTargetPlatform (27)
[2015.06.08-14.45.35:866][479]LogModuleManager: Shutting down and abandoning module Android_ATCTargetPlatform (26)
[2015.06.08-14.45.35:866][479]LogModuleManager: Shutting down and abandoning module AndroidTargetPlatform (25)
[2015.06.08-14.45.35:866][479]LogModuleManager: Shutting down and abandoning module WindowsTargetPlatform (24)
[2015.06.08-14.45.35:866][479]LogModuleManager: Shutting down and abandoning module WindowsServerTargetPlatform (23)
[2015.06.08-14.45.35:866][479]LogModuleManager: Shutting down and abandoning module WindowsNoEditorTargetPlatform (22)
[2015.06.08-14.45.35:866][479]LogModuleManager: Shutting down and abandoning module WindowsClientTargetPlatform (21)
[2015.06.08-14.45.35:866][479]LogModuleManager: Shutting down and abandoning module TargetPlatform (20)
[2015.06.08-14.45.35:866][479]LogModuleManager: Shutting down and abandoning module InputCore (19)
[2015.06.08-14.45.35:866][479]LogModuleManager: Shutting down and abandoning module Settings (18)
[2015.06.08-14.45.35:866][479]LogModuleManager: Shutting down and abandoning module OnlineSubsystem (16)
[2015.06.08-14.45.35:866][479]LogModuleManager: Shutting down and abandoning module OculusRift (15)
[2015.06.08-14.45.35:866][479]LogModuleManager: Shutting down and abandoning module ExampleDeviceProfileSelector (14)
[2015.06.08-14.45.35:866][479]LogModuleManager: Shutting down and abandoning module TextureCompressor (13)
[2015.06.08-14.45.35:866][479]LogModuleManager: Shutting down and abandoning module ShaderCore (12)
[2015.06.08-14.45.35:866][479]LogModuleManager: Shutting down and abandoning module Landscape (11)
[2015.06.08-14.45.35:866][479]LogModuleManager: Shutting down and abandoning module SlateRHIRenderer (10)
[2015.06.08-14.45.35:868][479]LogModuleManager: Shutting down and abandoning module OpenGLDrv (9)
[2015.06.08-14.45.35:868][479]LogModuleManager: Shutting down and abandoning module D3D11RHI (8)
[2015.06.08-14.45.35:868][479]LogModuleManager: Shutting down and abandoning module Renderer (7)
[2015.06.08-14.45.35:868][479]LogModuleManager: Shutting down and abandoning module Engine (6)
[2015.06.08-14.45.35:868][479]LogModuleManager: Shutting down and abandoning module CoreUObject (5)
[2015.06.08-14.45.35:868][479]LogModuleManager: Shutting down and abandoning module NetworkFile (4)
[2015.06.08-14.45.35:868][479]LogModuleManager: Shutting down and abandoning module StreamingFile (3)
[2015.06.08-14.45.35:868][479]LogModuleManager: Shutting down and abandoning module SandboxFile (2)
[2015.06.08-14.45.35:868][479]LogModuleManager: Shutting down and abandoning module PakFile (1)
[2015.06.08-14.45.35:876][479]LogExit: Exiting.
[2015.06.08-14.45.35:879][479]Log file closed, 06/08/15 16:45:35
