Log file open, 06/07/15 11:44:52
LogInit:Display: Running engine for game: MyProject
LogInit: Version: 4.7.3-2479750+++depot+UE4-Releases+4.7
LogInit: API Version: 2455222
LogInit: Compiled (64-bit): Mar 15 2015 23:20:45
LogInit: Compiled with Visual C++: 18.00.21005.01
LogInit: Build Configuration: Development
LogInit: Branch Name: ++depot+UE4-Releases+4.7
LogInit: Command line:  
LogInit: Base directory: D:/Program Files/Epic Games/4.7/Engine/Binaries/Win64/
LogInit: Rocket: 1
[2015.06.07-09.44.52:934][  0]LogTaskGraph: Started task graph with 3 named threads and 6 total threads.
[2015.06.07-09.44.52:992][  0]LogOnline:Warning: No default platform service specified for OnlineSubsystem
[2015.06.07-09.44.53:066][  0]LogInit: Presizing for 0 objects not considered by GC, pre-allocating 0 bytes.
[2015.06.07-09.44.53:165][  0]LogInit: Object subsystem initialized
[2015.06.07-09.44.53:269][  0]LogConsoleResponse:Warning: Skipping Unknown console variable: 'TranslucentSortAxis = (X=0.000000,Y=-1.000000,Z=0.000000)'
[2015.06.07-09.44.53:269][  0]LogConsoleResponse:Warning:   Found in ini file 'D:/GitHub/Test/MAP/MyProject/Saved/Config/Windows/Engine.ini', in section '[/Script/Engine.RendererSettings]'
[2015.06.07-09.44.53:269][  0]LogConsoleResponse:Warning: Skipping Unknown console variable: 'UIScaleRule = ShortestSide'
[2015.06.07-09.44.53:269][  0]LogConsoleResponse:Warning:   Found in ini file 'D:/GitHub/Test/MAP/MyProject/Saved/Config/Windows/Engine.ini', in section '[/Script/Engine.RendererSettings]'
[2015.06.07-09.44.53:269][  0]LogConsoleResponse:Warning: Skipping Unknown console variable: 'UIScaleCurve = (EditorCurveData=(Keys=),ExternalCurve=None)'
[2015.06.07-09.44.53:269][  0]LogConsoleResponse:Warning:   Found in ini file 'D:/GitHub/Test/MAP/MyProject/Saved/Config/Windows/Engine.ini', in section '[/Script/Engine.RendererSettings]'
[2015.06.07-09.44.53:298][  0]LogInit: Selected Device Profile: [Windows]
[2015.06.07-09.44.53:298][  0]LogInit: Applying CVar settings loaded from the selected device profile: [Windows]
[2015.06.07-09.44.53:386][  0]LogInit: Computer: USUARIO
[2015.06.07-09.44.53:386][  0]LogInit: User: Usuario
[2015.06.07-09.44.53:386][  0]LogInit: CPU Page size=4096, Cores=4
[2015.06.07-09.44.53:386][  0]LogInit: High frequency timer resolution =3.515644 MHz
[2015.06.07-09.44.53:387][  0]LogMemory: Memory total: Physical=15.9GB (16GB approx) Virtual=8192.0GB
[2015.06.07-09.44.53:387][  0]LogMemory: Platform Memory Stats for Windows
[2015.06.07-09.44.53:387][  0]LogMemory: Process Physical Memory: 48.56 MB used, 48.56 MB peak
[2015.06.07-09.44.53:387][  0]LogMemory: Process Virtual Memory: 28.86 MB used, 28.86 MB peak
[2015.06.07-09.44.53:387][  0]LogMemory: Physical Memory: 7808.29 MB used, 16327.09 MB total
[2015.06.07-09.44.53:387][  0]LogMemory: Virtual Memory: 278.73 MB used, 8388608.00 MB total
[2015.06.07-09.44.53:452][  0]LogD3D11RHI: Found D3D11 adapter 0: NVIDIA GeForce GTX 960 (Feature Level 11_0)
[2015.06.07-09.44.53:452][  0]LogD3D11RHI: Adapter has 1969MB of dedicated video memory, 0MB of dedicated system memory, and 2048MB of shared system memory, 2 output[s]
[2015.06.07-09.44.53:452][  0]LogD3D11RHI: Chosen D3D11 Adapter Id = 0
[2015.06.07-09.44.53:457][  0]LogRHI: Texture pool is 1361 MB (70% of 1945 MB)
[2015.06.07-09.44.53:465][  0]LogD3D11RHI: Async texture creation enabled
[2015.06.07-09.44.54:330][  0]LogTextLocalizationManager: The requested culture ('en_US') has no localization data; parent culture's ('es') localization data will be used.
[2015.06.07-09.44.54:506][  0]LogTextLocalizationManager:Warning: Loading localization resources contain conflicting entries for (Namespace:UICommands, Key:Save_ToolTip):
Resource: (D:/Program Files/Epic Games/4.7/Engine/Content/Localization/Editor/en/Editor.locres) Hash: (-29098895) String: (Saves the current level to disk)
Resource: (D:/Program Files/Epic Games/4.7/Engine/Content/Localization/Engine/en/Engine.locres) Hash: (-1280300587) String: (Save selected data to vlog file)
[2015.06.07-09.44.54:506][  0]LogTextLocalizationManager:Warning: Loading localization resources contain conflicting entries for (Namespace:ContentBrowser, Key:ImportAssetToolTip):
Resource: (D:/Program Files/Epic Games/4.7/Engine/Content/Localization/Editor/en/Editor.locres) Hash: (-630476809) String: (Import to {0}...)
Resource: (D:/Program Files/Epic Games/4.7/Engine/Content/Localization/Editor/en/Editor.locres) Hash: (1271782899) String: (Imports an asset from file to this folder.)
[2015.06.07-09.44.54:579][  0]LogContentStreaming: Texture pool size is 0.000000MB
[2015.06.07-09.44.58:219][  0]LogTargetPlatformManager:Display: Building Assets For Windows
[2015.06.07-09.44.58:969][  0]LogTargetPlatformManager:Display: Building Assets For Windows
[2015.06.07-09.44.59:065][  0]LogDerivedDataCache:Display: Max Cache Size: 512 MB
[2015.06.07-09.44.59:191][  0]LogDerivedDataCache: Loaded boot cache 0.12s 44MB C:/Users/Usuario/AppData/Local/UnrealEngine/4.7/DerivedDataCache/Boot.ddc.
[2015.06.07-09.44.59:191][  0]LogDerivedDataCache:Display: Loaded Boot cache: C:/Users/Usuario/AppData/Local/UnrealEngine/4.7/DerivedDataCache/Boot.ddc
[2015.06.07-09.44.59:191][  0]LogDerivedDataCache: FDerivedDataBackendGraph:  Pak pak cache file ../../../../../../GitHub/Test/MAP/MyProject/DerivedDataCache/DDC.ddp not found, will not use a pak cache.
[2015.06.07-09.44.59:191][  0]LogDerivedDataCache: Unable to find inner node Pak for hierarchical cache Hierarchy.
[2015.06.07-09.44.59:361][  0]LogDerivedDataCache:Display: Pak cache opened for reading ../../../Engine/DerivedDataCache/Compressed.ddp.
[2015.06.07-09.44.59:374][  0]LogDerivedDataCache: Using Local data cache path C:/Users/Usuario/AppData/Local/UnrealEngine/Common/DerivedDataCache: Writable
[2015.06.07-09.45.03:506][  0]LogMeshUtilities: No automatic mesh reduction module available
[2015.06.07-09.45.03:506][  0]LogMeshUtilities: No automatic mesh merging module available
[2015.06.07-09.45.05:082][  0]LogInit: WinSock: version 1.1 (2.2), MaxSocks=32767, MaxUdp=65467
[2015.06.07-09.45.05:299][  0]LogSlate:Warning: Failed to load font data from '../../../Engine/Content/Slate/Fonts/Roboto-Italic.ttf'
[2015.06.07-09.45.10:448][  0]UdpMessaging: Initializing bridge on interface 0.0.0.0:0 to multicast group 230.0.0.1:6666.
[2015.06.07-09.45.11:121][  0]SourceControl: Info Source control is disabled
[2015.06.07-09.45.11:131][  0]SourceControl: Info Source control is disabled
[2015.06.07-09.45.11:131][  0]SourceControl: Info Source control is disabled
[2015.06.07-09.45.11:141][  0]SourceControl: Info Source control is disabled
[2015.06.07-09.45.11:930][  0]LogObj: 24231 objects as part of root set at end of initial load.
[2015.06.07-09.45.11:930][  0]LogUObjectAllocator: 5136440 out of 0 bytes used by permanent object pool.
[2015.06.07-09.45.12:315][  0]LogEngine: Initializing Engine...
[2015.06.07-09.45.15:645][  0]LogInit: XAudio2 using 'Altavoces (2- Realtek High Definition Audio)' : 2 channels at 48 kHz using 32 bits per sample (channel mask 0x3)
[2015.06.07-09.45.15:660][  0]LogInit: FAudioDevice initialized.
[2015.06.07-09.45.15:873][  0]LogAIModule: Creating AISystem for world NewWorld
[2015.06.07-09.45.15:956][  0]LogDerivedDataCache: Saved boot cache 0.02s 39MB C:/Users/Usuario/AppData/Local/UnrealEngine/4.7/DerivedDataCache/Boot.ddc.
[2015.06.07-09.45.15:958][  0]LogInit: Texture streaming: Enabled
[2015.06.07-09.45.16:234][  0]LogAnalytics: Creating configured Analytics provider AnalyticsET
[2015.06.07-09.45.16:234][  0]LogAnalytics: ET APIKey = Rocket.Release. APIServer = http://et2.epicgames.com/ET2/. AppVersion = 4.7.3-2479750+++depot+UE4-Releases+4.7
[2015.06.07-09.45.16:234][  0]LogAnalytics: ET APIKey = Rocket.Release. DataRouterUploadURL = https://datarouter-public-service-gamedev.ol.epicgames.net/datarouter/api/v1/public/data. AppVersion = 4.7.3-2479750+++depot+UE4-Releases+4.7
[2015.06.07-09.45.16:234][  0]LogAnalytics: SetUserId ffccb74c4d5d6b80711c1ba3e8beea39|515bd2677bef470e89637780ff333106|5f73ccf3-b65c-43de-b49e-d0c9c20d3c76
[2015.06.07-09.45.16:250][  0]LogAnalytics: AnalyticsET::StartSession [Rocket.Release]
[2015.06.07-09.45.16:321][  0]LogInit: Transaction tracking system initialized
[2015.06.07-09.45.17:040][  0]BlueprintLog: New page: Editor Load
[2015.06.07-09.45.17:166][  0]LogAssetRegistry: FAssetRegistry took 0.0265 seconds to start up
[2015.06.07-09.45.17:167][  0]LogDirectoryWatcher:Warning: Failed to begin reading directory changes for ../../../Engine/Plugins/Experimental/CharacterAI/Content/. Error: 0
[2015.06.07-09.45.20:263][  0]LogTargetPlatformManager:Display: Building Assets For Windows
[2015.06.07-09.45.20:673][  0]LogTargetPlatformManager:Display: Building Assets For Windows
[2015.06.07-09.45.21:363][  0]LogSlate:Warning: Failed to load font data from '../../../Engine/Content/Editor/Slate/Fonts/Roboto-Regular.ttf'
[2015.06.07-09.45.21:364][  0]LogSlate:Warning: Failed to load font data from '../../../Engine/Content/Editor/Slate/Fonts/Roboto-Bold.ttf'
[2015.06.07-09.45.21:426][  0]LogConsoleResponse:Display: 
[2015.06.07-09.45.23:291][  0]LogCook:Display: Done creating registry. It took  0.00s.
[2015.06.07-09.45.26:454][  0]SourceControl: Info Source control is disabled
[2015.06.07-09.45.26:560][  0]Cmd: MAP LOAD FILE="../../../../../../GitHub/Test/MAP/MyProject/Content/FirstPersonBP/Maps/FirstPersonExampleMap.umap" TEMPLATE=0 SHOWPROGRESS=1 FEATURELEVEL=3
[2015.06.07-09.45.26:641][  0]LightingResults: New page: Lighting Build
[2015.06.07-09.45.26:854][  0]MapCheck: New page: Map Check
[2015.06.07-09.45.26:854][  0]LightingResults: New page: Lighting Build
[2015.06.07-09.45.26:988][  0]LogParticles: Destroying 0 GPU particle simulations for FXSystem 0x000000001822C9A0
[2015.06.07-09.45.27:110][  0]LogLinker:Warning: Asset '../../../Engine/Content/EngineMeshes/Humanoid.uasset' has been saved with empty engine version. The asset will be loaded but may be incompatible.
[2015.06.07-09.45.29:627][  0]LogEditorServer: Finished looking for orphan Actors (0.000 secs)
[2015.06.07-09.45.31:132][  0]LogAIModule: Creating AISystem for world FirstPersonExampleMap
[2015.06.07-09.45.31:170][  0]Cmd: MAP CHECKDEP
[2015.06.07-09.45.31:170][  0]MapCheck: New page: FirstPersonExampleMap - Jun 7, 2015, 1:45:31 PM
[2015.06.07-09.45.31:253][  0]MapCheck: Info Map check complete: 0 Error(s), 0 Warning(s), took 83.143ms to complete.
[2015.06.07-09.45.31:253][  0]LogFileHelpers: Loading map 'FirstPersonExampleMap' took 4.747
[2015.06.07-09.45.32:348][  0]LogCollectionManager: Loaded 0 collections in 0.001428 seconds
[2015.06.07-09.45.32:356][  0]LogContentBrowser: Native class hierarchy populated in 0.0081 seconds. Added 1696 classes and 261 folders.
[2015.06.07-09.45.32:525][  0]LogContentBrowser: Native class hierarchy updated for 'SceneOutliner' in 0.0013 seconds. Added 1 classes and 2 folders.
[2015.06.07-09.45.32:946][  0]LogCrashTracker: Crashtracker disabled due to settings.
[2015.06.07-09.45.33:005][  0]LogSlate:Warning: Failed to load font data from 'Veranda'
[2015.06.07-09.45.33:047][  0]LogUObjectGlobals:Warning: Failed to find object 'Class None.'
[2015.06.07-09.45.33:131][  0]LogLoad: Full Startup: 46.37 seconds (BP compile: 0.71 seconds)
[2015.06.07-09.45.33:510][  0]LogContentBrowser:Verbose: The content browser source was changed by the sources view to '/Game/FirstPersonBP/Meshes'
[2015.06.07-09.45.34:022][  0]LogRenderer:Warning: Reallocating scene render targets to support 32x32 (Frame:2).
[2015.06.07-09.45.34:312][  0]LogRenderer:Warning: Reallocating scene render targets to support 1208x600 (Frame:3).
[2015.06.07-09.45.35:025][  3]LogAssetRegistry: Asset discovery search completed in 17.8855 seconds
[2015.06.07-09.45.36:939][155]LogPlayLevel: PIE:  No blueprints needed recompiling
[2015.06.07-09.45.36:944][155]PIE: New page: PIE session: FirstPersonExampleMap (Jun 7, 2015, 1:45:36 PM)
[2015.06.07-09.45.36:958][155]LogPlayLevel: PIE: StaticDuplicateObject took: (0.013609s)
[2015.06.07-09.45.36:959][155]LogPlayLevel: PIE: World Init took: (0.001028s)
[2015.06.07-09.45.36:959][155]LogPlayLevel: PIE: Created PIE world by copying editor world from /Game/FirstPersonBP/Maps/FirstPersonExampleMap.FirstPersonExampleMap to /Game/FirstPersonBP/Maps/UEDPIE_0_FirstPersonExampleMap.FirstPersonExampleMap (0.014909s)
[2015.06.07-09.45.37:137][155]LogWorld: Game class is 'FirstPersonGameMode_C'
[2015.06.07-09.45.37:166][155]LogAIModule: Creating AISystem for world FirstPersonExampleMap
[2015.06.07-09.45.37:172][155]LogWorld: Bringing World /Game/FirstPersonBP/Maps/UEDPIE_0_FirstPersonExampleMap.FirstPersonExampleMap up for play (max tick rate 0) at 2015.06.07-11.45.37
[2015.06.07-09.45.37:185][155]LogWorld: Bringing up level for play took: 0.019017
[2015.06.07-09.45.37:198][155]PIE: Info Play in editor start time for /Game/FirstPersonBP/Maps/UEDPIE_0_FirstPersonExampleMap 0.486
[2015.06.07-09.45.39:599][432]Cmd: LevelEditor.ToggleImmersive
[2015.06.07-09.45.39:755][433]LogRenderer:Warning: Reallocating scene render targets to support 1608x872 (Frame:441).
[2015.06.07-09.45.39:809][434]LogRenderer:Warning: Reallocating scene render targets to support 1920x1080 (Frame:443).
[2015.06.07-09.48.01:972][192]LogParticles: Destroying 0 GPU particle simulations for FXSystem 0x000000000D898CC0
[2015.06.07-09.48.11:890][125]LogEditorViewport: Clicking on Actor (LMB): FirstPersonCharacter_C (FirstPersonCharacter)
[2015.06.07-09.48.12:880][125]LogEditorViewport: Clicking on Actor (context menu): FirstPersonCharacter_C (FirstPersonCharacter)
[2015.06.07-09.48.27:344][322]LogPlayLevel: PIE:  No blueprints needed recompiling
[2015.06.07-09.48.27:344][322]PIE: New page: SIE session: FirstPersonExampleMap (Jun 7, 2015, 1:48:27 PM)
[2015.06.07-09.48.27:358][322]LogPlayLevel: PIE: StaticDuplicateObject took: (0.013875s)
[2015.06.07-09.48.27:359][322]LogPlayLevel: PIE: World Init took: (0.000561s)
[2015.06.07-09.48.27:359][322]LogPlayLevel: PIE: Created PIE world by copying editor world from /Game/FirstPersonBP/Maps/FirstPersonExampleMap.FirstPersonExampleMap to /Game/FirstPersonBP/Maps/UEDPIE_0_FirstPersonExampleMap.FirstPersonExampleMap (0.014599s)
[2015.06.07-09.48.27:388][322]LogSelection:Warning: PIE object was selected: "FirstPersonCharacter_C /Game/FirstPersonBP/Maps/UEDPIE_0_FirstPersonExampleMap.FirstPersonExampleMap:PersistentLevel.FirstPersonCharacter_18"
[2015.06.07-09.48.27:417][322]LogWorld: Game class is 'FirstPersonGameMode_C'
[2015.06.07-09.48.27:419][322]LogAIModule: Creating AISystem for world FirstPersonExampleMap
[2015.06.07-09.48.27:424][322]LogWorld: Bringing World /Game/FirstPersonBP/Maps/UEDPIE_0_FirstPersonExampleMap.FirstPersonExampleMap up for play (max tick rate 0) at 2015.06.07-11.48.27
[2015.06.07-09.48.27:425][322]LogWorld: Bringing up level for play took: 0.005610
[2015.06.07-09.48.27:438][322]PIE: Info Play in editor start time for /Game/FirstPersonBP/Maps/UEDPIE_0_FirstPersonExampleMap 0.725
[2015.06.07-09.48.27:530][322]LogSelection:Warning: PIE object was selected: "FirstPersonCharacter_C /Game/FirstPersonBP/Maps/UEDPIE_0_FirstPersonExampleMap.FirstPersonExampleMap:PersistentLevel.FirstPersonCharacter_18"
[2015.06.07-09.48.29:059][465]LogEditorViewport: Clicking on Actor (LMB): StaticMeshActor (Wall9)
[2015.06.07-09.48.29:059][465]LogSelection:Warning: PIE object was selected: "StaticMeshActor /Game/FirstPersonBP/Maps/UEDPIE_0_FirstPersonExampleMap.FirstPersonExampleMap:PersistentLevel.Wall9"
[2015.06.07-09.48.30:541][602]Cmd: SELECT NONE
[2015.06.07-09.48.32:172][736]LogParticles: Destroying 0 GPU particle simulations for FXSystem 0x000000000DF111C0
[2015.06.07-09.48.32:302][737]Cmd: QUIT_EDITOR
[2015.06.07-09.48.32:554][737]LogExit: Preparing to exit.
[2015.06.07-09.48.33:609][737]LogExit: Editor shut down
[2015.06.07-09.48.33:609][737]LogExit: Transaction tracking system shut down
[2015.06.07-09.48.33:610][737]LogParticles: Destroying 0 GPU particle simulations for FXSystem 0x000000000FEB5F80
[2015.06.07-09.48.33:611][737]LogParticles: Destroying 0 GPU particle simulations for FXSystem 0x00000000232FACA0
[2015.06.07-09.48.33:611][737]LogParticles: Destroying 0 GPU particle simulations for FXSystem 0x000000002152E5C0
[2015.06.07-09.48.33:611][737]LogParticles: Destroying 0 GPU particle simulations for FXSystem 0x00000000132E3D80
[2015.06.07-09.48.33:895][737]LogExit: Object subsystem successfully closed.
[2015.06.07-09.48.33:950][737]LogModuleManager: Shutting down and abandoning module CrashTracker (177)
[2015.06.07-09.48.33:950][737]LogModuleManager: Shutting down and abandoning module SuperSearch (176)
[2015.06.07-09.48.33:950][737]LogModuleManager: Shutting down and abandoning module SceneOutliner (175)
[2015.06.07-09.48.33:950][737]LogModuleManager: Shutting down and abandoning module EditorWidgets (174)
[2015.06.07-09.48.33:950][737]LogModuleManager: Shutting down and abandoning module CollectionManager (173)
[2015.06.07-09.48.33:958][737]LogModuleManager: Shutting down and abandoning module StatsViewer (172)
[2015.06.07-09.48.33:958][737]LogModuleManager: Shutting down and abandoning module FoliageEdit (171)
[2015.06.07-09.48.33:958][737]LogModuleManager: Shutting down and abandoning module LandscapeEditor (170)
[2015.06.07-09.48.33:961][737]LogModuleManager: Shutting down and abandoning module MeshPaint (169)
[2015.06.07-09.48.33:961][737]LogModuleManager: Shutting down and abandoning module ActorPickerMode (168)
[2015.06.07-09.48.33:961][737]LogModuleManager: Shutting down and abandoning module GeometryMode (167)
[2015.06.07-09.48.33:961][737]LogModuleManager: Shutting down and abandoning module TextureAlignMode (166)
[2015.06.07-09.48.33:961][737]LogModuleManager: Shutting down and abandoning module BspMode (165)
[2015.06.07-09.48.33:961][737]LogModuleManager: Shutting down and abandoning module PlacementMode (164)
[2015.06.07-09.48.33:961][737]LogModuleManager: Shutting down and abandoning module AutomationWorker (163)
[2015.06.07-09.48.33:961][737]LogModuleManager: Shutting down and abandoning module CharacterAI (162)
[2015.06.07-09.48.33:961][737]LogModuleManager: Shutting down and abandoning module SmartSnapping (161)
[2015.06.07-09.48.33:961][737]LogModuleManager: Shutting down and abandoning module ViewportSnapping (160)
[2015.06.07-09.48.33:961][737]LogModuleManager: Shutting down and abandoning module LogVisualizer (159)
[2015.06.07-09.48.33:961][737]LogModuleManager: Shutting down and abandoning module GameProjectGeneration (158)
[2015.06.07-09.48.33:977][737]LogModuleManager: Shutting down and abandoning module IntroTutorials (157)
[2015.06.07-09.48.34:000][737]LogModuleManager: Shutting down and abandoning module EditorLiveStreaming (156)
[2015.06.07-09.48.34:000][737]LogModuleManager: Shutting down and abandoning module HardwareTargeting (155)
[2015.06.07-09.48.34:000][737]LogModuleManager: Shutting down and abandoning module DeviceProfileEditor (154)
[2015.06.07-09.48.34:000][737]LogModuleManager: Shutting down and abandoning module UndoHistory (153)
[2015.06.07-09.48.34:000][737]LogModuleManager: Shutting down and abandoning module GameplayTagsEditor (152)
[2015.06.07-09.48.34:000][737]LogModuleManager: Shutting down and abandoning module UserFeedback (151)
[2015.06.07-09.48.34:000][737]LogModuleManager: Shutting down and abandoning module XmlParser (150)
[2015.06.07-09.48.34:000][737]LogModuleManager: Shutting down and abandoning module Blutility (149)
[2015.06.07-09.48.34:000][737]LogModuleManager: Shutting down and abandoning module IOSPlatformEditor (148)
[2015.06.07-09.48.34:000][737]LogModuleManager: Shutting down and abandoning module IOSRuntimeSettings (147)
[2015.06.07-09.48.34:000][737]LogModuleManager: Shutting down and abandoning module AndroidDeviceDetection (146)
[2015.06.07-09.48.34:793][737]LogModuleManager: Shutting down and abandoning module AndroidPlatformEditor (145)
[2015.06.07-09.48.34:793][737]LogModuleManager: Shutting down and abandoning module AndroidRuntimeSettings (144)
[2015.06.07-09.48.34:793][737]LogModuleManager: Shutting down and abandoning module ProjectTargetPlatformEditor (143)
[2015.06.07-09.48.34:793][737]LogModuleManager: Shutting down and abandoning module ProjectSettingsViewer (142)
[2015.06.07-09.48.34:793][737]LogModuleManager: Shutting down and abandoning module InputBindingEditor (141)
[2015.06.07-09.48.34:793][737]LogModuleManager: Shutting down and abandoning module EditorSettingsViewer (140)
[2015.06.07-09.48.34:793][737]LogModuleManager: Shutting down and abandoning module SettingsEditor (139)
[2015.06.07-09.48.34:801][737]LogModuleManager: Shutting down and abandoning module ProjectLauncher (138)
[2015.06.07-09.48.34:801][737]LogModuleManager: Shutting down and abandoning module SessionFrontend (137)
[2015.06.07-09.48.34:801][737]LogModuleManager: Shutting down and abandoning module ProfilerClient (136)
[2015.06.07-09.48.34:810][737]LogModuleManager: Shutting down and abandoning module TargetDeviceServices (135)
[2015.06.07-09.48.34:810][737]LogModuleManager: Shutting down and abandoning module DeviceManager (134)
[2015.06.07-09.48.34:810][737]LogModuleManager: Shutting down and abandoning module AutomationController (133)
[2015.06.07-09.48.34:810][737]LogModuleManager: Shutting down and abandoning module AutomationWindow (132)
[2015.06.07-09.48.34:822][737]LogModuleManager: Shutting down and abandoning module Layers (131)
[2015.06.07-09.48.34:837][737]LogModuleManager: Shutting down and abandoning module ComponentVisualizers (130)
[2015.06.07-09.48.34:837][737]LogModuleManager: Shutting down and abandoning module DetailCustomizations (129)
[2015.06.07-09.48.34:837][737]LogModuleManager: Shutting down and abandoning module PackagesDialog (128)
[2015.06.07-09.48.34:857][737]LogModuleManager: Shutting down and abandoning module AssetRegistry (127)
[2015.06.07-09.48.34:945][737]LogModuleManager: Shutting down and abandoning module Persona (126)
[2015.06.07-09.48.34:953][737]LogModuleManager: Shutting down and abandoning module SlateReflector (125)
[2015.06.07-09.48.34:965][737]LogModuleManager: Shutting down and abandoning module LevelEditor (124)
[2015.06.07-09.48.34:967][737]LogModuleManager: Shutting down and abandoning module Kismet (123)
[2015.06.07-09.48.34:967][737]LogModuleManager: Shutting down and abandoning module GraphEditor (122)
[2015.06.07-09.48.34:988][737]LogModuleManager: Shutting down and abandoning module ClassViewer (121)
[2015.06.07-09.48.34:988][737]LogModuleManager: Shutting down and abandoning module Toolbox (120)
[2015.06.07-09.48.34:988][737]LogModuleManager: Shutting down and abandoning module ModuleUI (119)
[2015.06.07-09.48.34:993][737]LogModuleManager: Shutting down and abandoning module MovieSceneTools (118)
[2015.06.07-09.48.35:007][737]LogModuleManager: Shutting down and abandoning module OutputLog (117)
[2015.06.07-09.48.35:007][737]LogModuleManager: Shutting down and abandoning module GammaUI (116)
[2015.06.07-09.48.35:015][737]LogModuleManager: Shutting down and abandoning module Documentation (115)
[2015.06.07-09.48.35:015][737]LogModuleManager: Shutting down and abandoning module GameLiveStreaming (114)
[2015.06.07-09.48.35:015][737]LogModuleManager: Shutting down and abandoning module StreamingPauseRendering (113)
[2015.06.07-09.48.35:015][737]LogModuleManager: Shutting down and abandoning module HTTP (112)
[2015.06.07-09.48.35:015][737]LogModuleManager: Shutting down and abandoning module AnalyticsET (111)
[2015.06.07-09.48.35:015][737]LogModuleManager: Shutting down and abandoning module Analytics (110)
[2015.06.07-09.48.35:015][737]LogModuleManager: Shutting down and abandoning module AITestSuite (109)
[2015.06.07-09.48.35:015][737]LogModuleManager: Shutting down and abandoning module GameplayDebugger (108)
[2015.06.07-09.48.35:015][737]LogModuleManager: Shutting down and abandoning module AIModule (107)
[2015.06.07-09.48.35:015][737]LogModuleManager: Shutting down and abandoning module ProfilerService (106)
[2015.06.07-09.48.35:039][737]LogModuleManager: Shutting down and abandoning module TaskGraph (105)
[2015.06.07-09.48.35:053][737]LogModuleManager: Shutting down and abandoning module SlateRemote (104)
[2015.06.07-09.48.35:053][737]LogModuleManager: Shutting down and abandoning module ScriptEditorPlugin (103)
[2015.06.07-09.48.35:053][737]LogModuleManager: Shutting down and abandoning module CustomMeshComponent (102)
[2015.06.07-09.48.35:053][737]LogModuleManager: Shutting down and abandoning module CableComponent (101)
[2015.06.07-09.48.35:053][737]LogModuleManager: Shutting down and abandoning module MessagingDebugger (100)
[2015.06.07-09.48.35:067][737]LogModuleManager: Shutting down and abandoning module MediaPlayerEditor (99)
[2015.06.07-09.48.35:075][737]LogModuleManager: Shutting down and abandoning module SpeedTreeImporter (98)
[2015.06.07-09.48.35:075][737]LogModuleManager: Shutting down and abandoning module PluginsEditor (97)
[2015.06.07-09.48.35:075][737]LogModuleManager: Shutting down and abandoning module MainFrame (96)
[2015.06.07-09.48.35:075][737]LogModuleManager: Shutting down and abandoning module EpicSurvey (95)
[2015.06.07-09.48.35:075][737]LogModuleManager: Shutting down and abandoning module DesktopPlatform (94)
[2015.06.07-09.48.35:075][737]LogModuleManager: Shutting down and abandoning module DirectoryWatcher (93)
[2015.06.07-09.48.35:075][737]LogModuleManager: Shutting down and abandoning module HotReload (92)
[2015.06.07-09.48.35:075][737]LogModuleManager: Shutting down and abandoning module VisualStudioSourceCodeAccess (91)
[2015.06.07-09.48.35:075][737]LogModuleManager: Shutting down and abandoning module UObjectPlugin (90)
[2015.06.07-09.48.35:075][737]LogModuleManager: Shutting down and abandoning module SubversionSourceControl (89)
[2015.06.07-09.48.35:075][737]LogModuleManager: Shutting down and abandoning module PerforceSourceControl (88)
[2015.06.07-09.48.35:086][737]LogModuleManager: Shutting down and abandoning module SourceControl (87)
[2015.06.07-09.48.35:086][737]LogModuleManager: Shutting down and abandoning module GitSourceControl (86)
[2015.06.07-09.48.35:086][737]LogModuleManager: Shutting down and abandoning module BlankPlugin (85)
[2015.06.07-09.48.35:086][737]LogModuleManager: Shutting down and abandoning module PaperTiledImporter (84)
[2015.06.07-09.48.35:086][737]LogModuleManager: Shutting down and abandoning module PaperJsonImporter (83)
[2015.06.07-09.48.35:086][737]LogModuleManager: Shutting down and abandoning module ContentBrowser (82)
[2015.06.07-09.48.35:086][737]LogModuleManager: Shutting down and abandoning module Paper2DEditor (81)
[2015.06.07-09.48.35:086][737]LogModuleManager: Shutting down and abandoning module ScriptPlugin (80)
[2015.06.07-09.48.35:086][737]LogModuleManager: Shutting down and abandoning module UdpMessaging (79)
[2015.06.07-09.48.35:186][737]LogModuleManager: Shutting down and abandoning module Paper2D (78)
[2015.06.07-09.48.35:186][737]LogModuleManager: Shutting down and abandoning module WindowsMoviePlayer (77)
[2015.06.07-09.48.35:188][737]LogModuleManager: Shutting down and abandoning module Media (76)
[2015.06.07-09.48.35:188][737]LogModuleManager: Shutting down and abandoning module WmfMedia (75)
[2015.06.07-09.48.35:188][737]LogModuleManager: Shutting down and abandoning module OnlineBlueprintSupport (74)
[2015.06.07-09.48.35:188][737]LogModuleManager: Shutting down and abandoning module PropertyEditor (73)
[2015.06.07-09.48.35:188][737]LogModuleManager: Shutting down and abandoning module BehaviorTreeEditor (72)
[2015.06.07-09.48.35:199][737]LogModuleManager: Shutting down and abandoning module FunctionalTesting (71)
[2015.06.07-09.48.35:199][737]LogModuleManager: Shutting down and abandoning module CollisionAnalyzer (70)
[2015.06.07-09.48.35:233][737]LogModuleManager: Shutting down and abandoning module WorkspaceMenuStructure (69)
[2015.06.07-09.48.35:233][737]LogModuleManager: Shutting down and abandoning module MessageLog (68)
[2015.06.07-09.48.35:233][737]LogModuleManager: Shutting down and abandoning module Sequencer (67)
[2015.06.07-09.48.35:235][737]LogModuleManager: Shutting down and abandoning module AssetTools (66)
[2015.06.07-09.48.35:241][737]LogModuleManager: Shutting down and abandoning module UMGEditor (65)
[2015.06.07-09.48.35:242][737]LogModuleManager: Shutting down and abandoning module UMG (64)
[2015.06.07-09.48.35:261][737]LogModuleManager: Shutting down and abandoning module Slate (63)
[2015.06.07-09.48.35:261][737]LogModuleManager: Shutting down and abandoning module EditorStyle (62)
[2015.06.07-09.48.35:265][737]LogModuleManager: Shutting down and abandoning module SessionServices (61)
[2015.06.07-09.48.35:265][737]LogModuleManager: Shutting down and abandoning module SourceCodeAccess (60)
[2015.06.07-09.48.35:265][737]LogModuleManager: Shutting down and abandoning module HeadMountedDisplay (59)
[2015.06.07-09.48.35:265][737]LogModuleManager: Shutting down and abandoning module XAudio2 (58)
[2015.06.07-09.48.35:265][737]LogModuleManager: Shutting down and abandoning module Networking (56)
[2015.06.07-09.48.35:265][737]LogModuleManager: Shutting down and abandoning module Core (55)
[2015.06.07-09.48.35:265][737]LogModuleManager: Shutting down and abandoning module KismetCompiler (54)
[2015.06.07-09.48.35:265][737]LogModuleManager: Shutting down and abandoning module PhysXFormats (53)
[2015.06.07-09.48.35:265][737]LogModuleManager: Shutting down and abandoning module MeshUtilities (52)
[2015.06.07-09.48.35:274][737]LogModuleManager: Shutting down and abandoning module DerivedDataCache (51)
[2015.06.07-09.48.35:373][737]LogDerivedDataCache: Shutdown
[2015.06.07-09.48.35:373][737]LogModuleManager: Shutting down and abandoning module ShaderFormatOpenGL (50)
[2015.06.07-09.48.35:377][737]LogModuleManager: Shutting down and abandoning module ShaderFormatD3D (49)
[2015.06.07-09.48.35:377][737]LogModuleManager: Shutting down and abandoning module MetalShaderFormat (48)
[2015.06.07-09.48.35:384][737]LogModuleManager: Shutting down and abandoning module TextureFormatUncompressed (47)
[2015.06.07-09.48.35:384][737]LogModuleManager: Shutting down and abandoning module TextureFormatPVR (46)
[2015.06.07-09.48.35:384][737]LogModuleManager: Shutting down and abandoning module TextureFormatIntelISPCTexComp (45)
[2015.06.07-09.48.35:384][737]LogModuleManager: Shutting down and abandoning module TextureFormatDXT (44)
[2015.06.07-09.48.35:384][737]LogModuleManager: Shutting down and abandoning module ImageWrapper (43)
[2015.06.07-09.48.35:384][737]LogModuleManager: Shutting down and abandoning module TextureFormatASTC (42)
[2015.06.07-09.48.35:384][737]LogModuleManager: Shutting down and abandoning module TextureFormatAndroid (41)
[2015.06.07-09.48.35:384][737]LogModuleManager: Shutting down and abandoning module AudioFormatOpus (40)
[2015.06.07-09.48.35:384][737]LogModuleManager: Shutting down and abandoning module AudioFormatOgg (39)
[2015.06.07-09.48.35:384][737]LogModuleManager: Shutting down and abandoning module AudioFormatADPCM (38)
[2015.06.07-09.48.35:384][737]LogModuleManager: Shutting down and abandoning module LinuxTargetPlatform (37)
[2015.06.07-09.48.35:384][737]LogModuleManager: Shutting down and abandoning module LinuxServerTargetPlatform (36)
[2015.06.07-09.48.35:384][737]LogModuleManager: Shutting down and abandoning module LinuxNoEditorTargetPlatform (35)
[2015.06.07-09.48.35:384][737]LogModuleManager: Shutting down and abandoning module Messaging (34)
[2015.06.07-09.48.35:384][737]LogModuleManager: Shutting down and abandoning module IOSTargetPlatform (33)
[2015.06.07-09.48.35:384][737]LogModuleManager: Shutting down and abandoning module HTML5TargetPlatform (32)
[2015.06.07-09.48.35:384][737]LogModuleManager: Shutting down and abandoning module Android_PVRTCTargetPlatform (31)
[2015.06.07-09.48.35:384][737]LogModuleManager: Shutting down and abandoning module Android_ETC2TargetPlatform (30)
[2015.06.07-09.48.35:384][737]LogModuleManager: Shutting down and abandoning module Android_ETC1TargetPlatform (29)
[2015.06.07-09.48.35:384][737]LogModuleManager: Shutting down and abandoning module Android_ES31TargetPlatform (28)
[2015.06.07-09.48.35:384][737]LogModuleManager: Shutting down and abandoning module Android_DXTTargetPlatform (27)
[2015.06.07-09.48.35:384][737]LogModuleManager: Shutting down and abandoning module Android_ATCTargetPlatform (26)
[2015.06.07-09.48.35:384][737]LogModuleManager: Shutting down and abandoning module AndroidTargetPlatform (25)
[2015.06.07-09.48.35:384][737]LogModuleManager: Shutting down and abandoning module WindowsTargetPlatform (24)
[2015.06.07-09.48.35:384][737]LogModuleManager: Shutting down and abandoning module WindowsServerTargetPlatform (23)
[2015.06.07-09.48.35:384][737]LogModuleManager: Shutting down and abandoning module WindowsNoEditorTargetPlatform (22)
[2015.06.07-09.48.35:384][737]LogModuleManager: Shutting down and abandoning module WindowsClientTargetPlatform (21)
[2015.06.07-09.48.35:384][737]LogModuleManager: Shutting down and abandoning module TargetPlatform (20)
[2015.06.07-09.48.35:384][737]LogModuleManager: Shutting down and abandoning module InputCore (19)
[2015.06.07-09.48.35:384][737]LogModuleManager: Shutting down and abandoning module Settings (18)
[2015.06.07-09.48.35:384][737]LogModuleManager: Shutting down and abandoning module OnlineSubsystem (16)
[2015.06.07-09.48.35:384][737]LogModuleManager: Shutting down and abandoning module OculusRift (15)
[2015.06.07-09.48.35:384][737]LogModuleManager: Shutting down and abandoning module ExampleDeviceProfileSelector (14)
[2015.06.07-09.48.35:384][737]LogModuleManager: Shutting down and abandoning module TextureCompressor (13)
[2015.06.07-09.48.35:384][737]LogModuleManager: Shutting down and abandoning module ShaderCore (12)
[2015.06.07-09.48.35:384][737]LogModuleManager: Shutting down and abandoning module Landscape (11)
[2015.06.07-09.48.35:384][737]LogModuleManager: Shutting down and abandoning module SlateRHIRenderer (10)
[2015.06.07-09.48.35:385][737]LogModuleManager: Shutting down and abandoning module OpenGLDrv (9)
[2015.06.07-09.48.35:385][737]LogModuleManager: Shutting down and abandoning module D3D11RHI (8)
[2015.06.07-09.48.35:385][737]LogModuleManager: Shutting down and abandoning module Renderer (7)
[2015.06.07-09.48.35:385][737]LogModuleManager: Shutting down and abandoning module Engine (6)
[2015.06.07-09.48.35:385][737]LogModuleManager: Shutting down and abandoning module CoreUObject (5)
[2015.06.07-09.48.35:385][737]LogModuleManager: Shutting down and abandoning module NetworkFile (4)
[2015.06.07-09.48.35:385][737]LogModuleManager: Shutting down and abandoning module StreamingFile (3)
[2015.06.07-09.48.35:385][737]LogModuleManager: Shutting down and abandoning module SandboxFile (2)
[2015.06.07-09.48.35:385][737]LogModuleManager: Shutting down and abandoning module PakFile (1)
[2015.06.07-09.48.35:393][737]LogExit: Exiting.
[2015.06.07-09.48.35:397][737]Log file closed, 06/07/15 11:48:35
