Log file open, 06/06/15 02:46:31
LogInit:Display: Running engine for game: MyProject
LogInit: Version: 4.7.3-2479750+++depot+UE4-Releases+4.7
LogInit: API Version: 2455222
LogInit: Compiled (64-bit): Mar 15 2015 23:20:45
LogInit: Compiled with Visual C++: 18.00.21005.01
LogInit: Build Configuration: Development
LogInit: Branch Name: ++depot+UE4-Releases+4.7
LogInit: Command line: 
LogInit: Base directory: D:/Program Files/Epic Games/4.7/Engine/Binaries/Win64/
LogInit: Rocket: 1
[2015.06.06-00.46.31:749][  0]LogTaskGraph: Started task graph with 3 named threads and 6 total threads.
[2015.06.06-00.46.31:802][  0]LogOnline:Warning: No default platform service specified for OnlineSubsystem
[2015.06.06-00.46.31:815][  0]LogInit: Presizing for 0 objects not considered by GC, pre-allocating 0 bytes.
[2015.06.06-00.46.31:823][  0]LogInit: Object subsystem initialized
[2015.06.06-00.46.31:830][  0]LogInit: Selected Device Profile: [Windows]
[2015.06.06-00.46.31:830][  0]LogInit: Applying CVar settings loaded from the selected device profile: [Windows]
[2015.06.06-00.46.31:834][  0]LogInit: Computer: USUARIO
[2015.06.06-00.46.31:834][  0]LogInit: User: Usuario
[2015.06.06-00.46.31:834][  0]LogInit: CPU Page size=4096, Cores=4
[2015.06.06-00.46.31:834][  0]LogInit: High frequency timer resolution =3.515644 MHz
[2015.06.06-00.46.31:834][  0]LogMemory: Memory total: Physical=15.9GB (16GB approx) Virtual=8192.0GB
[2015.06.06-00.46.31:834][  0]LogMemory: Platform Memory Stats for Windows
[2015.06.06-00.46.31:834][  0]LogMemory: Process Physical Memory: 47.98 MB used, 47.98 MB peak
[2015.06.06-00.46.31:834][  0]LogMemory: Process Virtual Memory: 26.90 MB used, 26.90 MB peak
[2015.06.06-00.46.31:834][  0]LogMemory: Physical Memory: 10099.16 MB used, 16327.09 MB total
[2015.06.06-00.46.31:834][  0]LogMemory: Virtual Memory: 281.30 MB used, 8388608.00 MB total
[2015.06.06-00.46.31:864][  0]LogD3D11RHI: Found D3D11 adapter 0: NVIDIA GeForce GTX 960 (Feature Level 11_0)
[2015.06.06-00.46.31:864][  0]LogD3D11RHI: Adapter has 1969MB of dedicated video memory, 0MB of dedicated system memory, and 2048MB of shared system memory, 2 output[s]
[2015.06.06-00.46.31:864][  0]LogD3D11RHI: Chosen D3D11 Adapter Id = 0
[2015.06.06-00.46.31:869][  0]LogRHI: Texture pool is 1361 MB (70% of 1945 MB)
[2015.06.06-00.46.31:876][  0]LogD3D11RHI: Async texture creation enabled
[2015.06.06-00.46.32:260][  0]LogTextLocalizationManager: The requested culture ('en_US') has no localization data; parent culture's ('es') localization data will be used.
[2015.06.06-00.46.32:330][  0]LogTextLocalizationManager:Warning: Loading localization resources contain conflicting entries for (Namespace:UICommands, Key:Save_ToolTip):
Resource: (D:/Program Files/Epic Games/4.7/Engine/Content/Localization/Editor/en/Editor.locres) Hash: (-29098895) String: (Saves the current level to disk)
Resource: (D:/Program Files/Epic Games/4.7/Engine/Content/Localization/Engine/en/Engine.locres) Hash: (-1280300587) String: (Save selected data to vlog file)
[2015.06.06-00.46.32:331][  0]LogTextLocalizationManager:Warning: Loading localization resources contain conflicting entries for (Namespace:ContentBrowser, Key:ImportAssetToolTip):
Resource: (D:/Program Files/Epic Games/4.7/Engine/Content/Localization/Editor/en/Editor.locres) Hash: (-630476809) String: (Import to {0}...)
Resource: (D:/Program Files/Epic Games/4.7/Engine/Content/Localization/Editor/en/Editor.locres) Hash: (1271782899) String: (Imports an asset from file to this folder.)
[2015.06.06-00.46.32:405][  0]LogContentStreaming: Texture pool size is 0.000000MB
[2015.06.06-00.46.34:481][  0]LogTargetPlatformManager:Display: Building Assets For Windows
[2015.06.06-00.46.35:044][  0]LogTargetPlatformManager:Display: Building Assets For Windows
[2015.06.06-00.46.35:104][  0]LogDerivedDataCache:Display: Max Cache Size: 512 MB
[2015.06.06-00.46.35:139][  0]LogDerivedDataCache: Loaded boot cache 0.03s 44MB C:/Users/Usuario/AppData/Local/UnrealEngine/4.7/DerivedDataCache/Boot.ddc.
[2015.06.06-00.46.35:139][  0]LogDerivedDataCache:Display: Loaded Boot cache: C:/Users/Usuario/AppData/Local/UnrealEngine/4.7/DerivedDataCache/Boot.ddc
[2015.06.06-00.46.35:139][  0]LogDerivedDataCache: FDerivedDataBackendGraph:  Pak pak cache file ../../../../../../GitHub/Test/MAP/MyProject/DerivedDataCache/DDC.ddp not found, will not use a pak cache.
[2015.06.06-00.46.35:139][  0]LogDerivedDataCache: Unable to find inner node Pak for hierarchical cache Hierarchy.
[2015.06.06-00.46.35:244][  0]LogDerivedDataCache:Display: Pak cache opened for reading ../../../Engine/DerivedDataCache/Compressed.ddp.
[2015.06.06-00.46.35:255][  0]LogDerivedDataCache: Using Local data cache path C:/Users/Usuario/AppData/Local/UnrealEngine/Common/DerivedDataCache: Writable
[2015.06.06-00.46.35:510][  0]LogMeshUtilities: No automatic mesh reduction module available
[2015.06.06-00.46.35:510][  0]LogMeshUtilities: No automatic mesh merging module available
[2015.06.06-00.46.35:799][  0]LogInit: WinSock: version 1.1 (2.2), MaxSocks=32767, MaxUdp=65467
[2015.06.06-00.46.35:877][  0]LogSlate:Warning: Failed to load font data from '../../../Engine/Content/Slate/Fonts/Roboto-Italic.ttf'
[2015.06.06-00.46.36:737][  0]UdpMessaging: Initializing bridge on interface 0.0.0.0:0 to multicast group 230.0.0.1:6666.
[2015.06.06-00.46.36:939][  0]SourceControl: Info Source control is disabled
[2015.06.06-00.46.36:939][  0]SourceControl: Info Source control is disabled
[2015.06.06-00.46.36:939][  0]SourceControl: Info Source control is disabled
[2015.06.06-00.46.36:939][  0]LogSourceControl: RunCommandInternalRaw: 'git version'
[2015.06.06-00.46.36:939][  0]LogSourceControl: RunCommandInternalRaw: ExecProcess ReturnCode=2 OutResults=''
[2015.06.06-00.46.36:949][  0]SourceControl: Info Source control is disabled
[2015.06.06-00.46.37:136][  0]LogObj: 24231 objects as part of root set at end of initial load.
[2015.06.06-00.46.37:136][  0]LogUObjectAllocator: 5136432 out of 0 bytes used by permanent object pool.
[2015.06.06-00.46.37:208][  0]LogEngine: Initializing Engine...
[2015.06.06-00.46.39:338][  0]LogInit: XAudio2 using 'Altavoces (2- Realtek High Definition Audio)' : 2 channels at 48 kHz using 32 bits per sample (channel mask 0x3)
[2015.06.06-00.46.39:346][  0]LogInit: FAudioDevice initialized.
[2015.06.06-00.46.39:385][  0]LogAIModule: Creating AISystem for world NewWorld
[2015.06.06-00.46.39:405][  0]LogDerivedDataCache: Saved boot cache 0.02s 44MB C:/Users/Usuario/AppData/Local/UnrealEngine/4.7/DerivedDataCache/Boot.ddc.
[2015.06.06-00.46.39:407][  0]LogInit: Texture streaming: Enabled
[2015.06.06-00.46.39:489][  0]LogAnalytics: Creating configured Analytics provider AnalyticsET
[2015.06.06-00.46.39:489][  0]LogAnalytics: ET APIKey = Rocket.Release. APIServer = http://et2.epicgames.com/ET2/. AppVersion = 4.7.3-2479750+++depot+UE4-Releases+4.7
[2015.06.06-00.46.39:489][  0]LogAnalytics: ET APIKey = Rocket.Release. DataRouterUploadURL = https://datarouter-public-service-gamedev.ol.epicgames.net/datarouter/api/v1/public/data. AppVersion = 4.7.3-2479750+++depot+UE4-Releases+4.7
[2015.06.06-00.46.39:489][  0]LogAnalytics: SetUserId ffccb74c4d5d6b80711c1ba3e8beea39|515bd2677bef470e89637780ff333106|5f73ccf3-b65c-43de-b49e-d0c9c20d3c76
[2015.06.06-00.46.39:489][  0]LogAnalytics: AnalyticsET::StartSession [Rocket.Release]
[2015.06.06-00.46.39:513][  0]LogInit: Transaction tracking system initialized
[2015.06.06-00.46.39:675][  0]BlueprintLog: New page: Editor Load
[2015.06.06-00.46.39:708][  0]LogAssetRegistry: FAssetRegistry took 0.0099 seconds to start up
[2015.06.06-00.46.39:708][  0]LogDirectoryWatcher:Warning: Failed to begin reading directory changes for ../../../Engine/Plugins/Experimental/CharacterAI/Content/. Error: 0
[2015.06.06-00.46.40:258][  0]LogTargetPlatformManager:Display: Building Assets For Windows
[2015.06.06-00.46.40:659][  0]LogTargetPlatformManager:Display: Building Assets For Windows
[2015.06.06-00.46.44:435][  0]LogSlate:Warning: Failed to load font data from '../../../Engine/Content/Editor/Slate/Fonts/Roboto-Regular.ttf'
[2015.06.06-00.46.44:435][  0]LogSlate:Warning: Failed to load font data from '../../../Engine/Content/Editor/Slate/Fonts/Roboto-Bold.ttf'
[2015.06.06-00.46.44:443][  0]LogConsoleResponse:Display: 
[2015.06.06-00.46.44:589][  0]LogCook:Display: Done creating registry. It took  0.00s.
[2015.06.06-00.46.44:730][  0]SourceControl: Info Source control is disabled
[2015.06.06-00.46.44:730][  0]Cmd: MAP LOAD FILE="../../../../../../GitHub/Test/MAP/MyProject/Content/FirstPersonBP/Maps/FirstPersonExampleMap.umap" TEMPLATE=0 SHOWPROGRESS=1 FEATURELEVEL=3
[2015.06.06-00.46.44:730][  0]LightingResults: New page: Lighting Build
[2015.06.06-00.46.44:743][  0]MapCheck: New page: Map Check
[2015.06.06-00.46.44:743][  0]LightingResults: New page: Lighting Build
[2015.06.06-00.46.44:750][  0]LogParticles: Destroying 0 GPU particle simulations for FXSystem 0x0000000018014680
[2015.06.06-00.46.44:756][  0]LogLinker:Warning: Asset '../../../Engine/Content/EngineMeshes/Humanoid.uasset' has been saved with empty engine version. The asset will be loaded but may be incompatible.
[2015.06.06-00.46.46:203][  0]LogEditorServer: Finished looking for orphan Actors (0.000 secs)
[2015.06.06-00.46.47:048][  0]LogAIModule: Creating AISystem for world FirstPersonExampleMap
[2015.06.06-00.46.47:049][  0]Cmd: MAP CHECKDEP
[2015.06.06-00.46.47:049][  0]MapCheck: New page: FirstPersonExampleMap - Jun 6, 2015, 4:46:47 AM
[2015.06.06-00.46.47:119][  0]MapCheck: Info Map check complete: 0 Error(s), 0 Warning(s), took 70.231ms to complete.
[2015.06.06-00.46.47:119][  0]LogFileHelpers: Loading map 'FirstPersonExampleMap' took 2.390
[2015.06.06-00.46.47:603][  0]LogCollectionManager: Loaded 0 collections in 0.001374 seconds
[2015.06.06-00.46.47:634][  0]LogContentBrowser: Native class hierarchy populated in 0.0310 seconds. Added 1696 classes and 261 folders.
[2015.06.06-00.46.47:748][  0]LogContentBrowser: Native class hierarchy updated for 'SceneOutliner' in 0.0013 seconds. Added 1 classes and 2 folders.
[2015.06.06-00.46.48:087][  0]LogCrashTracker: Crashtracker disabled due to settings.
[2015.06.06-00.46.48:117][  0]LogSlate:Warning: Failed to load font data from 'Veranda'
[2015.06.06-00.46.48:125][  0]LogUObjectGlobals:Warning: Failed to find object 'Class None.'
[2015.06.06-00.46.48:175][  0]LogLoad: Full Startup: 18.22 seconds (BP compile: 0.59 seconds)
[2015.06.06-00.46.48:190][  0]LogContentBrowser:Verbose: The content browser source was changed by the sources view to '/Game/FirstPersonBP'
[2015.06.06-00.46.48:818][  0]LogRenderer:Warning: Reallocating scene render targets to support 1208x600 (Frame:2).
[2015.06.06-00.46.49:001][  2]LogAssetRegistry: Asset discovery search completed in 9.3039 seconds
[2015.06.06-00.47.11:627][417]LogPlayLevel: PIE:  No blueprints needed recompiling
[2015.06.06-00.47.11:627][417]PIE: New page: PIE session: FirstPersonExampleMap (Jun 6, 2015, 4:47:11 AM)
[2015.06.06-00.47.11:645][417]LogPlayLevel: PIE: StaticDuplicateObject took: (0.017604s)
[2015.06.06-00.47.11:646][417]LogPlayLevel: PIE: World Init took: (0.000629s)
[2015.06.06-00.47.11:646][417]LogPlayLevel: PIE: Created PIE world by copying editor world from /Game/FirstPersonBP/Maps/FirstPersonExampleMap.FirstPersonExampleMap to /Game/FirstPersonBP/Maps/UEDPIE_0_FirstPersonExampleMap.FirstPersonExampleMap (0.018440s)
[2015.06.06-00.47.11:773][417]LogWorld: Game class is 'FirstPersonGameMode_C'
[2015.06.06-00.47.11:876][417]LogAIModule: Creating AISystem for world FirstPersonExampleMap
[2015.06.06-00.47.11:881][417]LogWorld: Bringing World /Game/FirstPersonBP/Maps/UEDPIE_0_FirstPersonExampleMap.FirstPersonExampleMap up for play (max tick rate 0) at 2015.06.06-02.47.11
[2015.06.06-00.47.11:898][417]LogWorld: Bringing up level for play took: 0.022041
[2015.06.06-00.47.11:934][417]PIE: Info Play in editor start time for /Game/FirstPersonBP/Maps/UEDPIE_0_FirstPersonExampleMap -0.086
[2015.06.06-00.47.15:651][832]LogParticles: Destroying 0 GPU particle simulations for FXSystem 0x0000000010D15580
[2015.06.06-00.47.30:414][417]LogFactory: FactoryCreateBinary: MediaPlayer with MediaPlayerFactory (0 0 D:\Dropbox\Dropbox\EPIC - Epic - 2015-04-08 06-56-21.mp4)
[2015.06.06-00.47.32:194][417]LogContentBrowser:Verbose: The content browser source was changed by the sources view to 'None'
[2015.06.06-00.47.32:195][417]LogContentBrowser:Verbose: The content browser source was changed by the sources view to '/Game/FirstPersonBP'
[2015.06.06-00.47.51:200][ 66]LogFactory: FactoryCreateBinary: MediaPlayer with MediaPlayerFactory (0 0 D:\Dropbox\Dropbox\anim.avi)
[2015.06.06-00.47.53:323][ 66]LogContentBrowser:Verbose: The content browser source was changed by the sources view to 'None'
[2015.06.06-00.47.53:323][ 66]LogContentBrowser:Verbose: The content browser source was changed by the sources view to '/Game/FirstPersonBP'
[2015.06.06-00.48.58:870][689]LogFactory: FactoryCreateBinary: Texture with TextureFactory (0 0 D:\Dropbox\Dropbox\Miki_mierda\jimmy-01-e1357215619949.jpg)
[2015.06.06-00.49.00:616][689]0.000013 seconds to analyze Texture2D /Game/FirstPersonBP/jimmy-01-e1357215619949.jimmy-01-e1357215619949

[2015.06.06-00.49.00:627][689]LogTexture:Display: Building textures: jimmy-01-e1357215619949 (BGRA8)
[2015.06.06-00.49.00:713][689]LogContentBrowser:Verbose: The content browser source was changed by the sources view to 'None'
[2015.06.06-00.49.00:713][689]LogContentBrowser:Verbose: The content browser source was changed by the sources view to '/Game/FirstPersonBP'
[2015.06.06-00.49.02:082][822]LogMaterial: Missing cached shader map for material jimmy-01-e1357215619949_Mat, compiling. 
[2015.06.06-00.49.02:120][822]LogMaterial:Warning: Material /Game/FirstPersonBP/jimmy-01-e1357215619949_Mat.jimmy-01-e1357215619949_Mat needed to have new flag set bUsedWithStaticLighting !
[2015.06.06-00.49.02:122][822]LogMaterial: Missing cached shader map for material jimmy-01-e1357215619949_Mat, compiling. 
[2015.06.06-00.49.02:135][822]LogMaterial: 0.000044 seconds spent updating 1 materials, 1 interfaces, 0 instances, 0 with static permutations.
[2015.06.06-00.49.13:453][100]Cmd: TRANSACTION UNDO
[2015.06.06-00.49.13:453][100]LogEditorTransaction: Undo Assign Material to Component (Drag and Drop)
[2015.06.06-00.49.40:740][322]LogFactory: FactoryCreateBinary: Texture with TextureFactory (0 0 D:\Dropbox\Dropbox\Miki_mierda\fishkid.png)
[2015.06.06-00.49.42:265][322]0.000015 seconds to analyze Texture2D /Game/FirstPersonBP/fishkid.fishkid

[2015.06.06-00.49.42:269][322]LogTexture:Display: Building textures: fishkid (BGRA8)
[2015.06.06-00.49.42:316][322]LogContentBrowser:Verbose: The content browser source was changed by the sources view to 'None'
[2015.06.06-00.49.42:316][322]LogContentBrowser:Verbose: The content browser source was changed by the sources view to '/Game/FirstPersonBP'
[2015.06.06-00.49.43:906][505]LogMaterial: Missing cached shader map for material fishkid_Mat, compiling. 
[2015.06.06-00.49.49:185][ 82]LogMaterial:Warning: Material /Game/FirstPersonBP/fishkid_Mat.fishkid_Mat needed to have new flag set bUsedWithStaticLighting !
[2015.06.06-00.49.49:192][ 82]LogMaterial: Missing cached shader map for material fishkid_Mat, compiling. 
[2015.06.06-00.49.49:198][ 82]LogMaterial: 0.000069 seconds spent updating 1 materials, 1 interfaces, 0 instances, 0 with static permutations.
[2015.06.06-00.50.04:441][865]LogEditorViewport: Clicking on Actor (LMB): StaticMeshActor (BigWall)
[2015.06.06-00.50.11:586][631]Cmd: SELECT NONE
[2015.06.06-00.50.36:092][820]LogFactory: FactoryCreateBinary: Texture with TextureFactory (0 0 D:\Dropbox\Dropbox\Miki_mierda\mikicompany.png)
[2015.06.06-00.50.37:289][820]0.000016 seconds to analyze Texture2D /Game/FirstPersonBP/mikicompany.mikicompany

[2015.06.06-00.50.37:293][820]LogTexture:Display: Building textures: mikicompany (BGRA8)
[2015.06.06-00.50.37:351][820]LogContentBrowser:Verbose: The content browser source was changed by the sources view to 'None'
[2015.06.06-00.50.37:351][820]LogContentBrowser:Verbose: The content browser source was changed by the sources view to '/Game/FirstPersonBP'
[2015.06.06-00.50.40:187][142]LogMaterial: Missing cached shader map for material mikicompany_Mat, compiling. 
[2015.06.06-00.50.40:203][142]LogMaterial:Warning: Material /Game/FirstPersonBP/mikicompany_Mat.mikicompany_Mat needed to have new flag set bUsedWithStaticLighting !
[2015.06.06-00.50.40:204][142]LogMaterial: Missing cached shader map for material mikicompany_Mat, compiling. 
[2015.06.06-00.50.40:211][142]LogMaterial: 0.000081 seconds spent updating 1 materials, 1 interfaces, 0 instances, 0 with static permutations.
[2015.06.06-00.50.55:519][854]LogEditorViewport: Clicking on Actor (LMB): StaticMeshActor (Wall1)
[2015.06.06-00.51.08:311][670]LogFactory: FactoryCreateBinary: Texture with TextureFactory (0 0 D:\Dropbox\Dropbox\Miki_mierda\ScreenClip.png)
[2015.06.06-00.51.09:563][670]0.000013 seconds to analyze Texture2D /Game/FirstPersonBP/ScreenClip.ScreenClip

[2015.06.06-00.51.09:568][670]LogTexture:Display: Building textures: ScreenClip (BGRA8)
[2015.06.06-00.51.09:616][670]LogContentBrowser:Verbose: The content browser source was changed by the sources view to 'None'
[2015.06.06-00.51.09:616][670]LogContentBrowser:Verbose: The content browser source was changed by the sources view to '/Game/FirstPersonBP'
[2015.06.06-00.51.11:252][856]LogMaterial: Missing cached shader map for material ScreenClip_Mat, compiling. 
[2015.06.06-00.51.11:268][856]LogMaterial:Warning: Material /Game/FirstPersonBP/ScreenClip_Mat.ScreenClip_Mat needed to have new flag set bUsedWithStaticLighting !
[2015.06.06-00.51.11:271][856]LogMaterial: Missing cached shader map for material ScreenClip_Mat, compiling. 
[2015.06.06-00.51.11:278][856]LogMaterial: 0.000062 seconds spent updating 1 materials, 1 interfaces, 0 instances, 0 with static permutations.
[2015.06.06-00.51.16:051][336]Cmd: SELECT NONE
[2015.06.06-00.51.16:161][348]Cmd: SELECT NONE
[2015.06.06-00.51.21:964][ 10]LogPlayLevel: PIE:  No blueprints needed recompiling
[2015.06.06-00.51.21:964][ 10]PIE: New page: PIE session: FirstPersonExampleMap (Jun 6, 2015, 4:51:21 AM)
[2015.06.06-00.51.21:981][ 10]LogPlayLevel: PIE: StaticDuplicateObject took: (0.016250s)
[2015.06.06-00.51.21:982][ 10]LogPlayLevel: PIE: World Init took: (0.000649s)
[2015.06.06-00.51.21:982][ 10]LogPlayLevel: PIE: Created PIE world by copying editor world from /Game/FirstPersonBP/Maps/FirstPersonExampleMap.FirstPersonExampleMap to /Game/FirstPersonBP/Maps/UEDPIE_0_FirstPersonExampleMap.FirstPersonExampleMap (0.017058s)
[2015.06.06-00.51.22:018][ 10]LogWorld: Game class is 'FirstPersonGameMode_C'
[2015.06.06-00.51.22:019][ 10]LogAIModule: Creating AISystem for world FirstPersonExampleMap
[2015.06.06-00.51.22:025][ 10]LogWorld: Bringing World /Game/FirstPersonBP/Maps/UEDPIE_0_FirstPersonExampleMap.FirstPersonExampleMap up for play (max tick rate 0) at 2015.06.06-02.51.22
[2015.06.06-00.51.22:026][ 10]LogWorld: Bringing up level for play took: 0.005879
[2015.06.06-00.51.22:027][ 10]PIE: Info Play in editor start time for /Game/FirstPersonBP/Maps/UEDPIE_0_FirstPersonExampleMap 0.005
[2015.06.06-00.51.35:714][639]LogParticles: Destroying 0 GPU particle simulations for FXSystem 0x00000000126D1940
[2015.06.06-00.51.47:379][705]LogFactory: FactoryCreateBinary: Texture with TextureFactory (0 0 D:\Dropbox\Dropbox\Miki_mierda\Web\JoeBalloon-banner.png)
[2015.06.06-00.51.48:682][705]0.000012 seconds to analyze Texture2D /Game/FirstPersonBP/JoeBalloon-banner.JoeBalloon-banner

[2015.06.06-00.51.48:692][705]LogTexture:Display: Building textures: JoeBalloon-banner (BGRA8)
[2015.06.06-00.51.48:702][705]LogContentBrowser:Verbose: The content browser source was changed by the sources view to 'None'
[2015.06.06-00.51.48:702][705]LogContentBrowser:Verbose: The content browser source was changed by the sources view to '/Game/FirstPersonBP'
[2015.06.06-00.51.50:403][863]LogMaterial: Missing cached shader map for material JoeBalloon-banner_Mat, compiling. 
[2015.06.06-00.51.50:420][863]LogMaterial:Warning: Material /Game/FirstPersonBP/JoeBalloon-banner_Mat.JoeBalloon-banner_Mat needed to have new flag set bUsedWithStaticLighting !
[2015.06.06-00.51.50:421][863]LogMaterial: Missing cached shader map for material JoeBalloon-banner_Mat, compiling. 
[2015.06.06-00.51.50:428][863]LogMaterial: 0.000038 seconds spent updating 1 materials, 1 interfaces, 0 instances, 0 with static permutations.
[2015.06.06-00.52.14:112][517]LogEditorViewport: Clicking on Actor (LMB): StaticMeshActor (Wall8)
[2015.06.06-00.52.16:534][800]Cmd: SELECT NONE
[2015.06.06-00.52.20:548][260]LogEditorViewport: Clicking on Actor (LMB): StaticMeshActor (BigWall)
[2015.06.06-00.52.22:943][497]LogEditorViewport: Clicking on Actor (LMB): StaticMeshActor (BigWall)
[2015.06.06-00.52.30:934][428]Cmd: SELECT NONE
[2015.06.06-00.52.33:409][721]LogEditorViewport: Clicking on Actor (LMB): StaticMeshActor (Wall7)
[2015.06.06-00.52.33:528][732]Cmd: CAMERA ALIGN ACTIVEVIEWPORTONLY
[2015.06.06-00.52.34:416][828]Cmd: SELECT NONE
[2015.06.06-00.52.38:652][299]LogRenderer:Warning: Reallocating scene render targets to support 1336x688 (Frame:30320).
[2015.06.06-00.52.38:718][300]LogRenderer:Warning: Reallocating scene render targets to support 1920x1080 (Frame:30322).
[2015.06.06-00.52.40:097][421]LogPlayLevel: PIE:  No blueprints needed recompiling
[2015.06.06-00.52.40:097][421]PIE: New page: PIE session: FirstPersonExampleMap (Jun 6, 2015, 4:52:40 AM)
[2015.06.06-00.52.40:117][421]LogPlayLevel: PIE: StaticDuplicateObject took: (0.016732s)
[2015.06.06-00.52.40:117][421]LogPlayLevel: PIE: World Init took: (0.000607s)
[2015.06.06-00.52.40:117][421]LogPlayLevel: PIE: Created PIE world by copying editor world from /Game/FirstPersonBP/Maps/FirstPersonExampleMap.FirstPersonExampleMap to /Game/FirstPersonBP/Maps/UEDPIE_0_FirstPersonExampleMap.FirstPersonExampleMap (0.017486s)
[2015.06.06-00.52.40:154][421]LogWorld: Game class is 'FirstPersonGameMode_C'
[2015.06.06-00.52.40:156][421]LogAIModule: Creating AISystem for world FirstPersonExampleMap
[2015.06.06-00.52.40:162][421]LogWorld: Bringing World /Game/FirstPersonBP/Maps/UEDPIE_0_FirstPersonExampleMap.FirstPersonExampleMap up for play (max tick rate 0) at 2015.06.06-02.52.40
[2015.06.06-00.52.40:162][421]LogWorld: Bringing up level for play took: 0.006151
[2015.06.06-00.52.40:163][421]PIE: Info Play in editor start time for /Game/FirstPersonBP/Maps/UEDPIE_0_FirstPersonExampleMap 0.142
[2015.06.06-00.53.00:366][691]LogParticles: Destroying 0 GPU particle simulations for FXSystem 0x00000000127EDE40
[2015.06.06-00.53.18:302][287]LogFactory: FactoryCreateBinary: Texture with TextureFactory (0 0 D:\Dropbox\Dropbox\Miki_mierda\Web\pirates-01.png)
[2015.06.06-00.53.19:411][287]0.000023 seconds to analyze Texture2D /Game/FirstPersonBP/pirates-01.pirates-01

[2015.06.06-00.53.19:419][287]LogTexture:Display: Building textures: pirates-01 (BGRA8)
[2015.06.06-00.53.19:539][287]LogContentBrowser:Verbose: The content browser source was changed by the sources view to 'None'
[2015.06.06-00.53.19:540][287]LogContentBrowser:Verbose: The content browser source was changed by the sources view to '/Game/FirstPersonBP'
[2015.06.06-00.53.21:939][536]LogMaterial: Missing cached shader map for material pirates-01_Mat, compiling. 
[2015.06.06-00.53.21:957][536]LogMaterial:Warning: Material /Game/FirstPersonBP/pirates-01_Mat.pirates-01_Mat needed to have new flag set bUsedWithStaticLighting !
[2015.06.06-00.53.21:959][536]LogMaterial: Missing cached shader map for material pirates-01_Mat, compiling. 
[2015.06.06-00.53.21:965][536]LogMaterial: 0.000178 seconds spent updating 1 materials, 1 interfaces, 0 instances, 0 with static permutations.
[2015.06.06-00.53.22:830][601]LogEditorViewport: Clicking on Actor (LMB): StaticMeshActor (BigWall2)
[2015.06.06-00.54.00:835][ 79]LogEditorViewport: Clicking on Actor (LMB): StaticMeshActor (BigWall4)
[2015.06.06-00.54.21:788][735]LogFactory: FactoryCreateBinary: Texture with TextureFactory (0 0 D:\Dropbox\Dropbox\Miki_mierda\Web\vortex.png)
[2015.06.06-00.54.23:031][735]0.000017 seconds to analyze Texture2D /Game/FirstPersonBP/vortex.vortex

[2015.06.06-00.54.23:035][735]LogTexture:Display: Building textures: vortex (AutoDXT)
[2015.06.06-00.54.23:281][735]LogContentBrowser:Verbose: The content browser source was changed by the sources view to 'None'
[2015.06.06-00.54.23:281][735]LogContentBrowser:Verbose: The content browser source was changed by the sources view to '/Game/FirstPersonBP'
[2015.06.06-00.54.26:295][ 61]LogMaterial: Missing cached shader map for material vortex_Mat, compiling. 
[2015.06.06-00.54.28:161][233]LogEditorViewport: Clicking on Actor (LMB): StaticMeshActor (BigWall)
[2015.06.06-00.54.34:001][921]LogEditorViewport: Clicking on Actor (LMB): BP_Sky_Sphere_C (SkySphereBlueprint)
[2015.06.06-00.54.46:065][122]LogPlayLevel: PIE:  No blueprints needed recompiling
[2015.06.06-00.54.46:065][122]PIE: New page: PIE session: FirstPersonExampleMap (Jun 6, 2015, 4:54:46 AM)
[2015.06.06-00.54.46:085][122]LogPlayLevel: PIE: StaticDuplicateObject took: (0.017031s)
[2015.06.06-00.54.46:086][122]LogPlayLevel: PIE: World Init took: (0.000742s)
[2015.06.06-00.54.46:086][122]LogPlayLevel: PIE: Created PIE world by copying editor world from /Game/FirstPersonBP/Maps/FirstPersonExampleMap.FirstPersonExampleMap to /Game/FirstPersonBP/Maps/UEDPIE_0_FirstPersonExampleMap.FirstPersonExampleMap (0.017960s)
[2015.06.06-00.54.46:132][122]LogWorld: Game class is 'FirstPersonGameMode_C'
[2015.06.06-00.54.46:133][122]LogAIModule: Creating AISystem for world FirstPersonExampleMap
[2015.06.06-00.54.46:139][122]LogWorld: Bringing World /Game/FirstPersonBP/Maps/UEDPIE_0_FirstPersonExampleMap.FirstPersonExampleMap up for play (max tick rate 0) at 2015.06.06-02.54.46
[2015.06.06-00.54.46:140][122]LogWorld: Bringing up level for play took: 0.006126
[2015.06.06-00.54.46:141][122]PIE: Info Play in editor start time for /Game/FirstPersonBP/Maps/UEDPIE_0_FirstPersonExampleMap 0.118
[2015.06.06-00.55.22:237][223]LogParticles: Destroying 0 GPU particle simulations for FXSystem 0x0000000011303E20
[2015.06.06-00.55.25:347][522]MapCheck: New page: Map Check
[2015.06.06-00.55.25:371][522]Cmd: MAP REBUILD ALLVISIBLE
[2015.06.06-00.55.25:371][522]LogEditorServer: Rebuildmap Clear paths rebuilt
[2015.06.06-00.55.25:447][522]LightingResults: New page: Lighting Build - Jun 6, 2015, 4:55:25 AM
[2015.06.06-00.55.47:780][522]LogStaticLightingSystem: Running Lightmass w/ ImmediateImport mode ENABLED
[2015.06.06-00.55.47:780][522]LogStaticLightingSystem: Running Lightmass w/ ImmediateProcess mode ENABLED
[2015.06.06-00.55.47:780][522]LogStaticLightingSystem: Running Lightmass w/ Sorting mode ENABLED
[2015.06.06-00.55.47:780][522]LogStaticLightingSystem: Running Lightmass w/ Mapping paddings ENABLED
[2015.06.06-00.55.47:780][522]LogStaticLightingSystem: Running Lightmass w/ Mapping debug paddings DISABLED
[2015.06.06-00.55.47:950][522]LogEditorBuildUtils: Build time 0:00:22
[2015.06.06-00.55.47:962][522]LogMaterial: Missing cached shader map for material FLightmassMaterialRenderer fishkid_Mat, compiling. 
[2015.06.06-00.55.47:965][522]LogMaterial: Missing cached shader map for material FLightmassMaterialRenderer fishkid_Mat, compiling. 
[2015.06.06-00.55.47:968][522]LogMaterial: Missing cached shader map for material FLightmassMaterialRenderer JoeBalloon-banner_Mat, compiling. 
[2015.06.06-00.55.47:971][522]LogMaterial: Missing cached shader map for material FLightmassMaterialRenderer JoeBalloon-banner_Mat, compiling. 
[2015.06.06-00.55.47:995][523]LogMaterial: Missing cached shader map for material FLightmassMaterialRenderer pirates-01_Mat, compiling. 
[2015.06.06-00.55.48:000][523]LogMaterial: Missing cached shader map for material FLightmassMaterialRenderer pirates-01_Mat, compiling. 
[2015.06.06-00.55.48:003][523]LogMaterial: Missing cached shader map for material FLightmassMaterialRenderer vortex_Mat, compiling. 
[2015.06.06-00.55.48:006][523]LogMaterial: Missing cached shader map for material FLightmassMaterialRenderer vortex_Mat, compiling. 
[2015.06.06-00.56.13:603][  5]Cmd: SELECT NONE
[2015.06.06-00.57.14:549][686]Job is a success!
[2015.06.06-00.57.15:725][687]LogMaterial:Warning: Material /Game/FirstPersonBP/vortex_Mat.vortex_Mat needed to have new flag set bUsedWithStaticLighting !
[2015.06.06-00.57.15:729][687]LogMaterial: Missing cached shader map for material vortex_Mat, compiling. 
[2015.06.06-00.57.15:736][687]LogMaterial: 0.000059 seconds spent updating 1 materials, 1 interfaces, 0 instances, 0 with static permutations.
[2015.06.06-00.57.18:794][687]LogTexture:Display: Building textures: HQ_Lightmap1_1 (AutoDXT)
[2015.06.06-00.57.20:521][687]LogTexture:Display: Building textures: LQ_Lightmap_0_9 (DXT1)
[2015.06.06-00.57.20:523][687]LogTexture:Display: Building textures: HQ_Lightmap0_9 (AutoDXT)
[2015.06.06-00.57.20:531][687]LogTexture:Display: Building textures: LQ_Lightmap_1_8 (DXT1)
[2015.06.06-00.57.20:744][687]LogTexture:Display: Building textures: HQ_Lightmap1_8 (AutoDXT)
[2015.06.06-00.57.21:216][687]LogTexture:Display: Building textures: LQ_Lightmap_1_7 (DXT1)
[2015.06.06-00.57.21:415][687]LogTexture:Display: Building textures: HQ_Lightmap1_7 (AutoDXT)
[2015.06.06-00.57.22:254][687]LogTexture:Display: Building textures: LQ_Lightmap_0_6 (DXT1)
[2015.06.06-00.57.22:479][687]LogTexture:Display: Building textures: HQ_Lightmap0_6 (AutoDXT)
[2015.06.06-00.57.23:311][687]LogTexture:Display: Building textures: LQ_Lightmap_0_5 (DXT1)
[2015.06.06-00.57.23:467][687]LogTexture:Display: Building textures: HQ_Lightmap0_5 (AutoDXT)
[2015.06.06-00.57.24:011][687]LogTexture:Display: Building textures: LQ_Lightmap_1_4 (DXT1)
[2015.06.06-00.57.24:217][687]LogTexture:Display: Building textures: HQ_Lightmap1_4 (AutoDXT)
[2015.06.06-00.57.24:793][687]LogTexture:Display: Building textures: LQ_Lightmap_1_3 (DXT1)
[2015.06.06-00.57.24:979][687]LogTexture:Display: Building textures: HQ_Lightmap1_3 (AutoDXT)
[2015.06.06-00.57.25:523][687]LogTexture:Display: Building textures: LQ_Lightmap_1_2 (DXT1)
[2015.06.06-00.57.25:693][687]LogTexture:Display: Building textures: HQ_Lightmap1_2 (AutoDXT)
[2015.06.06-00.57.26:239][687]LogTexture:Display: Building textures: LQ_Lightmap_0_1 (DXT1)
[2015.06.06-00.57.28:481][687]LogTexture:Display: Building textures: ShadowMapTexture2D_4 (BGRA8)
[2015.06.06-00.57.29:285][687]LogTexture:Display: Building textures: ShadowMapTexture2D_5 (BGRA8)
[2015.06.06-00.57.29:733][687]LogTexture:Display: Building textures: ShadowMapTexture2D_8 (BGRA8)
[2015.06.06-00.57.30:185][687]LogTexture:Display: Building textures: ShadowMapTexture2D_9 (BGRA8)
[2015.06.06-00.57.30:645][687]LogTexture:Display: Building textures: ShadowMapTexture2D_10 (BGRA8)
[2015.06.06-00.57.31:100][687]LogTexture:Display: Building textures: ShadowMapTexture2D_11 (BGRA8)
[2015.06.06-00.57.31:554][687]LogTexture:Display: Building textures: ShadowMapTexture2D_12 (BGRA8)
[2015.06.06-00.57.32:012][687]LogTexture:Display: Building textures: ShadowMapTexture2D_13 (BGRA8)
[2015.06.06-00.57.32:479][687]LogTexture:Display: Building textures: ShadowMapTexture2D_14 (BGRA8)
[2015.06.06-00.57.32:940][687]LogTexture:Display: Building textures: ShadowMapTexture2D_15 (BGRA8)
[2015.06.06-00.57.33:036][687]LogTexture:Display: Building textures: ShadowMapTexture2D_16 (BGRA8)
[2015.06.06-00.57.33:097][687]Lightmass on USUARIO: 1:42 min total, 95 ms importing, 0 ms setup, 3.13 sec photons, 1:39 min processing, 0 ms extra exporting [11/11 mappings]. Threads: 11:37 min total, 6:39 min processing.
[2015.06.06-00.57.33:151][687]LogStaticLightingSystem: Illumination: 2:07 min (17.2 sec encoding lightmaps)
[2015.06.06-00.57.33:151][687]LogStaticLightingSystem: Lightmap texture memory:  58.7 MB (58.7 MB streaming, 0.0 MB non-streaming), 18 textures
[2015.06.06-00.57.33:151][687]LogStaticLightingSystem: Shadowmap texture memory: 138.7 MB (138.7 MB streaming, 0.0 MB non-streaming), 11 textures
[2015.06.06-00.57.33:817][688]Cmd: MAP CHECK NOTIFYRESULTS
[2015.06.06-00.57.33:817][688]MapCheck: New page: FirstPersonExampleMap - Jun 6, 2015, 4:57:33 AM
[2015.06.06-00.57.33:939][688]MapCheck: Info Map check complete: 0 Error(s), 0 Warning(s), took 121.869ms to complete.
[2015.06.06-00.57.38:533][717]LogTexture:Warning: Failed to stream mip data from the derived data cache for /Game/FirstPersonBP/Maps/FirstPersonExampleMap.HQ_Lightmap0_2. Streaming mips will be recached.
[2015.06.06-00.57.38:537][717]LogTexture:Display: Building textures: HQ_Lightmap0_2 (AutoDXT)
[2015.06.06-00.58.26:563][ 70]LogSavePackage: Save=2416.699707ms
[2015.06.06-00.58.26:563][ 70]LogSavePackage: Moving '../../../../../../GitHub/Test/MAP/MyProject/Saved/FirstPersonExampleMap_Auto11483EC184D16D1B6C56198832DF1B7BA.tmp' to '../../../../../../GitHub/Test/MAP/MyProject/Saved/Autosaves/Game/FirstPersonBP/Maps/FirstPersonExampleMap_Auto1.umap'
[2015.06.06-00.58.26:588][ 70]LogFileHelpers: Editor autosave (incl. sublevels) for '/Game/FirstPersonBP/Maps/FirstPersonExampleMap' took 2.803
[2015.06.06-00.58.26:589][ 70]LogFileHelpers: Editor autosave (incl. sublevels) for all levels took 2.803
[2015.06.06-00.58.26:623][ 70]OBJ SavePackage: Generating thumbnails for [1] asset(s) in package [/Game/FirstPersonBP/jimmy-01-e1357215619949] ([1] browsable assets)...
[2015.06.06-00.58.26:636][ 70]OBJ SavePackage:     Rendered thumbnail for [Texture2D /Game/FirstPersonBP/jimmy-01-e1357215619949.jimmy-01-e1357215619949]
[2015.06.06-00.58.26:636][ 70]OBJ SavePackage: Finished generating thumbnails for package [/Game/FirstPersonBP/jimmy-01-e1357215619949]
[2015.06.06-00.58.27:218][ 70]LogSavePackage: Save=580.066711ms
[2015.06.06-00.58.27:219][ 70]LogSavePackage: Moving '../../../../../../GitHub/Test/MAP/MyProject/Saved/jimmy-01-e1357215619949_Auto19673020646A8DFD04B0B508C83FA7677.tmp' to '../../../../../../GitHub/Test/MAP/MyProject/Saved/Autosaves/Game/FirstPersonBP/jimmy-01-e1357215619949_Auto1.uasset'
[2015.06.06-00.58.27:297][ 70]OBJ SavePackage: Generating thumbnails for [0] asset(s) in package [/Game/FirstPersonBP/anim] ([1] browsable assets)...
[2015.06.06-00.58.27:297][ 70]OBJ SavePackage: Finished generating thumbnails for package [/Game/FirstPersonBP/anim]
[2015.06.06-00.58.27:314][ 70]Cmd: OBJ SAVEPACKAGE PACKAGE="/Game/FirstPersonBP/anim" FILE="../../../../../../GitHub/Test/MAP/MyProject/Saved/Autosaves/Game/FirstPersonBP/anim_Auto1.uasset" SILENT=false AUTOSAVING=true
[2015.06.06-00.58.27:378][ 70]LogSavePackage: Save=62.981632ms
[2015.06.06-00.58.27:378][ 70]LogSavePackage: Moving '../../../../../../GitHub/Test/MAP/MyProject/Saved/anim_Auto12AF304A24F344AA89349379B2294CC11.tmp' to '../../../../../../GitHub/Test/MAP/MyProject/Saved/Autosaves/Game/FirstPersonBP/anim_Auto1.uasset'
[2015.06.06-00.58.27:419][ 70]OBJ SavePackage: Generating thumbnails for [1] asset(s) in package [/Game/FirstPersonBP/jimmy-01-e1357215619949_Mat] ([1] browsable assets)...
[2015.06.06-00.58.27:448][ 70]OBJ SavePackage:     Rendered thumbnail for [Material /Game/FirstPersonBP/jimmy-01-e1357215619949_Mat.jimmy-01-e1357215619949_Mat]
[2015.06.06-00.58.27:448][ 70]OBJ SavePackage: Finished generating thumbnails for package [/Game/FirstPersonBP/jimmy-01-e1357215619949_Mat]
[2015.06.06-00.58.27:734][ 70]LogSavePackage: Save=282.564453ms
[2015.06.06-00.58.27:734][ 70]LogSavePackage: Moving '../../../../../../GitHub/Test/MAP/MyProject/Saved/jimmy-01-e1357215619949_Mat_Auto14A38C73E4BD426A898D12D8B2151819E.tmp' to '../../../../../../GitHub/Test/MAP/MyProject/Saved/Autosaves/Game/FirstPersonBP/jimmy-01-e1357215619949_Mat_Auto1.uasset'
[2015.06.06-00.58.27:770][ 70]OBJ SavePackage: Generating thumbnails for [1] asset(s) in package [/Game/FirstPersonBP/fishkid] ([1] browsable assets)...
[2015.06.06-00.58.27:784][ 70]OBJ SavePackage:     Rendered thumbnail for [Texture2D /Game/FirstPersonBP/fishkid.fishkid]
[2015.06.06-00.58.27:784][ 70]OBJ SavePackage: Finished generating thumbnails for package [/Game/FirstPersonBP/fishkid]
[2015.06.06-00.58.27:786][ 70]Cmd: OBJ SAVEPACKAGE PACKAGE="/Game/FirstPersonBP/fishkid" FILE="../../../../../../GitHub/Test/MAP/MyProject/Saved/Autosaves/Game/FirstPersonBP/fishkid_Auto1.uasset" SILENT=false AUTOSAVING=true
[2015.06.06-00.58.28:745][ 70]LogSavePackage: Save=958.032715ms
[2015.06.06-00.58.28:746][ 70]LogSavePackage: Moving '../../../../../../GitHub/Test/MAP/MyProject/Saved/fishkid_Auto16834DD6A4FB32EEAF7FBD0A38AA04C28.tmp' to '../../../../../../GitHub/Test/MAP/MyProject/Saved/Autosaves/Game/FirstPersonBP/fishkid_Auto1.uasset'
[2015.06.06-00.58.28:784][ 70]OBJ SavePackage: Generating thumbnails for [1] asset(s) in package [/Game/FirstPersonBP/fishkid_Mat] ([1] browsable assets)...
[2015.06.06-00.58.28:825][ 70]OBJ SavePackage:     Rendered thumbnail for [Material /Game/FirstPersonBP/fishkid_Mat.fishkid_Mat]
[2015.06.06-00.58.28:825][ 70]OBJ SavePackage: Finished generating thumbnails for package [/Game/FirstPersonBP/fishkid_Mat]
[2015.06.06-00.58.28:827][ 70]Cmd: OBJ SAVEPACKAGE PACKAGE="/Game/FirstPersonBP/fishkid_Mat" FILE="../../../../../../GitHub/Test/MAP/MyProject/Saved/Autosaves/Game/FirstPersonBP/fishkid_Mat_Auto1.uasset" SILENT=false AUTOSAVING=true
[2015.06.06-00.58.29:144][ 70]LogSavePackage: Save=316.814789ms
[2015.06.06-00.58.29:145][ 70]LogSavePackage: Moving '../../../../../../GitHub/Test/MAP/MyProject/Saved/fishkid_Mat_Auto1DFF0DD6F44EE5D4F7FEE73B08CE66BA0.tmp' to '../../../../../../GitHub/Test/MAP/MyProject/Saved/Autosaves/Game/FirstPersonBP/fishkid_Mat_Auto1.uasset'
[2015.06.06-00.58.29:187][ 70]OBJ SavePackage: Generating thumbnails for [1] asset(s) in package [/Game/FirstPersonBP/mikicompany] ([1] browsable assets)...
[2015.06.06-00.58.29:202][ 70]OBJ SavePackage:     Rendered thumbnail for [Texture2D /Game/FirstPersonBP/mikicompany.mikicompany]
[2015.06.06-00.58.29:202][ 70]OBJ SavePackage: Finished generating thumbnails for package [/Game/FirstPersonBP/mikicompany]
[2015.06.06-00.58.29:204][ 70]Cmd: OBJ SAVEPACKAGE PACKAGE="/Game/FirstPersonBP/mikicompany" FILE="../../../../../../GitHub/Test/MAP/MyProject/Saved/Autosaves/Game/FirstPersonBP/mikicompany_Auto1.uasset" SILENT=false AUTOSAVING=true
[2015.06.06-00.58.29:546][ 70]LogSavePackage: Save=340.675568ms
[2015.06.06-00.58.29:556][ 70]LogSavePackage: Moving '../../../../../../GitHub/Test/MAP/MyProject/Saved/mikicompany_Auto167602D4046AC48BD96E2E68E75CF7E7D.tmp' to '../../../../../../GitHub/Test/MAP/MyProject/Saved/Autosaves/Game/FirstPersonBP/mikicompany_Auto1.uasset'
[2015.06.06-00.58.29:597][ 70]OBJ SavePackage: Generating thumbnails for [1] asset(s) in package [/Game/FirstPersonBP/mikicompany_Mat] ([1] browsable assets)...
[2015.06.06-00.58.29:641][ 70]OBJ SavePackage:     Rendered thumbnail for [Material /Game/FirstPersonBP/mikicompany_Mat.mikicompany_Mat]
[2015.06.06-00.58.29:641][ 70]OBJ SavePackage: Finished generating thumbnails for package [/Game/FirstPersonBP/mikicompany_Mat]
[2015.06.06-00.58.30:085][ 70]LogSavePackage: Save=440.387878ms
[2015.06.06-00.58.30:085][ 70]LogSavePackage: Moving '../../../../../../GitHub/Test/MAP/MyProject/Saved/mikicompany_Mat_Auto15A5E913045272EB70C5358930F84A9ED.tmp' to '../../../../../../GitHub/Test/MAP/MyProject/Saved/Autosaves/Game/FirstPersonBP/mikicompany_Mat_Auto1.uasset'
[2015.06.06-00.58.30:121][ 70]OBJ SavePackage: Generating thumbnails for [1] asset(s) in package [/Game/FirstPersonBP/ScreenClip] ([1] browsable assets)...
[2015.06.06-00.58.30:153][ 70]OBJ SavePackage:     Rendered thumbnail for [Texture2D /Game/FirstPersonBP/ScreenClip.ScreenClip]
[2015.06.06-00.58.30:153][ 70]OBJ SavePackage: Finished generating thumbnails for package [/Game/FirstPersonBP/ScreenClip]
[2015.06.06-00.58.30:155][ 70]Cmd: OBJ SAVEPACKAGE PACKAGE="/Game/FirstPersonBP/ScreenClip" FILE="../../../../../../GitHub/Test/MAP/MyProject/Saved/Autosaves/Game/FirstPersonBP/ScreenClip_Auto1.uasset" SILENT=false AUTOSAVING=true
[2015.06.06-00.58.30:593][ 70]LogSavePackage: Save=436.801331ms
[2015.06.06-00.58.30:594][ 70]LogSavePackage: Moving '../../../../../../GitHub/Test/MAP/MyProject/Saved/ScreenClip_Auto1D984798C482DE8F0799595BBA626387C.tmp' to '../../../../../../GitHub/Test/MAP/MyProject/Saved/Autosaves/Game/FirstPersonBP/ScreenClip_Auto1.uasset'
[2015.06.06-00.58.30:633][ 70]OBJ SavePackage: Generating thumbnails for [1] asset(s) in package [/Game/FirstPersonBP/ScreenClip_Mat] ([1] browsable assets)...
[2015.06.06-00.58.30:674][ 70]OBJ SavePackage:     Rendered thumbnail for [Material /Game/FirstPersonBP/ScreenClip_Mat.ScreenClip_Mat]
[2015.06.06-00.58.30:675][ 70]OBJ SavePackage: Finished generating thumbnails for package [/Game/FirstPersonBP/ScreenClip_Mat]
[2015.06.06-00.58.30:988][ 70]LogSavePackage: Save=310.814178ms
[2015.06.06-00.58.30:989][ 70]LogSavePackage: Moving '../../../../../../GitHub/Test/MAP/MyProject/Saved/ScreenClip_Mat_Auto14A57F6764F2D3B5642DDB1BE49931A5E.tmp' to '../../../../../../GitHub/Test/MAP/MyProject/Saved/Autosaves/Game/FirstPersonBP/ScreenClip_Mat_Auto1.uasset'
[2015.06.06-00.58.31:031][ 70]OBJ SavePackage: Generating thumbnails for [1] asset(s) in package [/Game/FirstPersonBP/JoeBalloon-banner] ([1] browsable assets)...
[2015.06.06-00.58.31:049][ 70]OBJ SavePackage:     Rendered thumbnail for [Texture2D /Game/FirstPersonBP/JoeBalloon-banner.JoeBalloon-banner]
[2015.06.06-00.58.31:049][ 70]OBJ SavePackage: Finished generating thumbnails for package [/Game/FirstPersonBP/JoeBalloon-banner]
[2015.06.06-00.58.31:219][ 70]LogSavePackage: Save=166.551285ms
[2015.06.06-00.58.31:219][ 70]LogSavePackage: Moving '../../../../../../GitHub/Test/MAP/MyProject/Saved/JoeBalloon-banner_Auto159667682425364E927031DBFC1F6C6BF.tmp' to '../../../../../../GitHub/Test/MAP/MyProject/Saved/Autosaves/Game/FirstPersonBP/JoeBalloon-banner_Auto1.uasset'
[2015.06.06-00.58.31:261][ 70]OBJ SavePackage: Generating thumbnails for [1] asset(s) in package [/Game/FirstPersonBP/JoeBalloon-banner_Mat] ([1] browsable assets)...
[2015.06.06-00.58.31:305][ 70]OBJ SavePackage:     Rendered thumbnail for [Material /Game/FirstPersonBP/JoeBalloon-banner_Mat.JoeBalloon-banner_Mat]
[2015.06.06-00.58.31:305][ 70]OBJ SavePackage: Finished generating thumbnails for package [/Game/FirstPersonBP/JoeBalloon-banner_Mat]
[2015.06.06-00.58.31:745][ 70]LogSavePackage: Save=437.715820ms
[2015.06.06-00.58.31:746][ 70]LogSavePackage: Moving '../../../../../../GitHub/Test/MAP/MyProject/Saved/JoeBalloon-banner_Mat_Auto1E0CB78CB4ADC987FAACC2F82B02D5202.tmp' to '../../../../../../GitHub/Test/MAP/MyProject/Saved/Autosaves/Game/FirstPersonBP/JoeBalloon-banner_Mat_Auto1.uasset'
[2015.06.06-00.58.31:786][ 70]OBJ SavePackage: Generating thumbnails for [1] asset(s) in package [/Game/FirstPersonBP/pirates-01] ([1] browsable assets)...
[2015.06.06-00.58.31:804][ 70]OBJ SavePackage:     Rendered thumbnail for [Texture2D /Game/FirstPersonBP/pirates-01.pirates-01]
[2015.06.06-00.58.31:804][ 70]OBJ SavePackage: Finished generating thumbnails for package [/Game/FirstPersonBP/pirates-01]
[2015.06.06-00.58.31:806][ 70]Cmd: OBJ SAVEPACKAGE PACKAGE="/Game/FirstPersonBP/pirates-01" FILE="../../../../../../GitHub/Test/MAP/MyProject/Saved/Autosaves/Game/FirstPersonBP/pirates-01_Auto1.uasset" SILENT=false AUTOSAVING=true
[2015.06.06-00.58.32:481][ 70]LogSavePackage: Save=673.640137ms
[2015.06.06-00.58.32:482][ 70]LogSavePackage: Moving '../../../../../../GitHub/Test/MAP/MyProject/Saved/pirates-01_Auto1FFD18C1D4F7E3AF7C73398BA9E799634.tmp' to '../../../../../../GitHub/Test/MAP/MyProject/Saved/Autosaves/Game/FirstPersonBP/pirates-01_Auto1.uasset'
[2015.06.06-00.58.32:526][ 70]OBJ SavePackage: Generating thumbnails for [1] asset(s) in package [/Game/FirstPersonBP/pirates-01_Mat] ([1] browsable assets)...
[2015.06.06-00.58.32:543][ 70]OBJ SavePackage:     Rendered thumbnail for [Material /Game/FirstPersonBP/pirates-01_Mat.pirates-01_Mat]
[2015.06.06-00.58.32:543][ 70]OBJ SavePackage: Finished generating thumbnails for package [/Game/FirstPersonBP/pirates-01_Mat]
[2015.06.06-00.58.32:895][ 70]LogSavePackage: Save=348.656189ms
[2015.06.06-00.58.32:895][ 70]LogSavePackage: Moving '../../../../../../GitHub/Test/MAP/MyProject/Saved/pirates-01_Mat_Auto184DF6ADF4EDE60C717F2F88647743282.tmp' to '../../../../../../GitHub/Test/MAP/MyProject/Saved/Autosaves/Game/FirstPersonBP/pirates-01_Mat_Auto1.uasset'
[2015.06.06-00.58.32:936][ 70]OBJ SavePackage: Generating thumbnails for [1] asset(s) in package [/Game/FirstPersonBP/vortex] ([1] browsable assets)...
[2015.06.06-00.58.32:953][ 70]OBJ SavePackage:     Rendered thumbnail for [Texture2D /Game/FirstPersonBP/vortex.vortex]
[2015.06.06-00.58.32:953][ 70]OBJ SavePackage: Finished generating thumbnails for package [/Game/FirstPersonBP/vortex]
[2015.06.06-00.58.32:956][ 70]Cmd: OBJ SAVEPACKAGE PACKAGE="/Game/FirstPersonBP/vortex" FILE="../../../../../../GitHub/Test/MAP/MyProject/Saved/Autosaves/Game/FirstPersonBP/vortex_Auto1.uasset" SILENT=false AUTOSAVING=true
[2015.06.06-00.58.33:623][ 70]LogSavePackage: Save=665.742615ms
[2015.06.06-00.58.33:623][ 70]LogSavePackage: Moving '../../../../../../GitHub/Test/MAP/MyProject/Saved/vortex_Auto1382178094DBEA467C3FE7B9BB2293F77.tmp' to '../../../../../../GitHub/Test/MAP/MyProject/Saved/Autosaves/Game/FirstPersonBP/vortex_Auto1.uasset'
[2015.06.06-00.58.33:662][ 70]OBJ SavePackage: Generating thumbnails for [1] asset(s) in package [/Game/FirstPersonBP/vortex_Mat] ([1] browsable assets)...
[2015.06.06-00.58.33:676][ 70]OBJ SavePackage:     Rendered thumbnail for [Material /Game/FirstPersonBP/vortex_Mat.vortex_Mat]
[2015.06.06-00.58.33:676][ 70]OBJ SavePackage: Finished generating thumbnails for package [/Game/FirstPersonBP/vortex_Mat]
[2015.06.06-00.58.33:678][ 70]Cmd: OBJ SAVEPACKAGE PACKAGE="/Game/FirstPersonBP/vortex_Mat" FILE="../../../../../../GitHub/Test/MAP/MyProject/Saved/Autosaves/Game/FirstPersonBP/vortex_Mat_Auto1.uasset" SILENT=false AUTOSAVING=true
[2015.06.06-00.58.34:036][ 70]LogSavePackage: Save=357.723663ms
[2015.06.06-00.58.34:037][ 70]LogSavePackage: Moving '../../../../../../GitHub/Test/MAP/MyProject/Saved/vortex_Mat_Auto15F5E7BFB4C470AECB601E9BB38EBECCC.tmp' to '../../../../../../GitHub/Test/MAP/MyProject/Saved/Autosaves/Game/FirstPersonBP/vortex_Mat_Auto1.uasset'
[2015.06.06-00.58.34:044][ 70]LogFileHelpers: Auto-saving content packages took 7.455
[2015.06.06-00.58.39:385][391]LogPlayLevel: PIE:  No blueprints needed recompiling
[2015.06.06-00.58.39:385][391]PIE: New page: PIE session: FirstPersonExampleMap (Jun 6, 2015, 4:58:39 AM)
[2015.06.06-00.58.39:428][391]LogPlayLevel: PIE: StaticDuplicateObject took: (0.042028s)
[2015.06.06-00.58.39:429][391]LogPlayLevel: PIE: World Init took: (0.000667s)
[2015.06.06-00.58.39:429][391]LogPlayLevel: PIE: Created PIE world by copying editor world from /Game/FirstPersonBP/Maps/FirstPersonExampleMap.FirstPersonExampleMap to /Game/FirstPersonBP/Maps/UEDPIE_0_FirstPersonExampleMap.FirstPersonExampleMap (0.042922s)
[2015.06.06-00.58.39:464][391]LogWorld: Game class is 'FirstPersonGameMode_C'
[2015.06.06-00.58.39:466][391]LogAIModule: Creating AISystem for world FirstPersonExampleMap
[2015.06.06-00.58.39:472][391]LogWorld: Bringing World /Game/FirstPersonBP/Maps/UEDPIE_0_FirstPersonExampleMap.FirstPersonExampleMap up for play (max tick rate 0) at 2015.06.06-02.58.39
[2015.06.06-00.58.39:472][391]LogWorld: Bringing up level for play took: 0.006219
[2015.06.06-00.58.39:474][391]PIE: Info Play in editor start time for /Game/FirstPersonBP/Maps/UEDPIE_0_FirstPersonExampleMap -0.551
[2015.06.06-00.59.07:448][731]LogParticles: Destroying 0 GPU particle simulations for FXSystem 0x000000000E54F600
[2015.06.06-00.59.48:435][300]LogD3D11RHI:Warning: Temp texture streaming buffer not large enough, needed 8388608 bytes
[2015.06.06-00.59.50:306][513]LogD3D11RHI:Warning: Temp texture streaming buffer not large enough, needed 8388608 bytes
[2015.06.06-00.59.53:711][914]LogPlayLevel: PIE:  No blueprints needed recompiling
[2015.06.06-00.59.53:711][914]PIE: New page: PIE session: FirstPersonExampleMap (Jun 6, 2015, 4:59:53 AM)
[2015.06.06-00.59.53:722][914]LogPlayLevel: PIE: StaticDuplicateObject took: (0.010194s)
[2015.06.06-00.59.53:722][914]LogPlayLevel: PIE: World Init took: (0.000457s)
[2015.06.06-00.59.53:722][914]LogPlayLevel: PIE: Created PIE world by copying editor world from /Game/FirstPersonBP/Maps/FirstPersonExampleMap.FirstPersonExampleMap to /Game/FirstPersonBP/Maps/UEDPIE_0_FirstPersonExampleMap.FirstPersonExampleMap (0.010786s)
[2015.06.06-00.59.53:767][914]LogWorld: Game class is 'FirstPersonGameMode_C'
[2015.06.06-00.59.53:769][914]LogAIModule: Creating AISystem for world FirstPersonExampleMap
[2015.06.06-00.59.53:774][914]LogWorld: Bringing World /Game/FirstPersonBP/Maps/UEDPIE_0_FirstPersonExampleMap.FirstPersonExampleMap up for play (max tick rate 0) at 2015.06.06-02.59.53
[2015.06.06-00.59.53:775][914]LogWorld: Bringing up level for play took: 0.005489
[2015.06.06-00.59.53:776][914]PIE: Info Play in editor start time for /Game/FirstPersonBP/Maps/UEDPIE_0_FirstPersonExampleMap -0.249
[2015.06.06-00.59.56:338][220]Cmd: LevelEditor.ToggleImmersive
[2015.06.06-01.00.16:640][446]LogParticles: Destroying 0 GPU particle simulations for FXSystem 0x000000001112AE80
[2015.06.06-01.00.20:571][825]LogContentBrowser:Verbose: The content browser source was changed by the sources view to '/Game/FirstPersonBP/Meshes'
[2015.06.06-01.00.26:415][387]LogActorComponent: UnregisterComponent: (/Engine/Transient.SkeletalMeshComponent_0) Not registered. Aborting.
[2015.06.06-01.00.26:528][387]LogActorComponent: UnregisterComponent: (/Engine/Transient.SkeletalMeshComponent_0) Not registered. Aborting.
[2015.06.06-01.00.26:529][387]LogActorComponent: RegisterComponentWithWorld: (/Engine/Transient.MaterialEditorMeshComponent_0) Already registered. Aborting.
[2015.06.06-01.00.31:260][891]Cmd: OBJ SAVEPACKAGE PACKAGE="/Engine/TemplateResources/MI_Template_BaseOrange" FILE="../../../Engine/Content/TemplateResources/MI_Template_BaseOrange.uasset" SILENT=true
[2015.06.06-01.00.31:531][891]LogSavePackage: Save=268.803101ms
[2015.06.06-01.00.31:531][891]LogSavePackage: Moving '../../../../../../GitHub/Test/MAP/MyProject/Saved/MI_Template_BaseOrangeED4E73694BA292C4E14B08A9DECD42BE.tmp' to '../../../Engine/Content/TemplateResources/MI_Template_BaseOrange.uasset'
[2015.06.06-01.00.33:743][145]LogPlayLevel: PIE:  No blueprints needed recompiling
[2015.06.06-01.00.33:743][145]PIE: New page: PIE session: FirstPersonExampleMap (Jun 6, 2015, 5:00:33 AM)
[2015.06.06-01.00.33:753][145]LogPlayLevel: PIE: StaticDuplicateObject took: (0.009732s)
[2015.06.06-01.00.33:754][145]LogPlayLevel: PIE: World Init took: (0.000443s)
[2015.06.06-01.00.33:754][145]LogPlayLevel: PIE: Created PIE world by copying editor world from /Game/FirstPersonBP/Maps/FirstPersonExampleMap.FirstPersonExampleMap to /Game/FirstPersonBP/Maps/UEDPIE_0_FirstPersonExampleMap.FirstPersonExampleMap (0.010315s)
[2015.06.06-01.00.33:785][145]LogWorld: Game class is 'FirstPersonGameMode_C'
[2015.06.06-01.00.33:786][145]LogAIModule: Creating AISystem for world FirstPersonExampleMap
[2015.06.06-01.00.33:792][145]LogWorld: Bringing World /Game/FirstPersonBP/Maps/UEDPIE_0_FirstPersonExampleMap.FirstPersonExampleMap up for play (max tick rate 0) at 2015.06.06-03.00.33
[2015.06.06-01.00.33:793][145]LogWorld: Bringing up level for play took: 0.005898
[2015.06.06-01.00.33:794][145]PIE: Info Play in editor start time for /Game/FirstPersonBP/Maps/UEDPIE_0_FirstPersonExampleMap -0.231
[2015.06.06-01.00.48:029][844]LogParticles: Destroying 0 GPU particle simulations for FXSystem 0x0000000012852020
[2015.06.06-01.01.08:063][953]LogSavePackage: Save=290.856812ms
[2015.06.06-01.01.08:063][953]LogSavePackage: Moving '../../../../../../GitHub/Test/MAP/MyProject/Saved/FirstPerson_ProjectileMesh6972105C4F44130B778BE4948168B22E.tmp' to '../../../../../../GitHub/Test/MAP/MyProject/Content/FirstPersonBP/Meshes/FirstPerson_ProjectileMesh.uasset'
[2015.06.06-01.01.09:129][ 80]LogPlayLevel: PIE:  No blueprints needed recompiling
[2015.06.06-01.01.09:129][ 80]PIE: New page: PIE session: FirstPersonExampleMap (Jun 6, 2015, 5:01:09 AM)
[2015.06.06-01.01.09:140][ 80]LogPlayLevel: PIE: StaticDuplicateObject took: (0.010895s)
[2015.06.06-01.01.09:141][ 80]LogPlayLevel: PIE: World Init took: (0.000735s)
[2015.06.06-01.01.09:141][ 80]LogPlayLevel: PIE: Created PIE world by copying editor world from /Game/FirstPersonBP/Maps/FirstPersonExampleMap.FirstPersonExampleMap to /Game/FirstPersonBP/Maps/UEDPIE_0_FirstPersonExampleMap.FirstPersonExampleMap (0.011827s)
[2015.06.06-01.01.09:178][ 80]LogWorld: Game class is 'FirstPersonGameMode_C'
[2015.06.06-01.01.09:179][ 80]LogAIModule: Creating AISystem for world FirstPersonExampleMap
[2015.06.06-01.01.09:186][ 80]LogWorld: Bringing World /Game/FirstPersonBP/Maps/UEDPIE_0_FirstPersonExampleMap.FirstPersonExampleMap up for play (max tick rate 0) at 2015.06.06-03.01.09
[2015.06.06-01.01.09:187][ 80]LogWorld: Bringing up level for play took: 0.007366
[2015.06.06-01.01.09:188][ 80]PIE: Info Play in editor start time for /Game/FirstPersonBP/Maps/UEDPIE_0_FirstPersonExampleMap -0.836
[2015.06.06-01.01.12:504][471]LogParticles: Destroying 0 GPU particle simulations for FXSystem 0x000000000E4AA700
[2015.06.06-01.01.34:293][945]LogMaterial: Missing cached shader map for material CubeMaterial, compiling. 
[2015.06.06-01.01.34:320][945]LogActorComponent: UnregisterComponent: (/Engine/Transient.SkeletalMeshComponent_1) Not registered. Aborting.
[2015.06.06-01.01.35:702][945]LogActorComponent: UnregisterComponent: (/Engine/Transient.SkeletalMeshComponent_1) Not registered. Aborting.
[2015.06.06-01.01.35:702][945]LogActorComponent: RegisterComponentWithWorld: (/Engine/Transient.MaterialEditorMeshComponent_1) Already registered. Aborting.
[2015.06.06-01.01.35:705][945]LogMaterial: Missing cached shader map for material CubeMaterial, compiling. 
[2015.06.06-01.01.35:709][945]LogMaterial: 0.000047 seconds spent updating 1 materials, 1 interfaces, 0 instances, 0 with static permutations.
[2015.06.06-01.01.35:744][945]LogMaterial: Missing cached shader map for material FMatExpressionPreview MaterialExpressionConstant3Vector_0, compiling. 
[2015.06.06-01.01.36:695][959]MaterialEditorStats: Info Base pass shader with static lighting: 60 instructions
[2015.06.06-01.01.36:695][959]MaterialEditorStats: Info Base pass shader with only dynamic lighting: 29 instructions
[2015.06.06-01.01.36:695][959]MaterialEditorStats: Info Vertex shader: 31 instructions
[2015.06.06-01.01.36:695][959]MaterialEditorStats: Info Texture samplers: 2/16
[2015.06.06-01.01.58:573][462]LogMaterial: Missing cached shader map for material CubeMaterial, compiling. 
[2015.06.06-01.01.58:578][462]LogMaterial: 0.000058 seconds spent updating 1 materials, 1 interfaces, 0 instances, 0 with static permutations.
[2015.06.06-01.01.58:617][462]LogMaterial: Missing cached shader map for material FMatExpressionPreview MaterialExpressionConstant3Vector_0, compiling. 
[2015.06.06-01.01.59:599][571]MaterialEditorStats: Info Base pass shader with static lighting: 60 instructions
[2015.06.06-01.01.59:599][571]MaterialEditorStats: Info Base pass shader with only dynamic lighting: 29 instructions
[2015.06.06-01.01.59:599][571]MaterialEditorStats: Info Vertex shader: 31 instructions
[2015.06.06-01.01.59:599][571]MaterialEditorStats: Info Texture samplers: 2/16
[2015.06.06-01.02.01:390][786]LogMaterialEditor: Applying material CubeMaterial
[2015.06.06-01.02.06:094][786]LogMaterial: Missing cached shader map for material CubeMaterial, compiling. 
[2015.06.06-01.02.06:110][786]LogMaterial: 0.000048 seconds spent updating 1 materials, 1 interfaces, 0 instances, 0 with static permutations.
[2015.06.06-01.02.06:231][786]LogMaterial: Missing cached shader map for material CubeMaterial, compiling. 
[2015.06.06-01.02.06:266][786]LogMaterial: Missing cached shader map for material CubeMaterial, compiling. 
[2015.06.06-01.02.06:275][786]LogMaterial: 0.002223 seconds spent updating 1 materials, 1 interfaces, 0 instances, 0 with static permutations.
[2015.06.06-01.02.06:895][859]LogMaterialEditor: Saving and Compiling material CubeMaterial
[2015.06.06-01.02.08:403][859]LogMaterial: Missing cached shader map for material CubeMaterial, compiling. 
[2015.06.06-01.02.08:419][859]LogMaterial: 0.000053 seconds spent updating 1 materials, 1 interfaces, 0 instances, 0 with static permutations.
[2015.06.06-01.02.08:469][859]LogMaterial: Missing cached shader map for material CubeMaterial, compiling. 
[2015.06.06-01.02.08:501][859]LogMaterial: Missing cached shader map for material CubeMaterial, compiling. 
[2015.06.06-01.02.08:510][859]LogMaterial: 0.001885 seconds spent updating 1 materials, 1 interfaces, 0 instances, 0 with static permutations.
[2015.06.06-01.02.10:068][859]Cmd: OBJ SAVEPACKAGE PACKAGE="/Game/FirstPersonBP/Meshes/CubeMaterial" FILE="../../../../../../GitHub/Test/MAP/MyProject/Content/FirstPersonBP/Meshes/CubeMaterial.uasset" SILENT=true
[2015.06.06-01.02.10:388][859]LogSavePackage: Save=316.848053ms
[2015.06.06-01.02.10:388][859]LogSavePackage: Moving '../../../../../../GitHub/Test/MAP/MyProject/Saved/CubeMaterialE154336C4128DA8C4644AE854916E288.tmp' to '../../../../../../GitHub/Test/MAP/MyProject/Content/FirstPersonBP/Meshes/CubeMaterial.uasset'
[2015.06.06-01.02.10:395][859]MaterialEditorStats: Info Base pass shader with static lighting: 89 instructions
[2015.06.06-01.02.10:395][859]MaterialEditorStats: Info Base pass shader with only dynamic lighting: 58 instructions
[2015.06.06-01.02.10:395][859]MaterialEditorStats: Info Vertex shader: 31 instructions
[2015.06.06-01.02.10:395][859]MaterialEditorStats: Info Texture samplers: 3/16
[2015.06.06-01.02.12:532][105]LogPlayLevel: PIE:  No blueprints needed recompiling
[2015.06.06-01.02.12:532][105]PIE: New page: PIE session: FirstPersonExampleMap (Jun 6, 2015, 5:02:12 AM)
[2015.06.06-01.02.12:543][105]LogPlayLevel: PIE: StaticDuplicateObject took: (0.011137s)
[2015.06.06-01.02.12:544][105]LogPlayLevel: PIE: World Init took: (0.000615s)
[2015.06.06-01.02.12:544][105]LogPlayLevel: PIE: Created PIE world by copying editor world from /Game/FirstPersonBP/Maps/FirstPersonExampleMap.FirstPersonExampleMap to /Game/FirstPersonBP/Maps/UEDPIE_0_FirstPersonExampleMap.FirstPersonExampleMap (0.011919s)
[2015.06.06-01.02.12:580][105]LogWorld: Game class is 'FirstPersonGameMode_C'
[2015.06.06-01.02.12:582][105]LogAIModule: Creating AISystem for world FirstPersonExampleMap
[2015.06.06-01.02.12:587][105]LogWorld: Bringing World /Game/FirstPersonBP/Maps/UEDPIE_0_FirstPersonExampleMap.FirstPersonExampleMap up for play (max tick rate 0) at 2015.06.06-03.02.12
[2015.06.06-01.02.12:588][105]LogWorld: Bringing up level for play took: 0.006154
[2015.06.06-01.02.12:589][105]PIE: Info Play in editor start time for /Game/FirstPersonBP/Maps/UEDPIE_0_FirstPersonExampleMap 0.564
[2015.06.06-01.02.15:681][469]LogParticles: Destroying 0 GPU particle simulations for FXSystem 0x0000000052D4BC40
[2015.06.06-01.02.21:221][839]LogSavePackage: Save=2187.111572ms
[2015.06.06-01.02.21:221][839]LogSavePackage: Moving '../../../../../../GitHub/Test/MAP/MyProject/Saved/FirstPersonExampleMap61E0FDDC4DEE098A64E690B59EFD33F2.tmp' to '../../../../../../GitHub/Test/MAP/MyProject/Content/FirstPersonBP/Maps/FirstPersonExampleMap.umap'
[2015.06.06-01.02.21:246][839]LogFileHelpers: Saving map 'FirstPersonExampleMap' took 2.303
[2015.06.06-01.02.21:567][839]LogSavePackage: Save=306.421814ms
[2015.06.06-01.02.21:567][839]LogSavePackage: Moving '../../../../../../GitHub/Test/MAP/MyProject/Saved/FirstPerson_ProjectileMeshAE791EDE4CA3893C18313E9E7E7B44FB.tmp' to '../../../../../../GitHub/Test/MAP/MyProject/Content/FirstPersonBP/Meshes/FirstPerson_ProjectileMesh.uasset'
[2015.06.06-01.02.21:578][839]Cmd: OBJ SAVEPACKAGE PACKAGE="/Game/FirstPersonBP/jimmy-01-e1357215619949" FILE="../../../../../../GitHub/Test/MAP/MyProject/Content/FirstPersonBP/jimmy-01-e1357215619949.uasset" SILENT=true
[2015.06.06-01.02.21:613][839]LogSavePackage: Save=34.469929ms
[2015.06.06-01.02.21:613][839]LogSavePackage: Moving '../../../../../../GitHub/Test/MAP/MyProject/Saved/jimmy-01-e1357215619949C31B337E4437DC5EDCEF89ADD6DA4C0E.tmp' to '../../../../../../GitHub/Test/MAP/MyProject/Content/FirstPersonBP/jimmy-01-e1357215619949.uasset'
[2015.06.06-01.02.21:619][839]Cmd: OBJ SAVEPACKAGE PACKAGE="/Game/FirstPersonBP/anim" FILE="../../../../../../GitHub/Test/MAP/MyProject/Content/FirstPersonBP/anim.uasset" SILENT=true
[2015.06.06-01.02.21:621][839]LogSavePackage: Save=1.038501ms
[2015.06.06-01.02.21:621][839]LogSavePackage: Moving '../../../../../../GitHub/Test/MAP/MyProject/Saved/animE09B4EA940AC94D89F6FEEAE4992CEA1.tmp' to '../../../../../../GitHub/Test/MAP/MyProject/Content/FirstPersonBP/anim.uasset'
[2015.06.06-01.02.21:637][839]Cmd: OBJ SAVEPACKAGE PACKAGE="/Game/FirstPersonBP/jimmy-01-e1357215619949_Mat" FILE="../../../../../../GitHub/Test/MAP/MyProject/Content/FirstPersonBP/jimmy-01-e1357215619949_Mat.uasset" SILENT=true
[2015.06.06-01.02.21:860][839]LogSavePackage: Save=222.325409ms
[2015.06.06-01.02.21:860][839]LogSavePackage: Moving '../../../../../../GitHub/Test/MAP/MyProject/Saved/jimmy-01-e1357215619949_Mat317BDA344B3ACF7BB6E69288A657D37D.tmp' to '../../../../../../GitHub/Test/MAP/MyProject/Content/FirstPersonBP/jimmy-01-e1357215619949_Mat.uasset'
[2015.06.06-01.02.21:870][839]Cmd: OBJ SAVEPACKAGE PACKAGE="/Game/FirstPersonBP/fishkid" FILE="../../../../../../GitHub/Test/MAP/MyProject/Content/FirstPersonBP/fishkid.uasset" SILENT=true
[2015.06.06-01.02.22:000][839]LogSavePackage: Save=128.978073ms
[2015.06.06-01.02.22:000][839]LogSavePackage: Moving '../../../../../../GitHub/Test/MAP/MyProject/Saved/fishkidA8DD981F4A9ECFEB1CD1A9A185DC6EAE.tmp' to '../../../../../../GitHub/Test/MAP/MyProject/Content/FirstPersonBP/fishkid.uasset'
[2015.06.06-01.02.22:018][839]Cmd: OBJ SAVEPACKAGE PACKAGE="/Game/FirstPersonBP/fishkid_Mat" FILE="../../../../../../GitHub/Test/MAP/MyProject/Content/FirstPersonBP/fishkid_Mat.uasset" SILENT=true
[2015.06.06-01.02.22:275][839]LogSavePackage: Save=255.535263ms
[2015.06.06-01.02.22:275][839]LogSavePackage: Moving '../../../../../../GitHub/Test/MAP/MyProject/Saved/fishkid_MatF9A4A26A4B943178843CB4815EF2AFEF.tmp' to '../../../../../../GitHub/Test/MAP/MyProject/Content/FirstPersonBP/fishkid_Mat.uasset'
[2015.06.06-01.02.22:285][839]Cmd: OBJ SAVEPACKAGE PACKAGE="/Game/FirstPersonBP/mikicompany" FILE="../../../../../../GitHub/Test/MAP/MyProject/Content/FirstPersonBP/mikicompany.uasset" SILENT=true
[2015.06.06-01.02.22:338][839]LogSavePackage: Save=52.032001ms
[2015.06.06-01.02.22:338][839]LogSavePackage: Moving '../../../../../../GitHub/Test/MAP/MyProject/Saved/mikicompany4D99A52E4D5DAB3AF2CDDBB92BFEB954.tmp' to '../../../../../../GitHub/Test/MAP/MyProject/Content/FirstPersonBP/mikicompany.uasset'
[2015.06.06-01.02.22:356][839]Cmd: OBJ SAVEPACKAGE PACKAGE="/Game/FirstPersonBP/mikicompany_Mat" FILE="../../../../../../GitHub/Test/MAP/MyProject/Content/FirstPersonBP/mikicompany_Mat.uasset" SILENT=true
[2015.06.06-01.02.22:714][839]LogSavePackage: Save=356.644196ms
[2015.06.06-01.02.22:714][839]LogSavePackage: Moving '../../../../../../GitHub/Test/MAP/MyProject/Saved/mikicompany_MatFA7CDEBE4399F45EB944A991E807CEC7.tmp' to '../../../../../../GitHub/Test/MAP/MyProject/Content/FirstPersonBP/mikicompany_Mat.uasset'
[2015.06.06-01.02.22:723][839]Cmd: OBJ SAVEPACKAGE PACKAGE="/Game/FirstPersonBP/ScreenClip" FILE="../../../../../../GitHub/Test/MAP/MyProject/Content/FirstPersonBP/ScreenClip.uasset" SILENT=true
[2015.06.06-01.02.22:761][839]LogSavePackage: Save=37.247513ms
[2015.06.06-01.02.22:761][839]LogSavePackage: Moving '../../../../../../GitHub/Test/MAP/MyProject/Saved/ScreenClip9BF2094E48BDBBF55EA84A89F9740C6A.tmp' to '../../../../../../GitHub/Test/MAP/MyProject/Content/FirstPersonBP/ScreenClip.uasset'
[2015.06.06-01.02.22:779][839]Cmd: OBJ SAVEPACKAGE PACKAGE="/Game/FirstPersonBP/ScreenClip_Mat" FILE="../../../../../../GitHub/Test/MAP/MyProject/Content/FirstPersonBP/ScreenClip_Mat.uasset" SILENT=true
[2015.06.06-01.02.23:052][839]LogSavePackage: Save=272.197632ms
[2015.06.06-01.02.23:052][839]LogSavePackage: Moving '../../../../../../GitHub/Test/MAP/MyProject/Saved/ScreenClip_Mat8BFB4F6B43E3FAE8B5D358AEA81DA5B1.tmp' to '../../../../../../GitHub/Test/MAP/MyProject/Content/FirstPersonBP/ScreenClip_Mat.uasset'
[2015.06.06-01.02.23:058][839]Cmd: OBJ SAVEPACKAGE PACKAGE="/Game/FirstPersonBP/JoeBalloon-banner" FILE="../../../../../../GitHub/Test/MAP/MyProject/Content/FirstPersonBP/JoeBalloon-banner.uasset" SILENT=true
[2015.06.06-01.02.23:081][839]LogSavePackage: Save=21.890726ms
[2015.06.06-01.02.23:081][839]LogSavePackage: Moving '../../../../../../GitHub/Test/MAP/MyProject/Saved/JoeBalloon-banner5E7185CC4343CC880336AEAB3EED1D12.tmp' to '../../../../../../GitHub/Test/MAP/MyProject/Content/FirstPersonBP/JoeBalloon-banner.uasset'
[2015.06.06-01.02.23:098][839]Cmd: OBJ SAVEPACKAGE PACKAGE="/Game/FirstPersonBP/JoeBalloon-banner_Mat" FILE="../../../../../../GitHub/Test/MAP/MyProject/Content/FirstPersonBP/JoeBalloon-banner_Mat.uasset" SILENT=true
[2015.06.06-01.02.23:465][839]LogSavePackage: Save=365.991547ms
[2015.06.06-01.02.23:465][839]LogSavePackage: Moving '../../../../../../GitHub/Test/MAP/MyProject/Saved/JoeBalloon-banner_MatA5E2CB0D47006726EDE1E8B4BF0B174B.tmp' to '../../../../../../GitHub/Test/MAP/MyProject/Content/FirstPersonBP/JoeBalloon-banner_Mat.uasset'
[2015.06.06-01.02.23:476][839]Cmd: OBJ SAVEPACKAGE PACKAGE="/Game/FirstPersonBP/pirates-01" FILE="../../../../../../GitHub/Test/MAP/MyProject/Content/FirstPersonBP/pirates-01.uasset" SILENT=true
[2015.06.06-01.02.23:536][839]LogSavePackage: Save=58.145248ms
[2015.06.06-01.02.23:536][839]LogSavePackage: Moving '../../../../../../GitHub/Test/MAP/MyProject/Saved/pirates-013EAF7D7942CF7A9A1729AD8CBB965330.tmp' to '../../../../../../GitHub/Test/MAP/MyProject/Content/FirstPersonBP/pirates-01.uasset'
[2015.06.06-01.02.23:554][839]Cmd: OBJ SAVEPACKAGE PACKAGE="/Game/FirstPersonBP/pirates-01_Mat" FILE="../../../../../../GitHub/Test/MAP/MyProject/Content/FirstPersonBP/pirates-01_Mat.uasset" SILENT=true
[2015.06.06-01.02.23:867][839]LogSavePackage: Save=311.587585ms
[2015.06.06-01.02.23:867][839]LogSavePackage: Moving '../../../../../../GitHub/Test/MAP/MyProject/Saved/pirates-01_Mat9CBF536D42003719E7D48CA7908A554D.tmp' to '../../../../../../GitHub/Test/MAP/MyProject/Content/FirstPersonBP/pirates-01_Mat.uasset'
[2015.06.06-01.02.23:877][839]Cmd: OBJ SAVEPACKAGE PACKAGE="/Game/FirstPersonBP/vortex" FILE="../../../../../../GitHub/Test/MAP/MyProject/Content/FirstPersonBP/vortex.uasset" SILENT=true
[2015.06.06-01.02.23:932][839]LogSavePackage: Save=54.136028ms
[2015.06.06-01.02.23:932][839]LogSavePackage: Moving '../../../../../../GitHub/Test/MAP/MyProject/Saved/vortexF675EFD24CE388D178751CAE38DF92CD.tmp' to '../../../../../../GitHub/Test/MAP/MyProject/Content/FirstPersonBP/vortex.uasset'
[2015.06.06-01.02.23:949][839]Cmd: OBJ SAVEPACKAGE PACKAGE="/Game/FirstPersonBP/vortex_Mat" FILE="../../../../../../GitHub/Test/MAP/MyProject/Content/FirstPersonBP/vortex_Mat.uasset" SILENT=true
[2015.06.06-01.02.24:267][839]LogSavePackage: Save=317.606689ms
[2015.06.06-01.02.24:267][839]LogSavePackage: Moving '../../../../../../GitHub/Test/MAP/MyProject/Saved/vortex_Mat42EEF1534CFCACF84C55CCB6981B6B86.tmp' to '../../../../../../GitHub/Test/MAP/MyProject/Content/FirstPersonBP/vortex_Mat.uasset'
[2015.06.06-01.20.17:441][599]LogSourceControl: RunCommandInternalRaw: 'git version'
[2015.06.06-01.20.17:441][599]LogSourceControl: RunCommandInternalRaw: ExecProcess ReturnCode=2 OutResults=''
[2015.06.06-01.20.22:258][ 88]LogSourceControl: RunCommandInternalRaw: 'git version'
[2015.06.06-01.20.22:258][ 88]LogSourceControl: RunCommandInternalRaw: ExecProcess ReturnCode=2 OutResults=''
[2015.06.06-01.20.22:258][ 88]LogSourceControl: RunCommandInternalRaw: 'git version'
[2015.06.06-01.20.22:258][ 88]LogSourceControl: RunCommandInternalRaw: ExecProcess ReturnCode=2 OutResults=''
[2015.06.06-01.21.09:276][445]LogSourceControl: RunCommandInternalRaw: 'git version'
[2015.06.06-01.21.09:276][445]LogSourceControl: RunCommandInternalRaw: ExecProcess ReturnCode=2 OutResults=''
[2015.06.06-01.21.09:276][445]LogSourceControl: RunCommandInternalRaw: 'git version'
[2015.06.06-01.21.09:276][445]LogSourceControl: RunCommandInternalRaw: ExecProcess ReturnCode=2 OutResults=''
[2015.06.06-01.21.11:801][630]LogSourceControl: RunCommandInternalRaw: 'git version'
[2015.06.06-01.21.11:801][630]LogSourceControl: RunCommandInternalRaw: ExecProcess ReturnCode=2 OutResults=''
[2015.06.06-01.21.11:802][630]LogSourceControl: RunCommandInternalRaw: 'git version'
[2015.06.06-01.21.11:802][630]LogSourceControl: RunCommandInternalRaw: ExecProcess ReturnCode=2 OutResults=''
[2015.06.06-01.21.37:109][740]LogSourceControl: RunCommandInternalRaw: 'git version'
[2015.06.06-01.21.37:110][740]LogSourceControl: RunCommandInternalRaw: ExecProcess ReturnCode=2 OutResults=''
[2015.06.06-01.21.37:110][740]LogSourceControl: RunCommandInternalRaw: 'git version'
[2015.06.06-01.21.37:110][740]LogSourceControl: RunCommandInternalRaw: ExecProcess ReturnCode=2 OutResults=''
[2015.06.06-01.21.37:932][759]LogSourceControl: RunCommandInternalRaw: 'git version'
[2015.06.06-01.21.37:932][759]LogSourceControl: RunCommandInternalRaw: ExecProcess ReturnCode=2 OutResults=''
[2015.06.06-01.21.37:932][759]LogSourceControl: RunCommandInternalRaw: 'git version'
[2015.06.06-01.21.37:932][759]LogSourceControl: RunCommandInternalRaw: ExecProcess ReturnCode=2 OutResults=''
[2015.06.06-01.21.40:920][910]LogSourceControl: RunCommandInternalRaw: 'git version'
[2015.06.06-01.21.40:921][910]LogSourceControl: RunCommandInternalRaw: ExecProcess ReturnCode=2 OutResults=''
[2015.06.06-01.21.40:921][910]LogSourceControl: RunCommandInternalRaw: 'git version'
[2015.06.06-01.21.40:921][910]LogSourceControl: RunCommandInternalRaw: ExecProcess ReturnCode=2 OutResults=''
[2015.06.06-01.21.41:642][996]LogSourceControl: RunCommandInternalRaw: 'git version'
[2015.06.06-01.21.41:642][996]LogSourceControl: RunCommandInternalRaw: ExecProcess ReturnCode=2 OutResults=''
[2015.06.06-01.21.41:642][996]LogSourceControl: RunCommandInternalRaw: 'git version'
[2015.06.06-01.21.41:643][996]LogSourceControl: RunCommandInternalRaw: ExecProcess ReturnCode=2 OutResults=''
[2015.06.06-01.21.48:078][675]LogSourceControl: RunCommandInternalRaw: 'git version'
[2015.06.06-01.21.48:078][675]LogSourceControl: RunCommandInternalRaw: ExecProcess ReturnCode=2 OutResults=''
[2015.06.06-01.21.48:078][675]LogSourceControl: RunCommandInternalRaw: 'git version'
[2015.06.06-01.21.48:078][675]LogSourceControl: RunCommandInternalRaw: ExecProcess ReturnCode=2 OutResults=''
[2015.06.06-01.24.00:763][ 73]LogSourceControl: RunCommandInternalRaw: 'git version'
[2015.06.06-01.24.00:763][ 73]LogSourceControl: RunCommandInternalRaw: ExecProcess ReturnCode=2 OutResults=''
[2015.06.06-01.24.00:763][ 73]LogSourceControl: RunCommandInternalRaw: 'git version'
[2015.06.06-01.24.00:763][ 73]LogSourceControl: RunCommandInternalRaw: ExecProcess ReturnCode=2 OutResults=''
[2015.06.06-01.24.02:154][218]LogSourceControl: RunCommandInternalRaw: 'git version'
[2015.06.06-01.24.02:155][218]LogSourceControl: RunCommandInternalRaw: ExecProcess ReturnCode=2 OutResults=''
[2015.06.06-01.24.05:030][563]LogSourceControl: RunCommandInternalRaw: 'git version'
[2015.06.06-01.24.05:031][563]LogSourceControl: RunCommandInternalRaw: ExecProcess ReturnCode=2 OutResults=''
[2015.06.06-01.24.05:031][563]LogSourceControl: RunCommandInternalRaw: 'git version'
[2015.06.06-01.24.05:031][563]LogSourceControl: RunCommandInternalRaw: ExecProcess ReturnCode=2 OutResults=''
[2015.06.06-01.24.05:130][575]SourceControl:Error: Error Failed to connect to source control. Check your settings and connection then try again.
[2015.06.06-01.24.08:664][967]LogSourceControl: RunCommandInternalRaw: 'git version'
[2015.06.06-01.24.08:664][967]LogSourceControl: RunCommandInternalRaw: ExecProcess ReturnCode=2 OutResults=''
[2015.06.06-01.24.08:664][967]LogSourceControl: RunCommandInternalRaw: 'git version'
[2015.06.06-01.24.08:664][967]LogSourceControl: RunCommandInternalRaw: ExecProcess ReturnCode=2 OutResults=''
[2015.06.06-01.25.59:020][298]LogSourceControl: RunCommandInternalRaw: 'git version'
[2015.06.06-01.25.59:020][298]LogSourceControl: RunCommandInternalRaw: ExecProcess ReturnCode=2 OutResults=''
[2015.06.06-01.25.59:020][298]LogSourceControl: RunCommandInternalRaw: 'git version'
[2015.06.06-01.25.59:020][298]LogSourceControl: RunCommandInternalRaw: ExecProcess ReturnCode=2 OutResults=''
[2015.06.06-01.26.01:266][536]LogSourceControl: RunCommandInternalRaw: 'git version'
[2015.06.06-01.26.01:266][536]LogSourceControl: RunCommandInternalRaw: ExecProcess ReturnCode=2 OutResults=''
[2015.06.06-01.26.01:266][536]LogSourceControl: RunCommandInternalRaw: 'git version'
[2015.06.06-01.26.01:266][536]LogSourceControl: RunCommandInternalRaw: ExecProcess ReturnCode=2 OutResults=''
[2015.06.06-01.26.12:165][822]LogSourceControl: RunCommandInternalRaw: 'git version'
[2015.06.06-01.26.12:166][822]LogSourceControl: RunCommandInternalRaw: ExecProcess ReturnCode=2 OutResults=''
[2015.06.06-01.26.12:166][822]LogSourceControl: RunCommandInternalRaw: 'git version'
[2015.06.06-01.26.12:166][822]LogSourceControl: RunCommandInternalRaw: ExecProcess ReturnCode=2 OutResults=''
[2015.06.06-01.27.19:855][245]LogSourceControl: RunCommandInternalRaw: 'git version'
[2015.06.06-01.27.19:855][245]LogSourceControl: RunCommandInternalRaw: ExecProcess ReturnCode=2 OutResults=''
[2015.06.06-01.27.19:856][245]LogSourceControl: RunCommandInternalRaw: 'git version'
[2015.06.06-01.27.19:856][245]LogSourceControl: RunCommandInternalRaw: ExecProcess ReturnCode=2 OutResults=''
[2015.06.06-01.31.23:266][179]LogSourceControl: RunCommandInternalRaw: 'git version'
[2015.06.06-01.31.23:266][179]LogSourceControl: RunCommandInternalRaw: ExecProcess ReturnCode=2 OutResults=''
[2015.06.06-01.31.23:266][179]LogSourceControl: RunCommandInternalRaw: 'git version'
[2015.06.06-01.31.23:266][179]LogSourceControl: RunCommandInternalRaw: ExecProcess ReturnCode=2 OutResults=''
[2015.06.06-01.31.24:061][274]SourceControl:Error: Error Failed to connect to source control. Check your settings and connection then try again.
[2015.06.06-01.31.25:090][364]SourceControl:Error: Error Failed to connect to source control. Check your settings and connection then try again.
[2015.06.06-01.31.25:573][395]SourceControl:Error: Error Failed to connect to source control. Check your settings and connection then try again.
[2015.06.06-01.31.26:642][484]SourceControl: Info Source control is disabled
[2015.06.06-01.31.33:135][135]Cmd: QUIT_EDITOR
[2015.06.06-01.31.33:429][135]LogExit: Preparing to exit.
[2015.06.06-01.31.34:012][135]LogExit: Editor shut down
[2015.06.06-01.31.34:012][135]LogExit: Transaction tracking system shut down
[2015.06.06-01.31.34:013][135]LogParticles: Destroying 0 GPU particle simulations for FXSystem 0x00000000101CD620
[2015.06.06-01.31.34:013][135]LogParticles: Destroying 0 GPU particle simulations for FXSystem 0x0000000010D8D3A0
[2015.06.06-01.31.34:013][135]LogParticles: Destroying 0 GPU particle simulations for FXSystem 0x0000000012669120
[2015.06.06-01.31.34:013][135]LogParticles: Destroying 0 GPU particle simulations for FXSystem 0x000000000E54FB00
[2015.06.06-01.31.34:013][135]LogParticles: Destroying 0 GPU particle simulations for FXSystem 0x00000000101D45E0
[2015.06.06-01.31.34:020][135]LogParticles: Destroying 0 GPU particle simulations for FXSystem 0x000000000E219A80
[2015.06.06-01.31.34:021][135]LogParticles: Destroying 0 GPU particle simulations for FXSystem 0x000000001112B2E0
[2015.06.06-01.31.34:104][135]LogExit: Object subsystem successfully closed.
[2015.06.06-01.31.34:149][135]LogModuleManager: Shutting down and abandoning module MaterialEditor (179)
[2015.06.06-01.31.34:149][135]LogModuleManager: Shutting down and abandoning module StaticMeshEditor (178)
[2015.06.06-01.31.34:149][135]LogModuleManager: Shutting down and abandoning module CrashTracker (177)
[2015.06.06-01.31.34:149][135]LogModuleManager: Shutting down and abandoning module SuperSearch (176)
[2015.06.06-01.31.34:149][135]LogModuleManager: Shutting down and abandoning module SceneOutliner (175)
[2015.06.06-01.31.34:149][135]LogModuleManager: Shutting down and abandoning module EditorWidgets (174)
[2015.06.06-01.31.34:149][135]LogModuleManager: Shutting down and abandoning module CollectionManager (173)
[2015.06.06-01.31.34:149][135]LogModuleManager: Shutting down and abandoning module StatsViewer (172)
[2015.06.06-01.31.34:149][135]LogModuleManager: Shutting down and abandoning module FoliageEdit (171)
[2015.06.06-01.31.34:149][135]LogModuleManager: Shutting down and abandoning module LandscapeEditor (170)
[2015.06.06-01.31.34:149][135]LogModuleManager: Shutting down and abandoning module MeshPaint (169)
[2015.06.06-01.31.34:149][135]LogModuleManager: Shutting down and abandoning module ActorPickerMode (168)
[2015.06.06-01.31.34:149][135]LogModuleManager: Shutting down and abandoning module GeometryMode (167)
[2015.06.06-01.31.34:149][135]LogModuleManager: Shutting down and abandoning module TextureAlignMode (166)
[2015.06.06-01.31.34:149][135]LogModuleManager: Shutting down and abandoning module BspMode (165)
[2015.06.06-01.31.34:149][135]LogModuleManager: Shutting down and abandoning module PlacementMode (164)
[2015.06.06-01.31.34:149][135]LogModuleManager: Shutting down and abandoning module AutomationWorker (163)
[2015.06.06-01.31.34:149][135]LogModuleManager: Shutting down and abandoning module CharacterAI (162)
[2015.06.06-01.31.34:149][135]LogModuleManager: Shutting down and abandoning module SmartSnapping (161)
[2015.06.06-01.31.34:149][135]LogModuleManager: Shutting down and abandoning module ViewportSnapping (160)
[2015.06.06-01.31.34:149][135]LogModuleManager: Shutting down and abandoning module LogVisualizer (159)
[2015.06.06-01.31.34:149][135]LogModuleManager: Shutting down and abandoning module GameProjectGeneration (158)
[2015.06.06-01.31.34:150][135]LogModuleManager: Shutting down and abandoning module IntroTutorials (157)
[2015.06.06-01.31.34:150][135]LogModuleManager: Shutting down and abandoning module EditorLiveStreaming (156)
[2015.06.06-01.31.34:150][135]LogModuleManager: Shutting down and abandoning module HardwareTargeting (155)
[2015.06.06-01.31.34:150][135]LogModuleManager: Shutting down and abandoning module DeviceProfileEditor (154)
[2015.06.06-01.31.34:150][135]LogModuleManager: Shutting down and abandoning module UndoHistory (153)
[2015.06.06-01.31.34:150][135]LogModuleManager: Shutting down and abandoning module GameplayTagsEditor (152)
[2015.06.06-01.31.34:150][135]LogModuleManager: Shutting down and abandoning module UserFeedback (151)
[2015.06.06-01.31.34:150][135]LogModuleManager: Shutting down and abandoning module XmlParser (150)
[2015.06.06-01.31.34:150][135]LogModuleManager: Shutting down and abandoning module Blutility (149)
[2015.06.06-01.31.34:150][135]LogModuleManager: Shutting down and abandoning module IOSPlatformEditor (148)
[2015.06.06-01.31.34:150][135]LogModuleManager: Shutting down and abandoning module IOSRuntimeSettings (147)
[2015.06.06-01.31.34:150][135]LogModuleManager: Shutting down and abandoning module AndroidDeviceDetection (146)
[2015.06.06-01.31.34:911][135]LogModuleManager: Shutting down and abandoning module AndroidPlatformEditor (145)
[2015.06.06-01.31.34:911][135]LogModuleManager: Shutting down and abandoning module AndroidRuntimeSettings (144)
[2015.06.06-01.31.34:911][135]LogModuleManager: Shutting down and abandoning module ProjectTargetPlatformEditor (143)
[2015.06.06-01.31.34:911][135]LogModuleManager: Shutting down and abandoning module ProjectSettingsViewer (142)
[2015.06.06-01.31.34:911][135]LogModuleManager: Shutting down and abandoning module InputBindingEditor (141)
[2015.06.06-01.31.34:911][135]LogModuleManager: Shutting down and abandoning module EditorSettingsViewer (140)
[2015.06.06-01.31.34:911][135]LogModuleManager: Shutting down and abandoning module SettingsEditor (139)
[2015.06.06-01.31.34:911][135]LogModuleManager: Shutting down and abandoning module ProjectLauncher (138)
[2015.06.06-01.31.34:911][135]LogModuleManager: Shutting down and abandoning module SessionFrontend (137)
[2015.06.06-01.31.34:911][135]LogModuleManager: Shutting down and abandoning module ProfilerClient (136)
[2015.06.06-01.31.34:911][135]LogModuleManager: Shutting down and abandoning module TargetDeviceServices (135)
[2015.06.06-01.31.34:911][135]LogModuleManager: Shutting down and abandoning module DeviceManager (134)
[2015.06.06-01.31.34:911][135]LogModuleManager: Shutting down and abandoning module AutomationController (133)
[2015.06.06-01.31.34:911][135]LogModuleManager: Shutting down and abandoning module AutomationWindow (132)
[2015.06.06-01.31.34:911][135]LogModuleManager: Shutting down and abandoning module Layers (131)
[2015.06.06-01.31.34:911][135]LogModuleManager: Shutting down and abandoning module ComponentVisualizers (130)
[2015.06.06-01.31.34:911][135]LogModuleManager: Shutting down and abandoning module DetailCustomizations (129)
[2015.06.06-01.31.34:911][135]LogModuleManager: Shutting down and abandoning module PackagesDialog (128)
[2015.06.06-01.31.34:912][135]LogModuleManager: Shutting down and abandoning module AssetRegistry (127)
[2015.06.06-01.31.34:937][135]LogModuleManager: Shutting down and abandoning module Persona (126)
[2015.06.06-01.31.34:937][135]LogModuleManager: Shutting down and abandoning module SlateReflector (125)
[2015.06.06-01.31.34:937][135]LogModuleManager: Shutting down and abandoning module LevelEditor (124)
[2015.06.06-01.31.34:937][135]LogModuleManager: Shutting down and abandoning module Kismet (123)
[2015.06.06-01.31.34:937][135]LogModuleManager: Shutting down and abandoning module GraphEditor (122)
[2015.06.06-01.31.34:937][135]LogModuleManager: Shutting down and abandoning module ClassViewer (121)
[2015.06.06-01.31.34:937][135]LogModuleManager: Shutting down and abandoning module Toolbox (120)
[2015.06.06-01.31.34:937][135]LogModuleManager: Shutting down and abandoning module ModuleUI (119)
[2015.06.06-01.31.34:937][135]LogModuleManager: Shutting down and abandoning module MovieSceneTools (118)
[2015.06.06-01.31.34:937][135]LogModuleManager: Shutting down and abandoning module OutputLog (117)
[2015.06.06-01.31.34:938][135]LogModuleManager: Shutting down and abandoning module GammaUI (116)
[2015.06.06-01.31.34:938][135]LogModuleManager: Shutting down and abandoning module Documentation (115)
[2015.06.06-01.31.34:938][135]LogModuleManager: Shutting down and abandoning module GameLiveStreaming (114)
[2015.06.06-01.31.34:938][135]LogModuleManager: Shutting down and abandoning module StreamingPauseRendering (113)
[2015.06.06-01.31.34:938][135]LogModuleManager: Shutting down and abandoning module HTTP (112)
[2015.06.06-01.31.34:938][135]LogModuleManager: Shutting down and abandoning module AnalyticsET (111)
[2015.06.06-01.31.34:938][135]LogModuleManager: Shutting down and abandoning module Analytics (110)
[2015.06.06-01.31.34:938][135]LogModuleManager: Shutting down and abandoning module AITestSuite (109)
[2015.06.06-01.31.34:938][135]LogModuleManager: Shutting down and abandoning module GameplayDebugger (108)
[2015.06.06-01.31.34:938][135]LogModuleManager: Shutting down and abandoning module AIModule (107)
[2015.06.06-01.31.34:938][135]LogModuleManager: Shutting down and abandoning module ProfilerService (106)
[2015.06.06-01.31.35:085][135]LogModuleManager: Shutting down and abandoning module TaskGraph (105)
[2015.06.06-01.31.35:085][135]LogModuleManager: Shutting down and abandoning module SlateRemote (104)
[2015.06.06-01.31.35:085][135]LogModuleManager: Shutting down and abandoning module ScriptEditorPlugin (103)
[2015.06.06-01.31.35:085][135]LogModuleManager: Shutting down and abandoning module CustomMeshComponent (102)
[2015.06.06-01.31.35:085][135]LogModuleManager: Shutting down and abandoning module CableComponent (101)
[2015.06.06-01.31.35:085][135]LogModuleManager: Shutting down and abandoning module MessagingDebugger (100)
[2015.06.06-01.31.35:085][135]LogModuleManager: Shutting down and abandoning module MediaPlayerEditor (99)
[2015.06.06-01.31.35:085][135]LogModuleManager: Shutting down and abandoning module SpeedTreeImporter (98)
[2015.06.06-01.31.35:085][135]LogModuleManager: Shutting down and abandoning module PluginsEditor (97)
[2015.06.06-01.31.35:085][135]LogModuleManager: Shutting down and abandoning module MainFrame (96)
[2015.06.06-01.31.35:085][135]LogModuleManager: Shutting down and abandoning module EpicSurvey (95)
[2015.06.06-01.31.35:085][135]LogModuleManager: Shutting down and abandoning module DesktopPlatform (94)
[2015.06.06-01.31.35:085][135]LogModuleManager: Shutting down and abandoning module DirectoryWatcher (93)
[2015.06.06-01.31.35:085][135]LogModuleManager: Shutting down and abandoning module HotReload (92)
[2015.06.06-01.31.35:085][135]LogModuleManager: Shutting down and abandoning module VisualStudioSourceCodeAccess (91)
[2015.06.06-01.31.35:085][135]LogModuleManager: Shutting down and abandoning module UObjectPlugin (90)
[2015.06.06-01.31.35:085][135]LogModuleManager: Shutting down and abandoning module SubversionSourceControl (89)
[2015.06.06-01.31.35:085][135]LogModuleManager: Shutting down and abandoning module PerforceSourceControl (88)
[2015.06.06-01.31.35:085][135]LogModuleManager: Shutting down and abandoning module SourceControl (87)
[2015.06.06-01.31.35:085][135]LogModuleManager: Shutting down and abandoning module GitSourceControl (86)
[2015.06.06-01.31.35:085][135]LogModuleManager: Shutting down and abandoning module BlankPlugin (85)
[2015.06.06-01.31.35:085][135]LogModuleManager: Shutting down and abandoning module PaperTiledImporter (84)
[2015.06.06-01.31.35:085][135]LogModuleManager: Shutting down and abandoning module PaperJsonImporter (83)
[2015.06.06-01.31.35:085][135]LogModuleManager: Shutting down and abandoning module ContentBrowser (82)
[2015.06.06-01.31.35:086][135]LogModuleManager: Shutting down and abandoning module Paper2DEditor (81)
[2015.06.06-01.31.35:086][135]LogModuleManager: Shutting down and abandoning module ScriptPlugin (80)
[2015.06.06-01.31.35:086][135]LogModuleManager: Shutting down and abandoning module UdpMessaging (79)
[2015.06.06-01.31.35:186][135]LogModuleManager: Shutting down and abandoning module Paper2D (78)
[2015.06.06-01.31.35:186][135]LogModuleManager: Shutting down and abandoning module WindowsMoviePlayer (77)
[2015.06.06-01.31.35:186][135]LogModuleManager: Shutting down and abandoning module Media (76)
[2015.06.06-01.31.35:186][135]LogModuleManager: Shutting down and abandoning module WmfMedia (75)
[2015.06.06-01.31.35:186][135]LogModuleManager: Shutting down and abandoning module OnlineBlueprintSupport (74)
[2015.06.06-01.31.35:186][135]LogModuleManager: Shutting down and abandoning module PropertyEditor (73)
[2015.06.06-01.31.35:186][135]LogModuleManager: Shutting down and abandoning module BehaviorTreeEditor (72)
[2015.06.06-01.31.35:186][135]LogModuleManager: Shutting down and abandoning module FunctionalTesting (71)
[2015.06.06-01.31.35:186][135]LogModuleManager: Shutting down and abandoning module CollisionAnalyzer (70)
[2015.06.06-01.31.35:186][135]LogModuleManager: Shutting down and abandoning module WorkspaceMenuStructure (69)
[2015.06.06-01.31.35:186][135]LogModuleManager: Shutting down and abandoning module MessageLog (68)
[2015.06.06-01.31.35:186][135]LogModuleManager: Shutting down and abandoning module Sequencer (67)
[2015.06.06-01.31.35:186][135]LogModuleManager: Shutting down and abandoning module AssetTools (66)
[2015.06.06-01.31.35:186][135]LogModuleManager: Shutting down and abandoning module UMGEditor (65)
[2015.06.06-01.31.35:186][135]LogModuleManager: Shutting down and abandoning module UMG (64)
[2015.06.06-01.31.35:186][135]LogModuleManager: Shutting down and abandoning module Slate (63)
[2015.06.06-01.31.35:186][135]LogModuleManager: Shutting down and abandoning module EditorStyle (62)
[2015.06.06-01.31.35:190][135]LogModuleManager: Shutting down and abandoning module SessionServices (61)
[2015.06.06-01.31.35:190][135]LogModuleManager: Shutting down and abandoning module SourceCodeAccess (60)
[2015.06.06-01.31.35:190][135]LogModuleManager: Shutting down and abandoning module HeadMountedDisplay (59)
[2015.06.06-01.31.35:190][135]LogModuleManager: Shutting down and abandoning module XAudio2 (58)
[2015.06.06-01.31.35:190][135]LogModuleManager: Shutting down and abandoning module Networking (56)
[2015.06.06-01.31.35:190][135]LogModuleManager: Shutting down and abandoning module Core (55)
[2015.06.06-01.31.35:190][135]LogModuleManager: Shutting down and abandoning module KismetCompiler (54)
[2015.06.06-01.31.35:190][135]LogModuleManager: Shutting down and abandoning module PhysXFormats (53)
[2015.06.06-01.31.35:190][135]LogModuleManager: Shutting down and abandoning module MeshUtilities (52)
[2015.06.06-01.31.35:190][135]LogModuleManager: Shutting down and abandoning module DerivedDataCache (51)
[2015.06.06-01.31.35:247][135]LogDerivedDataCache: Shutdown
[2015.06.06-01.31.35:247][135]LogModuleManager: Shutting down and abandoning module ShaderFormatOpenGL (50)
[2015.06.06-01.31.35:247][135]LogModuleManager: Shutting down and abandoning module ShaderFormatD3D (49)
[2015.06.06-01.31.35:247][135]LogModuleManager: Shutting down and abandoning module MetalShaderFormat (48)
[2015.06.06-01.31.35:247][135]LogModuleManager: Shutting down and abandoning module TextureFormatUncompressed (47)
[2015.06.06-01.31.35:247][135]LogModuleManager: Shutting down and abandoning module TextureFormatPVR (46)
[2015.06.06-01.31.35:247][135]LogModuleManager: Shutting down and abandoning module TextureFormatIntelISPCTexComp (45)
[2015.06.06-01.31.35:247][135]LogModuleManager: Shutting down and abandoning module TextureFormatDXT (44)
[2015.06.06-01.31.35:247][135]LogModuleManager: Shutting down and abandoning module ImageWrapper (43)
[2015.06.06-01.31.35:247][135]LogModuleManager: Shutting down and abandoning module TextureFormatASTC (42)
[2015.06.06-01.31.35:247][135]LogModuleManager: Shutting down and abandoning module TextureFormatAndroid (41)
[2015.06.06-01.31.35:247][135]LogModuleManager: Shutting down and abandoning module AudioFormatOpus (40)
[2015.06.06-01.31.35:247][135]LogModuleManager: Shutting down and abandoning module AudioFormatOgg (39)
[2015.06.06-01.31.35:247][135]LogModuleManager: Shutting down and abandoning module AudioFormatADPCM (38)
[2015.06.06-01.31.35:247][135]LogModuleManager: Shutting down and abandoning module LinuxTargetPlatform (37)
[2015.06.06-01.31.35:247][135]LogModuleManager: Shutting down and abandoning module LinuxServerTargetPlatform (36)
[2015.06.06-01.31.35:247][135]LogModuleManager: Shutting down and abandoning module LinuxNoEditorTargetPlatform (35)
[2015.06.06-01.31.35:247][135]LogModuleManager: Shutting down and abandoning module Messaging (34)
[2015.06.06-01.31.35:247][135]LogModuleManager: Shutting down and abandoning module IOSTargetPlatform (33)
[2015.06.06-01.31.35:247][135]LogModuleManager: Shutting down and abandoning module HTML5TargetPlatform (32)
[2015.06.06-01.31.35:247][135]LogModuleManager: Shutting down and abandoning module Android_PVRTCTargetPlatform (31)
[2015.06.06-01.31.35:247][135]LogModuleManager: Shutting down and abandoning module Android_ETC2TargetPlatform (30)
[2015.06.06-01.31.35:247][135]LogModuleManager: Shutting down and abandoning module Android_ETC1TargetPlatform (29)
[2015.06.06-01.31.35:247][135]LogModuleManager: Shutting down and abandoning module Android_ES31TargetPlatform (28)
[2015.06.06-01.31.35:247][135]LogModuleManager: Shutting down and abandoning module Android_DXTTargetPlatform (27)
[2015.06.06-01.31.35:247][135]LogModuleManager: Shutting down and abandoning module Android_ATCTargetPlatform (26)
[2015.06.06-01.31.35:247][135]LogModuleManager: Shutting down and abandoning module AndroidTargetPlatform (25)
[2015.06.06-01.31.35:247][135]LogModuleManager: Shutting down and abandoning module WindowsTargetPlatform (24)
[2015.06.06-01.31.35:247][135]LogModuleManager: Shutting down and abandoning module WindowsServerTargetPlatform (23)
[2015.06.06-01.31.35:247][135]LogModuleManager: Shutting down and abandoning module WindowsNoEditorTargetPlatform (22)
[2015.06.06-01.31.35:247][135]LogModuleManager: Shutting down and abandoning module WindowsClientTargetPlatform (21)
[2015.06.06-01.31.35:247][135]LogModuleManager: Shutting down and abandoning module TargetPlatform (20)
[2015.06.06-01.31.35:247][135]LogModuleManager: Shutting down and abandoning module InputCore (19)
[2015.06.06-01.31.35:247][135]LogModuleManager: Shutting down and abandoning module Settings (18)
[2015.06.06-01.31.35:247][135]LogModuleManager: Shutting down and abandoning module OnlineSubsystem (16)
[2015.06.06-01.31.35:247][135]LogModuleManager: Shutting down and abandoning module OculusRift (15)
[2015.06.06-01.31.35:247][135]LogModuleManager: Shutting down and abandoning module ExampleDeviceProfileSelector (14)
[2015.06.06-01.31.35:247][135]LogModuleManager: Shutting down and abandoning module TextureCompressor (13)
[2015.06.06-01.31.35:247][135]LogModuleManager: Shutting down and abandoning module ShaderCore (12)
[2015.06.06-01.31.35:247][135]LogModuleManager: Shutting down and abandoning module Landscape (11)
[2015.06.06-01.31.35:247][135]LogModuleManager: Shutting down and abandoning module SlateRHIRenderer (10)
[2015.06.06-01.31.35:248][135]LogModuleManager: Shutting down and abandoning module OpenGLDrv (9)
[2015.06.06-01.31.35:248][135]LogModuleManager: Shutting down and abandoning module D3D11RHI (8)
[2015.06.06-01.31.35:248][135]LogModuleManager: Shutting down and abandoning module Renderer (7)
[2015.06.06-01.31.35:248][135]LogModuleManager: Shutting down and abandoning module Engine (6)
[2015.06.06-01.31.35:248][135]LogModuleManager: Shutting down and abandoning module CoreUObject (5)
[2015.06.06-01.31.35:248][135]LogModuleManager: Shutting down and abandoning module NetworkFile (4)
[2015.06.06-01.31.35:248][135]LogModuleManager: Shutting down and abandoning module StreamingFile (3)
[2015.06.06-01.31.35:249][135]LogModuleManager: Shutting down and abandoning module SandboxFile (2)
[2015.06.06-01.31.35:249][135]LogModuleManager: Shutting down and abandoning module PakFile (1)
[2015.06.06-01.31.35:249][135]LogExit: Exiting.
[2015.06.06-01.31.35:260][135]Log file closed, 06/06/15 03:31:35
